This node is: sw14

| options
run_dir: /data/ahngeo11/nia/attnet/output/attnet-gt-mini-zone
dataset: basketball_mini
load_checkpoint_path: None
gpu_ids: 0
clevr_mini_img_dir: ../../data/raw/CLEVR_mini/images
clevr_mini_ann_path: ../../data/attr_net/objects/clevr_mini_objs.json
basketball_img_dir: /local_datasets/detectron2/basketball/annotations/images
basketball_ann_path: /data/ahngeo11/nia/attnet/annotations/basketball_mini_obj_zone.json
concat_img: 1
split_id: 960
batch_size: 8
num_workers: 8
learning_rate: 0.00128
world_size: 1
local_rank: 1
dist_url: env://
num_iters: 10000
display_every: 20
| optionscheckpoint_every: 1000

val_every: 50run_dir: /data/ahngeo11/nia/attnet/output/attnet-gt-mini-zone

shuffle_data: 1dataset: basketball_mini

load_checkpoint_path: None
gpu_ids: 0
clevr_mini_img_dir: ../../data/raw/CLEVR_mini/images
clevr_mini_ann_path: ../../data/attr_net/objects/clevr_mini_objs.json
basketball_img_dir: /local_datasets/detectron2/basketball/annotations/images
basketball_ann_path: /data/ahngeo11/nia/attnet/annotations/basketball_mini_obj_zone.json
concat_img: 1
split_id: 960
batch_size: 8
num_workers: 8
learning_rate: 0.00128
world_size: 1
local_rank: 0
dist_url: env://
num_iters: 10000
| optionsdisplay_every: 20

checkpoint_every: 1000run_dir: /data/ahngeo11/nia/attnet/output/attnet-gt-mini-zone

val_every: 50dataset: basketball_mini

shuffle_data: 1load_checkpoint_path: None

gpu_ids: 0
clevr_mini_img_dir: ../../data/raw/CLEVR_mini/images
clevr_mini_ann_path: ../../data/attr_net/objects/clevr_mini_objs.json
basketball_img_dir: /local_datasets/detectron2/basketball/annotations/images
basketball_ann_path: /data/ahngeo11/nia/attnet/annotations/basketball_mini_obj_zone.json
concat_img: 1
split_id: 960
batch_size: 8
num_workers: 8
learning_rate: 0.00128
world_size: 1
local_rank: 3
dist_url: env://
num_iters: 10000
display_every: 20
checkpoint_every: 1000
val_every: 50
shuffle_data: 1
| options
run_dir: /data/ahngeo11/nia/attnet/output/attnet-gt-mini-zone
dataset: basketball_mini
load_checkpoint_path: None
gpu_ids: 0
clevr_mini_img_dir: ../../data/raw/CLEVR_mini/images
clevr_mini_ann_path: ../../data/attr_net/objects/clevr_mini_objs.json
basketball_img_dir: /local_datasets/detectron2/basketball/annotations/images
basketball_ann_path: /data/ahngeo11/nia/attnet/annotations/basketball_mini_obj_zone.json
concat_img: 1
split_id: 960
batch_size: 8
num_workers: 8
learning_rate: 0.00128
world_size: 1
local_rank: 2
dist_url: env://
num_iters: 10000
display_every: 20
checkpoint_every: 1000
val_every: 50
shuffle_data: 1
| distributed init (rank 1): env://, gpu 1
| distributed init (rank 0): env://, gpu 0
| distributed init (rank 2): env://, gpu 2
| distributed init (rank 3): env://, gpu 3
sw14:961468:961468 [0] NCCL INFO Bootstrap : Using [0]enp28s0f1:163.180.160.92<0>
sw14:961468:961468 [0] NCCL INFO NET/Plugin : No plugin found (libnccl-net.so), using internal implementation

sw14:961468:961468 [0] misc/ibvwrap.cc:63 NCCL WARN Failed to open libibverbs.so[.1]
sw14:961468:961468 [0] NCCL INFO NET/Socket : Using [0]enp28s0f1:163.180.160.92<0>
sw14:961468:961468 [0] NCCL INFO Using network Socket
NCCL version 2.7.8+cuda11.1
sw14:961470:961470 [2] NCCL INFO Bootstrap : Using [0]enp28s0f1:163.180.160.92<0>
sw14:961469:961469 [1] NCCL INFO Bootstrap : Using [0]enp28s0f1:163.180.160.92<0>
sw14:961470:961470 [2] NCCL INFO NET/Plugin : No plugin found (libnccl-net.so), using internal implementation
sw14:961469:961469 [1] NCCL INFO NET/Plugin : No plugin found (libnccl-net.so), using internal implementation

sw14:961470:961470 [2] misc/ibvwrap.cc:63 NCCL WARN Failed to open libibverbs.so[.1]

sw14:961469:961469 [1] misc/ibvwrap.cc:63 NCCL WARN Failed to open libibverbs.so[.1]
sw14:961470:961470 [2] NCCL INFO NET/Socket : Using [0]enp28s0f1:163.180.160.92<0>
sw14:961470:961470 [2] NCCL INFO Using network Socket
sw14:961469:961469 [1] NCCL INFO NET/Socket : Using [0]enp28s0f1:163.180.160.92<0>
sw14:961469:961469 [1] NCCL INFO Using network Socket
sw14:961471:961471 [3] NCCL INFO Bootstrap : Using [0]enp28s0f1:163.180.160.92<0>
sw14:961471:961471 [3] NCCL INFO NET/Plugin : No plugin found (libnccl-net.so), using internal implementation

sw14:961471:961471 [3] misc/ibvwrap.cc:63 NCCL WARN Failed to open libibverbs.so[.1]
sw14:961471:961471 [3] NCCL INFO NET/Socket : Using [0]enp28s0f1:163.180.160.92<0>
sw14:961471:961471 [3] NCCL INFO Using network Socket
sw14:961469:961504 [1] NCCL INFO threadThresholds 8/8/64 | 64/8/64 | 8/8/64
sw14:961470:961503 [2] NCCL INFO threadThresholds 8/8/64 | 64/8/64 | 8/8/64
sw14:961471:961506 [3] NCCL INFO threadThresholds 8/8/64 | 64/8/64 | 8/8/64
sw14:961469:961504 [1] NCCL INFO Trees [0] 2/-1/-1->1->0|0->1->2/-1/-1 [1] 2/-1/-1->1->0|0->1->2/-1/-1
sw14:961468:961502 [0] NCCL INFO Channel 00/02 :    0   1   2   3   4   5   6   7
sw14:961470:961503 [2] NCCL INFO Trees [0] 3/-1/-1->2->1|1->2->3/-1/-1 [1] 3/-1/-1->2->1|1->2->3/-1/-1
sw14:961471:961506 [3] NCCL INFO Trees [0] -1/-1/-1->3->2|2->3->-1/-1/-1 [1] -1/-1/-1->3->2|2->3->-1/-1/-1
sw14:961469:961504 [1] NCCL INFO Setting affinity for GPU 1 to ffff,0000ffff
sw14:961468:961502 [0] NCCL INFO Channel 01/02 :    0   1   2   3   4   5   6   7
sw14:961470:961503 [2] NCCL INFO Setting affinity for GPU 2 to ffff,0000ffff
sw14:961471:961506 [3] NCCL INFO Setting affinity for GPU 3 to ffff,0000ffff
sw14:961468:961502 [0] NCCL INFO threadThresholds 8/8/64 | 64/8/64 | 8/8/64
sw14:961468:961502 [0] NCCL INFO Trees [0] 1/4/-1->0->-1|-1->0->1/4/-1 [1] 1/-1/-1->0->5|5->0->1/-1/-1
sw14:961468:961502 [0] NCCL INFO Setting affinity for GPU 0 to ffff,0000ffff
sw14:961469:961504 [1] NCCL INFO Could not enable P2P between dev 1(=1f000) and dev 0(=1d000)
sw14:961471:961506 [3] NCCL INFO Could not enable P2P between dev 3(=21000) and dev 2(=20000)
sw14:961470:961503 [2] NCCL INFO Could not enable P2P between dev 2(=20000) and dev 1(=1f000)
sw14:961468:961502 [0] NCCL INFO Channel 00 : 7[20000] -> 0[1d000] [receive] via NET/Socket/0
sw14:961468:961502 [0] NCCL INFO Could not enable P2P between dev 0(=1d000) and dev 1(=1f000)
sw14:961468:961502 [0] NCCL INFO Channel 00 : 0[1d000] -> 1[1f000] via direct shared memory
sw14:961469:961504 [1] NCCL INFO Could not enable P2P between dev 1(=1f000) and dev 2(=20000)
sw14:961470:961503 [2] NCCL INFO Could not enable P2P between dev 2(=20000) and dev 3(=21000)
sw14:961470:961503 [2] NCCL INFO Channel 00 : 2[20000] -> 3[21000] via direct shared memory
sw14:961469:961504 [1] NCCL INFO Channel 00 : 1[1f000] -> 2[20000] via direct shared memory
sw14:961468:961502 [0] NCCL INFO Could not enable P2P between dev 0(=1d000) and dev 1(=1f000)
sw14:961470:961503 [2] NCCL INFO Could not enable P2P between dev 2(=20000) and dev 3(=21000)
sw14:961469:961504 [1] NCCL INFO Could not enable P2P between dev 1(=1f000) and dev 2(=20000)
sw14:961471:961506 [3] NCCL INFO Channel 00 : 3[21000] -> 4[1d000] [send] via NET/Socket/0
sw14:961471:961506 [3] NCCL INFO Could not enable P2P between dev 3(=21000) and dev 2(=20000)
sw14:961471:961506 [3] NCCL INFO Channel 00 : 3[21000] -> 2[20000] via direct shared memory
sw14:961469:961504 [1] NCCL INFO Could not enable P2P between dev 1(=1f000) and dev 0(=1d000)
sw14:961470:961503 [2] NCCL INFO Could not enable P2P between dev 2(=20000) and dev 1(=1f000)
sw14:961469:961504 [1] NCCL INFO Channel 00 : 1[1f000] -> 0[1d000] via direct shared memory
sw14:961470:961503 [2] NCCL INFO Channel 00 : 2[20000] -> 1[1f000] via direct shared memory
sw14:961471:961506 [3] NCCL INFO Could not enable P2P between dev 3(=21000) and dev 2(=20000)
sw14:961470:961503 [2] NCCL INFO Could not enable P2P between dev 2(=20000) and dev 1(=1f000)
sw14:961469:961504 [1] NCCL INFO Could not enable P2P between dev 1(=1f000) and dev 0(=1d000)
sw14:961468:961502 [0] NCCL INFO Channel 00 : 4[1d000] -> 0[1d000] [receive] via NET/Socket/0
sw14:961470:961503 [2] NCCL INFO Could not enable P2P between dev 2(=20000) and dev 3(=21000)
sw14:961469:961504 [1] NCCL INFO Could not enable P2P between dev 1(=1f000) and dev 2(=20000)
sw14:961470:961503 [2] NCCL INFO Channel 01 : 2[20000] -> 3[21000] via direct shared memory
sw14:961469:961504 [1] NCCL INFO Channel 01 : 1[1f000] -> 2[20000] via direct shared memory
sw14:961470:961503 [2] NCCL INFO Could not enable P2P between dev 2(=20000) and dev 3(=21000)
sw14:961468:961502 [0] NCCL INFO Channel 00 : 0[1d000] -> 4[1d000] [send] via NET/Socket/0
sw14:961471:961506 [3] NCCL INFO Channel 01 : 3[21000] -> 4[1d000] [send] via NET/Socket/0
sw14:961470:961503 [2] NCCL INFO Could not enable P2P between dev 2(=20000) and dev 1(=1f000)
sw14:961470:961503 [2] NCCL INFO Channel 01 : 2[20000] -> 1[1f000] via direct shared memory
sw14:961468:961502 [0] NCCL INFO Channel 01 : 7[20000] -> 0[1d000] [receive] via NET/Socket/0
sw14:961471:961506 [3] NCCL INFO Could not enable P2P between dev 3(=21000) and dev 2(=20000)
sw14:961471:961506 [3] NCCL INFO Channel 01 : 3[21000] -> 2[20000] via direct shared memory
sw14:961471:961506 [3] NCCL INFO 2 coll channels, 2 p2p channels, 1 p2p channels per peer
sw14:961471:961506 [3] NCCL INFO comm 0x7fe2b4002e40 rank 3 nranks 8 cudaDev 3 busId 21000 - Init COMPLETE
sw14:961468:961502 [0] NCCL INFO Could not enable P2P between dev 0(=1d000) and dev 1(=1f000)
sw14:961468:961502 [0] NCCL INFO Channel 01 : 0[1d000] -> 1[1f000] via direct shared memory
sw14:961469:961504 [1] NCCL INFO Could not enable P2P between dev 1(=1f000) and dev 2(=20000)
sw14:961468:961502 [0] NCCL INFO Could not enable P2P between dev 0(=1d000) and dev 1(=1f000)
sw14:961469:961504 [1] NCCL INFO Could not enable P2P between dev 1(=1f000) and dev 0(=1d000)
sw14:961469:961504 [1] NCCL INFO Channel 01 : 1[1f000] -> 0[1d000] via direct shared memory
sw14:961470:961503 [2] NCCL INFO 2 coll channels, 2 p2p channels, 1 p2p channels per peer
sw14:961469:961504 [1] NCCL INFO 2 coll channels, 2 p2p channels, 1 p2p channels per peer
sw14:961470:961503 [2] NCCL INFO comm 0x7fab20002e40 rank 2 nranks 8 cudaDev 2 busId 20000 - Init COMPLETE
sw14:961469:961504 [1] NCCL INFO comm 0x7f4748002e40 rank 1 nranks 8 cudaDev 1 busId 1f000 - Init COMPLETE
sw14:961468:961502 [0] NCCL INFO Channel 01 : 0[1d000] -> 5[1e000] [send] via NET/Socket/0
sw14:961468:961502 [0] NCCL INFO Channel 01 : 5[1e000] -> 0[1d000] [receive] via NET/Socket/0
sw14:961468:961502 [0] NCCL INFO 2 coll channels, 2 p2p channels, 1 p2p channels per peer
sw14:961468:961502 [0] NCCL INFO comm 0x7f9710002e40 rank 0 nranks 8 cudaDev 0 busId 1d000 - Init COMPLETE
sw14:961468:961468 [0] NCCL INFO Launch mode Parallel
total_batch_size is 64
Opt 

 Namespace(basketball_ann_path='/data/ahngeo11/nia/attnet/annotations/basketball_mini_obj_zone.json', basketball_img_dir='/local_datasets/detectron2/basketball/annotations/images', batch_size=8, checkpoint_every=1000, clevr_mini_ann_path='../../data/attr_net/objects/clevr_mini_objs.json', clevr_mini_img_dir='../../data/raw/CLEVR_mini/images', concat_img=1, dataset='basketball_mini', display_every=20, dist_backend='nccl', dist_url='env://', distributed=True, gpu=0, gpu_ids='0', learning_rate=0.00128, load_checkpoint_path=None, local_rank=0, num_iters=10000, num_workers=8, rank=0, run_dir='/data/ahngeo11/nia/attnet/output/attnet-gt-mini-zone', shuffle_data=1, split_id=960, val_every=50, world_size=8)
| creating new model
| start training, running in directory /data/ahngeo11/nia/attnet/output/attnet-gt-mini-zone
| iteration 20 / 10000, epoch 2, loss 0.195275
| iteration 40 / 10000, epoch 3, loss 0.402199
| checking validation loss
4 8
3 5
| validation acc about 선수진영 is 0.538462
| validation loss 0.374685
| best model
| iteration 60 / 10000, epoch 5, loss 0.235944
| iteration 80 / 10000, epoch 6, loss 0.237690
| iteration 100 / 10000, epoch 8, loss 0.182020
| checking validation loss
3 8
2 5
| validation acc about 선수진영 is 0.384615
| validation loss 0.263997
| best model
| iteration 120 / 10000, epoch 9, loss 0.373944
| iteration 140 / 10000, epoch 10, loss 0.285487
| checking validation loss
1 8
3 5
| validation acc about 선수진영 is 0.307692
| validation loss 0.267200
| iteration 160 / 10000, epoch 12, loss 0.265070
| iteration 180 / 10000, epoch 13, loss 0.290758
| iteration 200 / 10000, epoch 15, loss 0.202677
| checking validation loss
2 8
2 5
| validation acc about 선수진영 is 0.307692
| validation loss 0.285461
| iteration 220 / 10000, epoch 16, loss 0.217289
| iteration 240 / 10000, epoch 18, loss 0.268198
| checking validation loss
4 8
3 5
| validation acc about 선수진영 is 0.538462
| validation loss 0.261041
| best model
| iteration 260 / 10000, epoch 19, loss 0.408175
| iteration 280 / 10000, epoch 20, loss 0.237636
| iteration 300 / 10000, epoch 22, loss 0.189461
| checking validation loss
4 8
2 5
| validation acc about 선수진영 is 0.461538
| validation loss 0.375676
| iteration 320 / 10000, epoch 23, loss 0.239546
| iteration 340 / 10000, epoch 25, loss 0.212821
| checking validation loss
4 8
2 5
| validation acc about 선수진영 is 0.461538
| validation loss 0.307699
| iteration 360 / 10000, epoch 26, loss 0.240465
| iteration 380 / 10000, epoch 28, loss 0.189450
| iteration 400 / 10000, epoch 29, loss 0.325864
| checking validation loss
4 8
3 5
| validation acc about 선수진영 is 0.538462
| validation loss 7.469580
| iteration 420 / 10000, epoch 30, loss 0.234456
| iteration 440 / 10000, epoch 32, loss 0.158970
| checking validation loss
3 8
3 5
| validation acc about 선수진영 is 0.461538
| validation loss 0.249461
| best model
| iteration 460 / 10000, epoch 33, loss 0.223355
| iteration 480 / 10000, epoch 35, loss 0.186030
| iteration 500 / 10000, epoch 36, loss 0.176218
| checking validation loss
3 8
3 5
| validation acc about 선수진영 is 0.461538
| validation loss 0.379131
| iteration 520 / 10000, epoch 38, loss 0.180184
| iteration 540 / 10000, epoch 39, loss 0.287451
| checking validation loss
4 8
3 5
| validation acc about 선수진영 is 0.538462
| validation loss 0.865367
| iteration 560 / 10000, epoch 40, loss 0.284447
| iteration 580 / 10000, epoch 42, loss 0.273127
| iteration 600 / 10000, epoch 43, loss 0.220075
| checking validation loss
4 8
2 5
| validation acc about 선수진영 is 0.461538
| validation loss 0.549818
| iteration 620 / 10000, epoch 45, loss 0.223839
| iteration 640 / 10000, epoch 46, loss 0.148579
| checking validation loss
4 8
2 5
| validation acc about 선수진영 is 0.461538
| validation loss 4571.190918
| iteration 660 / 10000, epoch 48, loss 0.227620
| iteration 680 / 10000, epoch 49, loss 0.329317
| iteration 700 / 10000, epoch 50, loss 0.253683
| checking validation loss
4 8
2 5
| validation acc about 선수진영 is 0.461538
| validation loss 0.403619
| iteration 720 / 10000, epoch 52, loss 0.162714
| iteration 740 / 10000, epoch 53, loss 0.225529
| checking validation loss
4 8
3 5
| validation acc about 선수진영 is 0.538462
| validation loss 0.284332
| iteration 760 / 10000, epoch 55, loss 0.227030
| iteration 780 / 10000, epoch 56, loss 0.205332
| iteration 800 / 10000, epoch 58, loss 0.198262
| checking validation loss
2 8
3 5
| validation acc about 선수진영 is 0.384615
| validation loss 0.526848
| iteration 820 / 10000, epoch 59, loss 0.293387
| iteration 840 / 10000, epoch 60, loss 0.245676
| checking validation loss
4 8
3 5
| validation acc about 선수진영 is 0.538462
| validation loss 2.313481
| iteration 860 / 10000, epoch 62, loss 0.193603
| iteration 880 / 10000, epoch 63, loss 0.161994
| iteration 900 / 10000, epoch 65, loss 0.210256
| checking validation loss
4 8
3 5
| validation acc about 선수진영 is 0.538462
| validation loss 47.848793
| iteration 920 / 10000, epoch 66, loss 0.225269
| iteration 940 / 10000, epoch 68, loss 0.125983
| checking validation loss
4 8
3 5
| validation acc about 선수진영 is 0.538462
| validation loss 276.290100
| iteration 960 / 10000, epoch 69, loss 0.237403
| iteration 980 / 10000, epoch 70, loss 0.200518
| iteration 1000 / 10000, epoch 72, loss 0.143910
| checking validation loss
4 8
3 5
| validation acc about 선수진영 is 0.538462
| validation loss 8.684150
| saving checkpoint
| iteration 1020 / 10000, epoch 73, loss 0.110777
| iteration 1040 / 10000, epoch 75, loss 0.125669
| checking validation loss
4 8
3 5
| validation acc about 선수진영 is 0.538462
| validation loss 70.863548
| iteration 1060 / 10000, epoch 76, loss 0.235749
| iteration 1080 / 10000, epoch 78, loss 0.085663
| iteration 1100 / 10000, epoch 79, loss 0.175313
| checking validation loss
5 8
3 5
| validation acc about 선수진영 is 0.615385
| validation loss 0.199831
| best model
| iteration 1120 / 10000, epoch 80, loss 0.124863
| iteration 1140 / 10000, epoch 82, loss 0.090216
| checking validation loss
6 8
5 5
| validation acc about 선수진영 is 0.846154
| validation loss 0.269511
| iteration 1160 / 10000, epoch 83, loss 0.044904
| iteration 1180 / 10000, epoch 85, loss 0.028445
| iteration 1200 / 10000, epoch 86, loss 0.049576
| checking validation loss
7 8
5 5
| validation acc about 선수진영 is 0.923077
| validation loss 0.095594
| best model
| iteration 1220 / 10000, epoch 88, loss 0.012210
| iteration 1240 / 10000, epoch 89, loss 0.134084
| checking validation loss
4 8
5 5
| validation acc about 선수진영 is 0.692308
| validation loss 0.222223
| iteration 1260 / 10000, epoch 90, loss 0.032195
| iteration 1280 / 10000, epoch 92, loss 0.056382
| iteration 1300 / 10000, epoch 93, loss 0.051333
| checking validation loss
7 8
3 5
| validation acc about 선수진영 is 0.769231
| validation loss 0.296751
| iteration 1320 / 10000, epoch 95, loss 0.025326
| iteration 1340 / 10000, epoch 96, loss 0.030613
| checking validation loss
4 8
5 5
| validation acc about 선수진영 is 0.692308
| validation loss 0.139927
| iteration 1360 / 10000, epoch 98, loss 0.005892
| iteration 1380 / 10000, epoch 99, loss 0.087688
| iteration 1400 / 10000, epoch 100, loss 0.031676
| checking validation loss
7 8
4 5
| validation acc about 선수진영 is 0.846154
| validation loss 0.119875
| iteration 1420 / 10000, epoch 102, loss 0.028774
| iteration 1440 / 10000, epoch 103, loss 0.026039
| checking validation loss
6 8
3 5
| validation acc about 선수진영 is 0.692308
| validation loss 0.268514
| iteration 1460 / 10000, epoch 105, loss 0.008187
| iteration 1480 / 10000, epoch 106, loss 0.028603
| iteration 1500 / 10000, epoch 108, loss 0.007499
| checking validation loss
7 8
3 5
| validation acc about 선수진영 is 0.769231
| validation loss 0.190205
| iteration 1520 / 10000, epoch 109, loss 0.009235
| iteration 1540 / 10000, epoch 110, loss 0.037491
| checking validation loss
3 8
4 5
| validation acc about 선수진영 is 0.538462
| validation loss 0.371054
| iteration 1560 / 10000, epoch 112, loss 0.017837
| iteration 1580 / 10000, epoch 113, loss 0.022631
| iteration 1600 / 10000, epoch 115, loss 0.015584
| checking validation loss
5 8
5 5
| validation acc about 선수진영 is 0.769231
| validation loss 0.127362
| iteration 1620 / 10000, epoch 116, loss 0.003928
| iteration 1640 / 10000, epoch 118, loss 0.009342
| checking validation loss
7 8
2 5
| validation acc about 선수진영 is 0.692308
| validation loss 0.294840
| iteration 1660 / 10000, epoch 119, loss 0.047232
| iteration 1680 / 10000, epoch 120, loss 0.013362
| iteration 1700 / 10000, epoch 122, loss 0.004829
| checking validation loss
7 8
5 5
| validation acc about 선수진영 is 0.923077
| validation loss 0.074206
| best model
| iteration 1720 / 10000, epoch 123, loss 0.011056
| iteration 1740 / 10000, epoch 125, loss 0.008543
| checking validation loss
8 8
4 5
| validation acc about 선수진영 is 0.923077
| validation loss 0.104553
| iteration 1760 / 10000, epoch 126, loss 0.007502
| iteration 1780 / 10000, epoch 128, loss 0.001956
| iteration 1800 / 10000, epoch 129, loss 0.005483
| checking validation loss
8 8
2 5
| validation acc about 선수진영 is 0.769231
| validation loss 0.102675
| iteration 1820 / 10000, epoch 130, loss 0.011583
| iteration 1840 / 10000, epoch 132, loss 0.007753
| checking validation loss
6 8
5 5
| validation acc about 선수진영 is 0.846154
| validation loss 0.103701
| iteration 1860 / 10000, epoch 133, loss 0.000697
| iteration 1880 / 10000, epoch 135, loss 0.005877
| iteration 1900 / 10000, epoch 136, loss 0.001037
| checking validation loss
7 8
5 5
| validation acc about 선수진영 is 0.923077
| validation loss 0.063586
| best model
| iteration 1920 / 10000, epoch 138, loss 0.001772
| iteration 1940 / 10000, epoch 139, loss 0.009193
| checking validation loss
6 8
4 5
| validation acc about 선수진영 is 0.769231
| validation loss 0.112248
| iteration 1960 / 10000, epoch 140, loss 0.012589
| iteration 1980 / 10000, epoch 142, loss 0.001034
| iteration 2000 / 10000, epoch 143, loss 0.007098
| checking validation loss
5 8
5 5
| validation acc about 선수진영 is 0.769231
| validation loss 0.137590
| saving checkpoint
| iteration 2020 / 10000, epoch 145, loss 0.002816
| iteration 2040 / 10000, epoch 146, loss 0.001920
| checking validation loss
6 8
3 5
| validation acc about 선수진영 is 0.692308
| validation loss 0.137703
| iteration 2060 / 10000, epoch 148, loss 0.006387
| iteration 2080 / 10000, epoch 149, loss 0.004897
| iteration 2100 / 10000, epoch 150, loss 0.005035
| checking validation loss
7 8
5 5
| validation acc about 선수진영 is 0.923077
| validation loss 0.120042
| iteration 2120 / 10000, epoch 152, loss 0.009960
| iteration 2140 / 10000, epoch 153, loss 0.041301
| checking validation loss
4 8
3 5
| validation acc about 선수진영 is 0.538462
| validation loss 0.715055
| iteration 2160 / 10000, epoch 155, loss 0.041481
| iteration 2180 / 10000, epoch 156, loss 0.012994
| iteration 2200 / 10000, epoch 158, loss 0.013102
| checking validation loss
5 8
5 5
| validation acc about 선수진영 is 0.769231
| validation loss 0.132974
| iteration 2220 / 10000, epoch 159, loss 0.017397
| iteration 2240 / 10000, epoch 160, loss 0.052767
| checking validation loss
4 8
5 5
| validation acc about 선수진영 is 0.692308
| validation loss 0.164406
| iteration 2260 / 10000, epoch 162, loss 0.066459
| iteration 2280 / 10000, epoch 163, loss 0.035101
| iteration 2300 / 10000, epoch 165, loss 0.034128
| checking validation loss
4 8
2 5
| validation acc about 선수진영 is 0.461538
| validation loss 0.287326
| iteration 2320 / 10000, epoch 166, loss 0.022973
| iteration 2340 / 10000, epoch 168, loss 0.003852
| checking validation loss
6 8
5 5
| validation acc about 선수진영 is 0.846154
| validation loss 0.125462
| iteration 2360 / 10000, epoch 169, loss 0.032563
| iteration 2380 / 10000, epoch 170, loss 0.005661
| iteration 2400 / 10000, epoch 172, loss 0.003225
| checking validation loss
6 8
5 5
| validation acc about 선수진영 is 0.846154
| validation loss 0.076509
| iteration 2420 / 10000, epoch 173, loss 0.001229
| iteration 2440 / 10000, epoch 175, loss 0.000777
| checking validation loss
6 8
5 5
| validation acc about 선수진영 is 0.846154
| validation loss 0.072262
| iteration 2460 / 10000, epoch 176, loss 0.000869
| iteration 2480 / 10000, epoch 178, loss 0.000942
| iteration 2500 / 10000, epoch 179, loss 0.001916
| checking validation loss
7 8
5 5
| validation acc about 선수진영 is 0.923077
| validation loss 0.061014
| best model
| iteration 2520 / 10000, epoch 180, loss 0.000912
| iteration 2540 / 10000, epoch 182, loss 0.000313
| checking validation loss
7 8
5 5
| validation acc about 선수진영 is 0.923077
| validation loss 0.060353
| best model
| iteration 2560 / 10000, epoch 183, loss 0.000453
| iteration 2580 / 10000, epoch 185, loss 0.000212
| iteration 2600 / 10000, epoch 186, loss 0.000379
| checking validation loss
7 8
5 5
| validation acc about 선수진영 is 0.923077
| validation loss 0.060540
| iteration 2620 / 10000, epoch 188, loss 0.000983
| iteration 2640 / 10000, epoch 189, loss 0.000625
| checking validation loss
7 8
5 5
| validation acc about 선수진영 is 0.923077
| validation loss 0.054345
| best model
| iteration 2660 / 10000, epoch 190, loss 0.000355
| iteration 2680 / 10000, epoch 192, loss 0.001088
| iteration 2700 / 10000, epoch 193, loss 0.000581
| checking validation loss
6 8
5 5
| validation acc about 선수진영 is 0.846154
| validation loss 0.071282
| iteration 2720 / 10000, epoch 195, loss 0.002399
| iteration 2740 / 10000, epoch 196, loss 0.000497
| checking validation loss
6 8
5 5
| validation acc about 선수진영 is 0.846154
| validation loss 0.078736
| iteration 2760 / 10000, epoch 198, loss 0.005155
| iteration 2780 / 10000, epoch 199, loss 0.005964
| iteration 2800 / 10000, epoch 200, loss 0.001429
| checking validation loss
7 8
5 5
| validation acc about 선수진영 is 0.923077
| validation loss 0.058003
| iteration 2820 / 10000, epoch 202, loss 0.002882
| iteration 2840 / 10000, epoch 203, loss 0.001016
| checking validation loss
6 8
5 5
| validation acc about 선수진영 is 0.846154
| validation loss 0.079764
| iteration 2860 / 10000, epoch 205, loss 0.002961
| iteration 2880 / 10000, epoch 206, loss 0.000583
| iteration 2900 / 10000, epoch 208, loss 0.005789
| checking validation loss
6 8
5 5
| validation acc about 선수진영 is 0.846154
| validation loss 0.076810
| iteration 2920 / 10000, epoch 209, loss 0.003635
| iteration 2940 / 10000, epoch 210, loss 0.002631
| checking validation loss
7 8
5 5
| validation acc about 선수진영 is 0.923077
| validation loss 0.050034
| best model
| iteration 2960 / 10000, epoch 212, loss 0.001289
| iteration 2980 / 10000, epoch 213, loss 0.008160
| iteration 3000 / 10000, epoch 215, loss 0.002137
| checking validation loss
6 8
5 5
| validation acc about 선수진영 is 0.846154
| validation loss 0.134436
| saving checkpoint
| iteration 3020 / 10000, epoch 216, loss 0.002845
| iteration 3040 / 10000, epoch 218, loss 0.008078
| checking validation loss
6 8
5 5
| validation acc about 선수진영 is 0.846154
| validation loss 0.096642
| iteration 3060 / 10000, epoch 219, loss 0.000297
| iteration 3080 / 10000, epoch 220, loss 0.004496
| iteration 3100 / 10000, epoch 222, loss 0.007813
| checking validation loss
6 8
5 5
| validation acc about 선수진영 is 0.846154
| validation loss 0.143506
| iteration 3120 / 10000, epoch 223, loss 0.010232
| iteration 3140 / 10000, epoch 225, loss 0.011358
| checking validation loss
4 8
5 5
| validation acc about 선수진영 is 0.692308
| validation loss 0.227535
| iteration 3160 / 10000, epoch 226, loss 0.002335
| iteration 3180 / 10000, epoch 228, loss 0.003799
| iteration 3200 / 10000, epoch 229, loss 0.005112
| checking validation loss
6 8
5 5
| validation acc about 선수진영 is 0.846154
| validation loss 0.063149
| iteration 3220 / 10000, epoch 230, loss 0.000943
| iteration 3240 / 10000, epoch 232, loss 0.001176
| checking validation loss
6 8
5 5
| validation acc about 선수진영 is 0.846154
| validation loss 0.092868
| iteration 3260 / 10000, epoch 233, loss 0.009109
| iteration 3280 / 10000, epoch 235, loss 0.000992
| iteration 3300 / 10000, epoch 236, loss 0.000926
| checking validation loss
6 8
5 5
| validation acc about 선수진영 is 0.846154
| validation loss 0.085340
| iteration 3320 / 10000, epoch 238, loss 0.004439
| iteration 3340 / 10000, epoch 239, loss 0.001570
| checking validation loss
6 8
5 5
| validation acc about 선수진영 is 0.846154
| validation loss 0.128960
| iteration 3360 / 10000, epoch 240, loss 0.005416
| iteration 3380 / 10000, epoch 242, loss 0.002462
| iteration 3400 / 10000, epoch 243, loss 0.004787
| checking validation loss
6 8
5 5
| validation acc about 선수진영 is 0.846154
| validation loss 0.099929
| iteration 3420 / 10000, epoch 245, loss 0.005051
| iteration 3440 / 10000, epoch 246, loss 0.002326
| checking validation loss
6 8
5 5
| validation acc about 선수진영 is 0.846154
| validation loss 0.124883
| iteration 3460 / 10000, epoch 248, loss 0.018880
| iteration 3480 / 10000, epoch 249, loss 0.003452
| iteration 3500 / 10000, epoch 250, loss 0.018296
| checking validation loss
5 8
5 5
| validation acc about 선수진영 is 0.769231
| validation loss 0.162425
| iteration 3520 / 10000, epoch 252, loss 0.017370
| iteration 3540 / 10000, epoch 253, loss 0.057825
| checking validation loss
3 8
5 5
| validation acc about 선수진영 is 0.615385
| validation loss 0.142317
| iteration 3560 / 10000, epoch 255, loss 0.019790
| iteration 3580 / 10000, epoch 256, loss 0.015008
| iteration 3600 / 10000, epoch 258, loss 0.005922
| checking validation loss
8 8
3 5
| validation acc about 선수진영 is 0.846154
| validation loss 0.196425
| iteration 3620 / 10000, epoch 259, loss 0.011654
| iteration 3640 / 10000, epoch 260, loss 0.000920
| checking validation loss
6 8
5 5
| validation acc about 선수진영 is 0.846154
| validation loss 0.087088
| iteration 3660 / 10000, epoch 262, loss 0.002724
| iteration 3680 / 10000, epoch 263, loss 0.003897
| iteration 3700 / 10000, epoch 265, loss 0.002278
| checking validation loss
6 8
5 5
| validation acc about 선수진영 is 0.846154
| validation loss 0.077562
| iteration 3720 / 10000, epoch 266, loss 0.000584
| iteration 3740 / 10000, epoch 268, loss 0.007428
| checking validation loss
7 8
5 5
| validation acc about 선수진영 is 0.923077
| validation loss 0.073352
| iteration 3760 / 10000, epoch 269, loss 0.000490
| iteration 3780 / 10000, epoch 270, loss 0.001744
| iteration 3800 / 10000, epoch 272, loss 0.001948
| checking validation loss
6 8
5 5
| validation acc about 선수진영 is 0.846154
| validation loss 0.115662
| iteration 3820 / 10000, epoch 273, loss 0.000301
| iteration 3840 / 10000, epoch 275, loss 0.001460
| checking validation loss
6 8
5 5
| validation acc about 선수진영 is 0.846154
| validation loss 0.113671
| iteration 3860 / 10000, epoch 276, loss 0.001155
| iteration 3880 / 10000, epoch 278, loss 0.001936
| iteration 3900 / 10000, epoch 279, loss 0.000811
| checking validation loss
6 8
5 5
| validation acc about 선수진영 is 0.846154
| validation loss 0.117817
| iteration 3920 / 10000, epoch 280, loss 0.000509
| iteration 3940 / 10000, epoch 282, loss 0.003622
| checking validation loss
6 8
5 5
| validation acc about 선수진영 is 0.846154
| validation loss 0.102641
| iteration 3960 / 10000, epoch 283, loss 0.001197
| iteration 3980 / 10000, epoch 285, loss 0.001417
| iteration 4000 / 10000, epoch 286, loss 0.003196
| checking validation loss
6 8
5 5
| validation acc about 선수진영 is 0.846154
| validation loss 0.121782
| saving checkpoint
| iteration 4020 / 10000, epoch 288, loss 0.001424
| iteration 4040 / 10000, epoch 289, loss 0.000934
| checking validation loss
6 8
5 5
| validation acc about 선수진영 is 0.846154
| validation loss 0.100084
| iteration 4060 / 10000, epoch 290, loss 0.002807
| iteration 4080 / 10000, epoch 292, loss 0.000748
| iteration 4100 / 10000, epoch 293, loss 0.005554
| checking validation loss
5 8
5 5
| validation acc about 선수진영 is 0.769231
| validation loss 0.146767
| iteration 4120 / 10000, epoch 295, loss 0.000502
| iteration 4140 / 10000, epoch 296, loss 0.002994
| checking validation loss
6 8
5 5
| validation acc about 선수진영 is 0.846154
| validation loss 0.117878
| iteration 4160 / 10000, epoch 298, loss 0.004703
| iteration 4180 / 10000, epoch 299, loss 0.000392
| iteration 4200 / 10000, epoch 300, loss 0.003169
| checking validation loss
6 8
5 5
| validation acc about 선수진영 is 0.846154
| validation loss 0.116119
| iteration 4220 / 10000, epoch 302, loss 0.000804
| iteration 4240 / 10000, epoch 303, loss 0.006146
| checking validation loss
4 8
5 5
| validation acc about 선수진영 is 0.692308
| validation loss 0.264265
| iteration 4260 / 10000, epoch 305, loss 0.004333
| iteration 4280 / 10000, epoch 306, loss 0.012376
| iteration 4300 / 10000, epoch 308, loss 0.015991
| checking validation loss
6 8
3 5
| validation acc about 선수진영 is 0.692308
| validation loss 0.405228
| iteration 4320 / 10000, epoch 309, loss 0.183311
| iteration 4340 / 10000, epoch 310, loss 0.359117
| checking validation loss
4 8
2 5
| validation acc about 선수진영 is 0.461538
| validation loss 0.539524
| iteration 4360 / 10000, epoch 312, loss 0.529409
| iteration 4380 / 10000, epoch 313, loss 0.271878
| iteration 4400 / 10000, epoch 315, loss 0.397814
| checking validation loss
4 8
3 5
| validation acc about 선수진영 is 0.538462
| validation loss 0.252336
| iteration 4420 / 10000, epoch 316, loss 0.309214
| iteration 4440 / 10000, epoch 318, loss 0.312890
| checking validation loss
2 8
2 5
| validation acc about 선수진영 is 0.307692
| validation loss 0.337649
| iteration 4460 / 10000, epoch 319, loss 0.276468
| iteration 4480 / 10000, epoch 320, loss 0.186937
| iteration 4500 / 10000, epoch 322, loss 0.220648
| checking validation loss
4 8
2 5
| validation acc about 선수진영 is 0.461538
| validation loss 1349.148682
| iteration 4520 / 10000, epoch 323, loss 0.250498
| iteration 4540 / 10000, epoch 325, loss 0.128977
| checking validation loss
4 8
2 5
| validation acc about 선수진영 is 0.461538
| validation loss 332.236908
| iteration 4560 / 10000, epoch 326, loss 0.133439
| iteration 4580 / 10000, epoch 328, loss 0.152003
| iteration 4600 / 10000, epoch 329, loss 0.197560
| checking validation loss
4 8
2 5
| validation acc about 선수진영 is 0.461538
| validation loss 93.948860
| iteration 4620 / 10000, epoch 330, loss 0.075007
| iteration 4640 / 10000, epoch 332, loss 0.165379
| checking validation loss
5 8
2 5
| validation acc about 선수진영 is 0.538462
| validation loss 0.262817
| iteration 4660 / 10000, epoch 333, loss 0.101827
| iteration 4680 / 10000, epoch 335, loss 0.013469
| iteration 4700 / 10000, epoch 336, loss 0.061063
| checking validation loss
4 8
2 5
| validation acc about 선수진영 is 0.461538
| validation loss 52.419800
| iteration 4720 / 10000, epoch 338, loss 0.047340
| iteration 4740 / 10000, epoch 339, loss 0.128356
| checking validation loss
2 8
2 5
| validation acc about 선수진영 is 0.307692
| validation loss 3.129415
| iteration 4760 / 10000, epoch 340, loss 0.090041
| iteration 4780 / 10000, epoch 342, loss 0.070315
| iteration 4800 / 10000, epoch 343, loss 0.053352
| checking validation loss
3 8
3 5
| validation acc about 선수진영 is 0.461538
| validation loss 0.355404
| iteration 4820 / 10000, epoch 345, loss 0.055703
| iteration 4840 / 10000, epoch 346, loss 0.074085
| checking validation loss
3 8
2 5
| validation acc about 선수진영 is 0.384615
| validation loss 1.197944
| iteration 4860 / 10000, epoch 348, loss 0.075758
| iteration 4880 / 10000, epoch 349, loss 0.125181
| iteration 4900 / 10000, epoch 350, loss 0.059120
| checking validation loss
4 8
2 5
| validation acc about 선수진영 is 0.461538
| validation loss 14.780731
| iteration 4920 / 10000, epoch 352, loss 0.037643
| iteration 4940 / 10000, epoch 353, loss 0.030236
| checking validation loss
7 8
5 5
| validation acc about 선수진영 is 0.923077
| validation loss 0.092956
| iteration 4960 / 10000, epoch 355, loss 0.036586
| iteration 4980 / 10000, epoch 356, loss 0.045957
| iteration 5000 / 10000, epoch 358, loss 0.026350
| checking validation loss
7 8
3 5
| validation acc about 선수진영 is 0.769231
| validation loss 0.200591
| saving checkpoint
| iteration 5020 / 10000, epoch 359, loss 0.130161
| iteration 5040 / 10000, epoch 360, loss 0.058182
| checking validation loss
4 8
3 5
| validation acc about 선수진영 is 0.538462
| validation loss 1.085374
| iteration 5060 / 10000, epoch 362, loss 0.037408
| iteration 5080 / 10000, epoch 363, loss 0.016527
| iteration 5100 / 10000, epoch 365, loss 0.025421
| checking validation loss
3 8
3 5
| validation acc about 선수진영 is 0.461538
| validation loss 0.491956
| iteration 5120 / 10000, epoch 366, loss 0.044769
| iteration 5140 / 10000, epoch 368, loss 0.016363
| checking validation loss
4 8
2 5
| validation acc about 선수진영 is 0.461538
| validation loss 4.044666
| iteration 5160 / 10000, epoch 369, loss 0.071338
| iteration 5180 / 10000, epoch 370, loss 0.017265
| iteration 5200 / 10000, epoch 372, loss 0.025279
| checking validation loss
8 8
5 5
| validation acc about 선수진영 is 1.000000
| validation loss 0.062259
| iteration 5220 / 10000, epoch 373, loss 0.006445
| iteration 5240 / 10000, epoch 375, loss 0.059971
| checking validation loss
6 8
3 5
| validation acc about 선수진영 is 0.692308
| validation loss 0.165408
| iteration 5260 / 10000, epoch 376, loss 0.009587
| iteration 5280 / 10000, epoch 378, loss 0.019829
| iteration 5300 / 10000, epoch 379, loss 0.072770
| checking validation loss
5 8
3 5
| validation acc about 선수진영 is 0.615385
| validation loss 0.241062
| iteration 5320 / 10000, epoch 380, loss 0.045182
| iteration 5340 / 10000, epoch 382, loss 0.020043
| checking validation loss
7 8
3 5
| validation acc about 선수진영 is 0.769231
| validation loss 0.187419
| iteration 5360 / 10000, epoch 383, loss 0.004218
| iteration 5380 / 10000, epoch 385, loss 0.015480
| iteration 5400 / 10000, epoch 386, loss 0.011394
| checking validation loss
6 8
4 5
| validation acc about 선수진영 is 0.769231
| validation loss 0.163528
| iteration 5420 / 10000, epoch 388, loss 0.002803
| iteration 5440 / 10000, epoch 389, loss 0.025561
| checking validation loss
4 8
3 5
| validation acc about 선수진영 is 0.538462
| validation loss 0.290019
| iteration 5460 / 10000, epoch 390, loss 0.012964
| iteration 5480 / 10000, epoch 392, loss 0.009593
| iteration 5500 / 10000, epoch 393, loss 0.006952
| checking validation loss
5 8
3 5
| validation acc about 선수진영 is 0.615385
| validation loss 0.940793
| iteration 5520 / 10000, epoch 395, loss 0.034720
| iteration 5540 / 10000, epoch 396, loss 0.012444
| checking validation loss
8 8
4 5
| validation acc about 선수진영 is 0.923077
| validation loss 0.081599
| iteration 5560 / 10000, epoch 398, loss 0.011727
| iteration 5580 / 10000, epoch 399, loss 0.020113
| iteration 5600 / 10000, epoch 400, loss 0.005455
| checking validation loss
4 8
3 5
| validation acc about 선수진영 is 0.538462
| validation loss 0.293186
| iteration 5620 / 10000, epoch 402, loss 0.015860
| iteration 5640 / 10000, epoch 403, loss 0.022894
| checking validation loss
8 8
4 5
| validation acc about 선수진영 is 0.923077
| validation loss 0.065988
| iteration 5660 / 10000, epoch 405, loss 0.025333
| iteration 5680 / 10000, epoch 406, loss 0.017483
| iteration 5700 / 10000, epoch 408, loss 0.004065
| checking validation loss
5 8
3 5
| validation acc about 선수진영 is 0.615385
| validation loss 0.364264
| iteration 5720 / 10000, epoch 409, loss 0.006724
| iteration 5740 / 10000, epoch 410, loss 0.003147
| checking validation loss
6 8
3 5
| validation acc about 선수진영 is 0.692308
| validation loss 0.200220
| iteration 5760 / 10000, epoch 412, loss 0.014074
| iteration 5780 / 10000, epoch 413, loss 0.004263
| iteration 5800 / 10000, epoch 415, loss 0.008061
| checking validation loss
4 8
3 5
| validation acc about 선수진영 is 0.538462
| validation loss 0.525061
| iteration 5820 / 10000, epoch 416, loss 0.016708
| iteration 5840 / 10000, epoch 418, loss 0.004837
| checking validation loss
7 8
4 5
| validation acc about 선수진영 is 0.846154
| validation loss 0.160266
| iteration 5860 / 10000, epoch 419, loss 0.006014
| iteration 5880 / 10000, epoch 420, loss 0.010559
| iteration 5900 / 10000, epoch 422, loss 0.017768
| checking validation loss
4 8
3 5
| validation acc about 선수진영 is 0.538462
| validation loss 0.212858
| iteration 5920 / 10000, epoch 423, loss 0.003288
| iteration 5940 / 10000, epoch 425, loss 0.034709
| checking validation loss
2 8
2 5
| validation acc about 선수진영 is 0.307692
| validation loss 0.705654
| iteration 5960 / 10000, epoch 426, loss 0.015756
| iteration 5980 / 10000, epoch 428, loss 0.003325
| iteration 6000 / 10000, epoch 429, loss 0.007652
| checking validation loss
5 8
3 5
| validation acc about 선수진영 is 0.615385
| validation loss 0.203211
| saving checkpoint
| iteration 6020 / 10000, epoch 430, loss 0.004768
| iteration 6040 / 10000, epoch 432, loss 0.008829
| checking validation loss
7 8
4 5
| validation acc about 선수진영 is 0.846154
| validation loss 0.227391
| iteration 6060 / 10000, epoch 433, loss 0.022769
| iteration 6080 / 10000, epoch 435, loss 0.002945
| iteration 6100 / 10000, epoch 436, loss 0.003033
| checking validation loss
4 8
3 5
| validation acc about 선수진영 is 0.538462
| validation loss 0.285232
| iteration 6120 / 10000, epoch 438, loss 0.002470
| iteration 6140 / 10000, epoch 439, loss 0.007568
| checking validation loss
6 8
3 5
| validation acc about 선수진영 is 0.692308
| validation loss 0.205278
| iteration 6160 / 10000, epoch 440, loss 0.013737
| iteration 6180 / 10000, epoch 442, loss 0.003677
| iteration 6200 / 10000, epoch 443, loss 0.009780
| checking validation loss
4 8
2 5
| validation acc about 선수진영 is 0.461538
| validation loss 3.286553
| iteration 6220 / 10000, epoch 445, loss 0.010979
| iteration 6240 / 10000, epoch 446, loss 0.005657
| checking validation loss
4 8
3 5
| validation acc about 선수진영 is 0.538462
| validation loss 0.299314
| iteration 6260 / 10000, epoch 448, loss 0.003589
| iteration 6280 / 10000, epoch 449, loss 0.006646
| iteration 6300 / 10000, epoch 450, loss 0.004669
| checking validation loss
3 8
3 5
| validation acc about 선수진영 is 0.461538
| validation loss 0.270375
| iteration 6320 / 10000, epoch 452, loss 0.005769
| iteration 6340 / 10000, epoch 453, loss 0.010615
| checking validation loss
4 8
2 5
| validation acc about 선수진영 is 0.461538
| validation loss 7.859085
| iteration 6360 / 10000, epoch 455, loss 0.010030
| iteration 6380 / 10000, epoch 456, loss 0.005123
| iteration 6400 / 10000, epoch 458, loss 0.000796
| checking validation loss
5 8
3 5
| validation acc about 선수진영 is 0.615385
| validation loss 0.249941
| iteration 6420 / 10000, epoch 459, loss 0.004915
| iteration 6440 / 10000, epoch 460, loss 0.022522
| checking validation loss
7 8
5 5
| validation acc about 선수진영 is 0.923077
| validation loss 0.054066
| iteration 6460 / 10000, epoch 462, loss 0.005562
| iteration 6480 / 10000, epoch 463, loss 0.005275
| iteration 6500 / 10000, epoch 465, loss 0.005545
| checking validation loss
8 8
5 5
| validation acc about 선수진영 is 1.000000
| validation loss 0.084707
| iteration 6520 / 10000, epoch 466, loss 0.006767
| iteration 6540 / 10000, epoch 468, loss 0.000310
| checking validation loss
5 8
3 5
| validation acc about 선수진영 is 0.615385
| validation loss 0.216872
| iteration 6560 / 10000, epoch 469, loss 0.010476
| iteration 6580 / 10000, epoch 470, loss 0.012344
| iteration 6600 / 10000, epoch 472, loss 0.006792
| checking validation loss
5 8
3 5
| validation acc about 선수진영 is 0.615385
| validation loss 0.180024
| iteration 6620 / 10000, epoch 473, loss 0.005083
| iteration 6640 / 10000, epoch 475, loss 0.005140
| checking validation loss
3 8
2 5
| validation acc about 선수진영 is 0.384615
| validation loss 0.326727
| iteration 6660 / 10000, epoch 476, loss 0.017567
| iteration 6680 / 10000, epoch 478, loss 0.007413
| iteration 6700 / 10000, epoch 479, loss 0.004117
| checking validation loss
4 8
2 5
| validation acc about 선수진영 is 0.461538
| validation loss 1.752010
| iteration 6720 / 10000, epoch 480, loss 0.007259
| iteration 6740 / 10000, epoch 482, loss 0.004897
| checking validation loss
7 8
3 5
| validation acc about 선수진영 is 0.769231
| validation loss 0.249575
| iteration 6760 / 10000, epoch 483, loss 0.011798
| iteration 6780 / 10000, epoch 485, loss 0.012948
| iteration 6800 / 10000, epoch 486, loss 0.005046
| checking validation loss
6 8
4 5
| validation acc about 선수진영 is 0.769231
| validation loss 0.182284
| iteration 6820 / 10000, epoch 488, loss 0.002411
| iteration 6840 / 10000, epoch 489, loss 0.015195
| checking validation loss
5 8
3 5
| validation acc about 선수진영 is 0.615385
| validation loss 0.196568
| iteration 6860 / 10000, epoch 490, loss 0.007167
| iteration 6880 / 10000, epoch 492, loss 0.002160
| iteration 6900 / 10000, epoch 493, loss 0.004037
| checking validation loss
3 8
2 5
| validation acc about 선수진영 is 0.384615
| validation loss 0.313048
| iteration 6920 / 10000, epoch 495, loss 0.011539
| iteration 6940 / 10000, epoch 496, loss 0.005756
| checking validation loss
4 8
3 5
| validation acc about 선수진영 is 0.538462
| validation loss 0.675718
| iteration 6960 / 10000, epoch 498, loss 0.005039
| iteration 6980 / 10000, epoch 499, loss 0.002373
| iteration 7000 / 10000, epoch 500, loss 0.004121
| checking validation loss
6 8
3 5
| validation acc about 선수진영 is 0.692308
| validation loss 0.377851
| saving checkpoint
| iteration 7020 / 10000, epoch 502, loss 0.006326
| iteration 7040 / 10000, epoch 503, loss 0.006741
| checking validation loss
4 8
2 5
| validation acc about 선수진영 is 0.461538
| validation loss 2.492343
| iteration 7060 / 10000, epoch 505, loss 0.009090
| iteration 7080 / 10000, epoch 506, loss 0.007605
| iteration 7100 / 10000, epoch 508, loss 0.000894
| checking validation loss
4 8
2 5
| validation acc about 선수진영 is 0.461538
| validation loss 0.799122
| iteration 7120 / 10000, epoch 509, loss 0.002098
| iteration 7140 / 10000, epoch 510, loss 0.009207
| checking validation loss
4 8
3 5
| validation acc about 선수진영 is 0.538462
| validation loss 0.232398
| iteration 7160 / 10000, epoch 512, loss 0.002377
| iteration 7180 / 10000, epoch 513, loss 0.019230
| iteration 7200 / 10000, epoch 515, loss 0.007466
| checking validation loss
3 8
3 5
| validation acc about 선수진영 is 0.461538
| validation loss 0.304438
| iteration 7220 / 10000, epoch 516, loss 0.005384
| iteration 7240 / 10000, epoch 518, loss 0.002469
| checking validation loss
5 8
3 5
| validation acc about 선수진영 is 0.615385
| validation loss 0.200916
| iteration 7260 / 10000, epoch 519, loss 0.005304
| iteration 7280 / 10000, epoch 520, loss 0.005575
| iteration 7300 / 10000, epoch 522, loss 0.007070
| checking validation loss
6 8
3 5
| validation acc about 선수진영 is 0.692308
| validation loss 0.166439
| iteration 7320 / 10000, epoch 523, loss 0.011236
| iteration 7340 / 10000, epoch 525, loss 0.004150
| checking validation loss
8 8
5 5
| validation acc about 선수진영 is 1.000000
| validation loss 0.062353
| iteration 7360 / 10000, epoch 526, loss 0.005581
| iteration 7380 / 10000, epoch 528, loss 0.002111
| iteration 7400 / 10000, epoch 529, loss 0.001207
| checking validation loss
4 8
2 5
| validation acc about 선수진영 is 0.461538
| validation loss 11.022585
| iteration 7420 / 10000, epoch 530, loss 0.007380
| iteration 7440 / 10000, epoch 532, loss 0.003168
| checking validation loss
8 8
4 5
| validation acc about 선수진영 is 0.923077
| validation loss 0.075529
| iteration 7460 / 10000, epoch 533, loss 0.004237
| iteration 7480 / 10000, epoch 535, loss 0.003069
| iteration 7500 / 10000, epoch 536, loss 0.003673
| checking validation loss
4 8
3 5
| validation acc about 선수진영 is 0.538462
| validation loss 0.495580
| iteration 7520 / 10000, epoch 538, loss 0.001547
| iteration 7540 / 10000, epoch 539, loss 0.006890
| checking validation loss
7 8
3 5
| validation acc about 선수진영 is 0.769231
| validation loss 0.165983
| iteration 7560 / 10000, epoch 540, loss 0.004631
| iteration 7580 / 10000, epoch 542, loss 0.003969
| iteration 7600 / 10000, epoch 543, loss 0.003855
| checking validation loss
3 8
2 5
| validation acc about 선수진영 is 0.384615
| validation loss 0.322428
| iteration 7620 / 10000, epoch 545, loss 0.008272
| iteration 7640 / 10000, epoch 546, loss 0.008140
| checking validation loss
7 8
5 5
| validation acc about 선수진영 is 0.923077
| validation loss 0.075305
| iteration 7660 / 10000, epoch 548, loss 0.004132
| iteration 7680 / 10000, epoch 549, loss 0.002244
| iteration 7700 / 10000, epoch 550, loss 0.002808
| checking validation loss
4 8
3 5
| validation acc about 선수진영 is 0.538462
| validation loss 0.949813
| iteration 7720 / 10000, epoch 552, loss 0.006225
| iteration 7740 / 10000, epoch 553, loss 0.008980
| checking validation loss
8 8
5 5
| validation acc about 선수진영 is 1.000000
| validation loss 0.087427
| iteration 7760 / 10000, epoch 555, loss 0.002157
| iteration 7780 / 10000, epoch 556, loss 0.006908
| iteration 7800 / 10000, epoch 558, loss 0.012587
| checking validation loss
4 8
2 5
| validation acc about 선수진영 is 0.461538
| validation loss 0.552774
| iteration 7820 / 10000, epoch 559, loss 0.007269
| iteration 7840 / 10000, epoch 560, loss 0.003720
| checking validation loss
4 8
2 5
| validation acc about 선수진영 is 0.461538
| validation loss 0.351103
| iteration 7860 / 10000, epoch 562, loss 0.007588
| iteration 7880 / 10000, epoch 563, loss 0.002134
| iteration 7900 / 10000, epoch 565, loss 0.002492
| checking validation loss
4 8
2 5
| validation acc about 선수진영 is 0.461538
| validation loss 4.557134
| iteration 7920 / 10000, epoch 566, loss 0.005714
| iteration 7940 / 10000, epoch 568, loss 0.002831
| checking validation loss
4 8
3 5
| validation acc about 선수진영 is 0.538462
| validation loss 0.202878
| iteration 7960 / 10000, epoch 569, loss 0.002028
| iteration 7980 / 10000, epoch 570, loss 0.002732
| iteration 8000 / 10000, epoch 572, loss 0.002544
| checking validation loss
4 8
3 5
| validation acc about 선수진영 is 0.538462
| validation loss 0.292549
| saving checkpoint
| iteration 8020 / 10000, epoch 573, loss 0.005575
| iteration 8040 / 10000, epoch 575, loss 0.008859
| checking validation loss
4 8
2 5
| validation acc about 선수진영 is 0.461538
| validation loss 1.354098
| iteration 8060 / 10000, epoch 576, loss 0.012421
| iteration 8080 / 10000, epoch 578, loss 0.005500
| iteration 8100 / 10000, epoch 579, loss 0.003358
| checking validation loss
4 8
2 5
| validation acc about 선수진영 is 0.461538
| validation loss 12.622173
| iteration 8120 / 10000, epoch 580, loss 0.010931
| iteration 8140 / 10000, epoch 582, loss 0.003462
| checking validation loss
4 8
3 5
| validation acc about 선수진영 is 0.538462
| validation loss 0.802065
| iteration 8160 / 10000, epoch 583, loss 0.006995
| iteration 8180 / 10000, epoch 585, loss 0.005657
| iteration 8200 / 10000, epoch 586, loss 0.007524
| checking validation loss
8 8
5 5
| validation acc about 선수진영 is 1.000000
| validation loss 0.044717
| best model
| iteration 8220 / 10000, epoch 588, loss 0.007870
| iteration 8240 / 10000, epoch 589, loss 0.010431
| checking validation loss
4 8
3 5
| validation acc about 선수진영 is 0.538462
| validation loss 0.290736
| iteration 8260 / 10000, epoch 590, loss 0.003211
| iteration 8280 / 10000, epoch 592, loss 0.003699
| iteration 8300 / 10000, epoch 593, loss 0.008222
| checking validation loss
8 8
3 5
| validation acc about 선수진영 is 0.846154
| validation loss 0.184416
| iteration 8320 / 10000, epoch 595, loss 0.003023
| iteration 8340 / 10000, epoch 596, loss 0.012380
| checking validation loss
4 8
2 5
| validation acc about 선수진영 is 0.461538
| validation loss 14.316968
| iteration 8360 / 10000, epoch 598, loss 0.006913
| iteration 8380 / 10000, epoch 599, loss 0.002913
| iteration 8400 / 10000, epoch 600, loss 0.001959
| checking validation loss
4 8
2 5
| validation acc about 선수진영 is 0.461538
| validation loss 1.292691
| iteration 8420 / 10000, epoch 602, loss 0.003859
| iteration 8440 / 10000, epoch 603, loss 0.004518
| checking validation loss
7 8
3 5
| validation acc about 선수진영 is 0.769231
| validation loss 0.187772
| iteration 8460 / 10000, epoch 605, loss 0.007969
| iteration 8480 / 10000, epoch 606, loss 0.016371
| iteration 8500 / 10000, epoch 608, loss 0.004525
| checking validation loss
8 8
4 5
| validation acc about 선수진영 is 0.923077
| validation loss 0.085441
| iteration 8520 / 10000, epoch 609, loss 0.001646
| iteration 8540 / 10000, epoch 610, loss 0.005904
| checking validation loss
4 8
3 5
| validation acc about 선수진영 is 0.538462
| validation loss 0.308237
| iteration 8560 / 10000, epoch 612, loss 0.005865
| iteration 8580 / 10000, epoch 613, loss 0.021886
| iteration 8600 / 10000, epoch 615, loss 0.003985
| checking validation loss
8 8
4 5
| validation acc about 선수진영 is 0.923077
| validation loss 0.102675
| iteration 8620 / 10000, epoch 616, loss 0.008944
| iteration 8640 / 10000, epoch 618, loss 0.001777
| checking validation loss
4 8
2 5
| validation acc about 선수진영 is 0.461538
| validation loss 4.987414
| iteration 8660 / 10000, epoch 619, loss 0.009220
| iteration 8680 / 10000, epoch 620, loss 0.006234
| iteration 8700 / 10000, epoch 622, loss 0.007342
| checking validation loss
4 8
3 5
| validation acc about 선수진영 is 0.538462
| validation loss 0.392363
| iteration 8720 / 10000, epoch 623, loss 0.003457
| iteration 8740 / 10000, epoch 625, loss 0.003113
| checking validation loss
4 8
4 5
| validation acc about 선수진영 is 0.615385
| validation loss 0.190273
| iteration 8760 / 10000, epoch 626, loss 0.002010
| iteration 8780 / 10000, epoch 628, loss 0.006599
| iteration 8800 / 10000, epoch 629, loss 0.006121
| checking validation loss
8 8
4 5
| validation acc about 선수진영 is 0.923077
| validation loss 0.128419
| iteration 8820 / 10000, epoch 630, loss 0.013209
| iteration 8840 / 10000, epoch 632, loss 0.006903
| checking validation loss
4 8
3 5
| validation acc about 선수진영 is 0.538462
| validation loss 0.326128
| iteration 8860 / 10000, epoch 633, loss 0.003573
| iteration 8880 / 10000, epoch 635, loss 0.003819
| iteration 8900 / 10000, epoch 636, loss 0.002004
| checking validation loss
4 8
3 5
| validation acc about 선수진영 is 0.538462
| validation loss 0.263399
| iteration 8920 / 10000, epoch 638, loss 0.002860
| iteration 8940 / 10000, epoch 639, loss 0.006867
| checking validation loss
8 8
3 5
| validation acc about 선수진영 is 0.846154
| validation loss 0.111476
| iteration 8960 / 10000, epoch 640, loss 0.004573
| iteration 8980 / 10000, epoch 642, loss 0.001719
| iteration 9000 / 10000, epoch 643, loss 0.001441
| checking validation loss
8 8
4 5
| validation acc about 선수진영 is 0.923077
| validation loss 0.070838
| saving checkpoint
| iteration 9020 / 10000, epoch 645, loss 0.000992
| iteration 9040 / 10000, epoch 646, loss 0.000401
| checking validation loss
8 8
4 5
| validation acc about 선수진영 is 0.923077
| validation loss 0.114040
| iteration 9060 / 10000, epoch 648, loss 0.000379
| iteration 9080 / 10000, epoch 649, loss 0.001328
| iteration 9100 / 10000, epoch 650, loss 0.002142
| checking validation loss
4 8
2 5
| validation acc about 선수진영 is 0.461538
| validation loss 1.026673
| iteration 9120 / 10000, epoch 652, loss 0.003173
| iteration 9140 / 10000, epoch 653, loss 0.001453
| checking validation loss
4 8
3 5
| validation acc about 선수진영 is 0.538462
| validation loss 0.458979
| iteration 9160 / 10000, epoch 655, loss 0.001527
| iteration 9180 / 10000, epoch 656, loss 0.000876
| iteration 9200 / 10000, epoch 658, loss 0.000452
| checking validation loss
8 8
4 5
| validation acc about 선수진영 is 0.923077
| validation loss 0.048656
| iteration 9220 / 10000, epoch 659, loss 0.001764
| iteration 9240 / 10000, epoch 660, loss 0.001629
| checking validation loss
8 8
4 5
| validation acc about 선수진영 is 0.923077
| validation loss 0.095755
| iteration 9260 / 10000, epoch 662, loss 0.001020
| iteration 9280 / 10000, epoch 663, loss 0.000456
| iteration 9300 / 10000, epoch 665, loss 0.000806
| checking validation loss
8 8
5 5
| validation acc about 선수진영 is 1.000000
| validation loss 0.068564
| iteration 9320 / 10000, epoch 666, loss 0.000242
| iteration 9340 / 10000, epoch 668, loss 0.000917
| checking validation loss
5 8
3 5
| validation acc about 선수진영 is 0.615385
| validation loss 0.232484
| iteration 9360 / 10000, epoch 669, loss 0.001027
| iteration 9380 / 10000, epoch 670, loss 0.001592
| iteration 9400 / 10000, epoch 672, loss 0.000921
| checking validation loss
8 8
4 5
| validation acc about 선수진영 is 0.923077
| validation loss 0.106141
| iteration 9420 / 10000, epoch 673, loss 0.000282
| iteration 9440 / 10000, epoch 675, loss 0.001497
| checking validation loss
5 8
3 5
| validation acc about 선수진영 is 0.615385
| validation loss 0.267514
| iteration 9460 / 10000, epoch 676, loss 0.004895
| iteration 9480 / 10000, epoch 678, loss 0.004611
| iteration 9500 / 10000, epoch 679, loss 0.001715
| checking validation loss
4 8
2 5
| validation acc about 선수진영 is 0.461538
| validation loss 1.143998
| iteration 9520 / 10000, epoch 680, loss 0.001405
| iteration 9540 / 10000, epoch 682, loss 0.002515
| checking validation loss
5 8
3 5
| validation acc about 선수진영 is 0.615385
| validation loss 0.215564
| iteration 9560 / 10000, epoch 683, loss 0.004376
| iteration 9580 / 10000, epoch 685, loss 0.000889
| iteration 9600 / 10000, epoch 686, loss 0.001471
| checking validation loss
4 8
3 5
| validation acc about 선수진영 is 0.538462
| validation loss 0.302135
| iteration 9620 / 10000, epoch 688, loss 0.003662
| iteration 9640 / 10000, epoch 689, loss 0.004418
| checking validation loss
8 8
4 5
| validation acc about 선수진영 is 0.923077
| validation loss 0.067322
| iteration 9660 / 10000, epoch 690, loss 0.002083
| iteration 9680 / 10000, epoch 692, loss 0.001588
| iteration 9700 / 10000, epoch 693, loss 0.002052
| checking validation loss
4 8
2 5
| validation acc about 선수진영 is 0.461538
| validation loss 2.569203
| iteration 9720 / 10000, epoch 695, loss 0.002533
| iteration 9740 / 10000, epoch 696, loss 0.004269
| checking validation loss
8 8
4 5
| validation acc about 선수진영 is 0.923077
| validation loss 0.135942
| iteration 9760 / 10000, epoch 698, loss 0.003283
| iteration 9780 / 10000, epoch 699, loss 0.001505
| iteration 9800 / 10000, epoch 700, loss 0.003122
| checking validation loss
4 8
3 5
| validation acc about 선수진영 is 0.538462
| validation loss 0.315231
| iteration 9820 / 10000, epoch 702, loss 0.004121
| iteration 9840 / 10000, epoch 703, loss 0.002579
| checking validation loss
5 8
3 5
| validation acc about 선수진영 is 0.615385
| validation loss 0.207747
| iteration 9860 / 10000, epoch 705, loss 0.003314
| iteration 9880 / 10000, epoch 706, loss 0.001501
| iteration 9900 / 10000, epoch 708, loss 0.004069
| checking validation loss
4 8
2 5
| validation acc about 선수진영 is 0.461538
| validation loss 1.245805
| iteration 9920 / 10000, epoch 709, loss 0.001996
| iteration 9940 / 10000, epoch 710, loss 0.002207
| checking validation loss
4 8
2 5
| validation acc about 선수진영 is 0.461538
| validation loss 2.752927
| iteration 9960 / 10000, epoch 712, loss 0.003301
| iteration 9980 / 10000, epoch 713, loss 0.003629
| iteration 10000 / 10000, epoch 715, loss 0.002727
| checking validation loss
8 8
4 5
| validation acc about 선수진영 is 0.923077
| validation loss 0.108436
| saving checkpoint
*****************************************
Setting OMP_NUM_THREADS environment variable for each process to be 1 in default, to avoid your system being overloaded, please further tune the variable for optimal performance in your application as needed. 
*****************************************
