This node is: sw14

| options
run_dir: /data/ahngeo11/nia/attnet/output/attnet-gt-zone
dataset: basketball
load_checkpoint_path: None
gpu_ids: 0
clevr_mini_img_dir: ../../data/raw/CLEVR_mini/images
clevr_mini_ann_path: ../../data/attr_net/objects/clevr_mini_objs.json
basketball_img_dir: /local_datasets/detectron2/basketball/annotations/images
basketball_ann_path: /data/ahngeo11/nia/attnet/annotations/basketball_obj_zone.json
concat_img: 1
split_id: 15315
batch_size: 8
num_workers: 8
learning_rate: 0.00384
world_size: 1
local_rank: 2
dist_url: env://
num_iters: 30000
display_every: 20
checkpoint_every: 1000
val_epochs: 20
shuffle_data: 1
| options| options

run_dir: /data/ahngeo11/nia/attnet/output/attnet-gt-zonerun_dir: /data/ahngeo11/nia/attnet/output/attnet-gt-zone

dataset: basketballdataset: basketball
| options
load_checkpoint_path: None
load_checkpoint_path: None

run_dir: /data/ahngeo11/nia/attnet/output/attnet-gt-zonegpu_ids: 0gpu_ids: 0


dataset: basketballclevr_mini_img_dir: ../../data/raw/CLEVR_mini/imagesclevr_mini_img_dir: ../../data/raw/CLEVR_mini/images


load_checkpoint_path: Noneclevr_mini_ann_path: ../../data/attr_net/objects/clevr_mini_objs.jsonclevr_mini_ann_path: ../../data/attr_net/objects/clevr_mini_objs.json


basketball_img_dir: /local_datasets/detectron2/basketball/annotations/imagesgpu_ids: 0basketball_img_dir: /local_datasets/detectron2/basketball/annotations/images


basketball_ann_path: /data/ahngeo11/nia/attnet/annotations/basketball_obj_zone.jsonclevr_mini_img_dir: ../../data/raw/CLEVR_mini/imagesbasketball_ann_path: /data/ahngeo11/nia/attnet/annotations/basketball_obj_zone.json


concat_img: 1clevr_mini_ann_path: ../../data/attr_net/objects/clevr_mini_objs.jsonconcat_img: 1


basketball_img_dir: /local_datasets/detectron2/basketball/annotations/imagessplit_id: 15315split_id: 15315


basketball_ann_path: /data/ahngeo11/nia/attnet/annotations/basketball_obj_zone.jsonbatch_size: 8batch_size: 8


concat_img: 1num_workers: 8num_workers: 8


split_id: 15315
learning_rate: 0.00384batch_size: 8learning_rate: 0.00384


world_size: 1world_size: 1num_workers: 8


local_rank: 3local_rank: 0

learning_rate: 0.00384dist_url: env://dist_url: env://


world_size: 1num_iters: 30000num_iters: 30000


local_rank: 1display_every: 20display_every: 20


dist_url: env://checkpoint_every: 1000checkpoint_every: 1000


num_iters: 30000val_epochs: 20val_epochs: 20


shuffle_data: 1display_every: 20shuffle_data: 1


checkpoint_every: 1000
val_epochs: 20
shuffle_data: 1
| distributed init (rank 0): env://, gpu 0
| distributed init (rank 3): env://, gpu 3
| distributed init (rank 1): env://, gpu 1
| distributed init (rank 2): env://, gpu 2
sw14:1144587:1144587 [0] NCCL INFO Bootstrap : Using [0]enp28s0f1:163.180.160.92<0>
sw14:1144587:1144587 [0] NCCL INFO NET/Plugin : No plugin found (libnccl-net.so), using internal implementation

sw14:1144587:1144587 [0] misc/ibvwrap.cc:63 NCCL WARN Failed to open libibverbs.so[.1]
sw14:1144587:1144587 [0] NCCL INFO NET/Socket : Using [0]enp28s0f1:163.180.160.92<0>
sw14:1144587:1144587 [0] NCCL INFO Using network Socket
NCCL version 2.7.8+cuda11.1
sw14:1144589:1144589 [2] NCCL INFO Bootstrap : Using [0]enp28s0f1:163.180.160.92<0>
sw14:1144590:1144590 [3] NCCL INFO Bootstrap : Using [0]enp28s0f1:163.180.160.92<0>
sw14:1144589:1144589 [2] NCCL INFO NET/Plugin : No plugin found (libnccl-net.so), using internal implementation
sw14:1144590:1144590 [3] NCCL INFO NET/Plugin : No plugin found (libnccl-net.so), using internal implementation

sw14:1144589:1144589 [2] misc/ibvwrap.cc:63 NCCL WARN Failed to open libibverbs.so[.1]

sw14:1144590:1144590 [3] misc/ibvwrap.cc:63 NCCL WARN Failed to open libibverbs.so[.1]
sw14:1144589:1144589 [2] NCCL INFO NET/Socket : Using [0]enp28s0f1:163.180.160.92<0>
sw14:1144590:1144590 [3] NCCL INFO NET/Socket : Using [0]enp28s0f1:163.180.160.92<0>
sw14:1144589:1144589 [2] NCCL INFO Using network Socket
sw14:1144590:1144590 [3] NCCL INFO Using network Socket
sw14:1144588:1144588 [1] NCCL INFO Bootstrap : Using [0]enp28s0f1:163.180.160.92<0>
sw14:1144588:1144588 [1] NCCL INFO NET/Plugin : No plugin found (libnccl-net.so), using internal implementation

sw14:1144588:1144588 [1] misc/ibvwrap.cc:63 NCCL WARN Failed to open libibverbs.so[.1]
sw14:1144588:1144588 [1] NCCL INFO NET/Socket : Using [0]enp28s0f1:163.180.160.92<0>
sw14:1144588:1144588 [1] NCCL INFO Using network Socket
sw14:1144590:1144623 [3] NCCL INFO threadThresholds 8/8/64 | 96/8/64 | 8/8/64
sw14:1144588:1144625 [1] NCCL INFO threadThresholds 8/8/64 | 96/8/64 | 8/8/64
sw14:1144589:1144624 [2] NCCL INFO threadThresholds 8/8/64 | 96/8/64 | 8/8/64
sw14:1144587:1144622 [0] NCCL INFO Channel 00/02 :    0   1   2   3   4   5   6   7   8   9  10  11
sw14:1144590:1144623 [3] NCCL INFO Trees [0] -1/-1/-1->3->2|2->3->-1/-1/-1 [1] -1/-1/-1->3->2|2->3->-1/-1/-1
sw14:1144588:1144625 [1] NCCL INFO Trees [0] 2/-1/-1->1->0|0->1->2/-1/-1 [1] 2/-1/-1->1->0|0->1->2/-1/-1
sw14:1144589:1144624 [2] NCCL INFO Trees [0] 3/-1/-1->2->1|1->2->3/-1/-1 [1] 3/-1/-1->2->1|1->2->3/-1/-1
sw14:1144587:1144622 [0] NCCL INFO Channel 01/02 :    0   1   2   3   4   5   6   7   8   9  10  11
sw14:1144590:1144623 [3] NCCL INFO Setting affinity for GPU 3 to ffff,0000ffff
sw14:1144588:1144625 [1] NCCL INFO Setting affinity for GPU 1 to ffff,0000ffff
sw14:1144589:1144624 [2] NCCL INFO Setting affinity for GPU 2 to ffff,0000ffff
sw14:1144587:1144622 [0] NCCL INFO threadThresholds 8/8/64 | 96/8/64 | 8/8/64
sw14:1144587:1144622 [0] NCCL INFO Trees [0] 1/8/-1->0->-1|-1->0->1/8/-1 [1] 1/4/-1->0->9|9->0->1/4/-1
sw14:1144587:1144622 [0] NCCL INFO Setting affinity for GPU 0 to ffff,0000ffff
sw14:1144590:1144623 [3] NCCL INFO Could not enable P2P between dev 3(=21000) and dev 2(=20000)
sw14:1144589:1144624 [2] NCCL INFO Could not enable P2P between dev 2(=20000) and dev 1(=1f000)
sw14:1144588:1144625 [1] NCCL INFO Could not enable P2P between dev 1(=1f000) and dev 0(=1d000)
sw14:1144587:1144622 [0] NCCL INFO Channel 00 : 11[20000] -> 0[1d000] [receive] via NET/Socket/0
sw14:1144589:1144624 [2] NCCL INFO Could not enable P2P between dev 2(=20000) and dev 3(=21000)
sw14:1144588:1144625 [1] NCCL INFO Could not enable P2P between dev 1(=1f000) and dev 2(=20000)
sw14:1144589:1144624 [2] NCCL INFO Channel 00 : 2[20000] -> 3[21000] via direct shared memory
sw14:1144588:1144625 [1] NCCL INFO Channel 00 : 1[1f000] -> 2[20000] via direct shared memory
sw14:1144589:1144624 [2] NCCL INFO Could not enable P2P between dev 2(=20000) and dev 3(=21000)
sw14:1144590:1144623 [3] NCCL INFO Channel 00 : 3[21000] -> 4[1d000] [send] via NET/Socket/0
sw14:1144590:1144623 [3] NCCL INFO Could not enable P2P between dev 3(=21000) and dev 2(=20000)
sw14:1144590:1144623 [3] NCCL INFO Channel 00 : 3[21000] -> 2[20000] via direct shared memory
sw14:1144589:1144624 [2] NCCL INFO Could not enable P2P between dev 2(=20000) and dev 1(=1f000)
sw14:1144589:1144624 [2] NCCL INFO Channel 00 : 2[20000] -> 1[1f000] via direct shared memory
sw14:1144590:1144623 [3] NCCL INFO Could not enable P2P between dev 3(=21000) and dev 2(=20000)
sw14:1144590:1144623 [3] NCCL INFO Channel 01 : 3[21000] -> 4[1d000] [send] via NET/Socket/0
sw14:1144587:1144622 [0] NCCL INFO Could not enable P2P between dev 0(=1d000) and dev 1(=1f000)
sw14:1144587:1144622 [0] NCCL INFO Channel 00 : 0[1d000] -> 1[1f000] via direct shared memory
sw14:1144588:1144625 [1] NCCL INFO Could not enable P2P between dev 1(=1f000) and dev 2(=20000)
sw14:1144587:1144622 [0] NCCL INFO Could not enable P2P between dev 0(=1d000) and dev 1(=1f000)
sw14:1144588:1144625 [1] NCCL INFO Could not enable P2P between dev 1(=1f000) and dev 0(=1d000)
sw14:1144588:1144625 [1] NCCL INFO Channel 00 : 1[1f000] -> 0[1d000] via direct shared memory
sw14:1144589:1144624 [2] NCCL INFO Could not enable P2P between dev 2(=20000) and dev 1(=1f000)
sw14:1144588:1144625 [1] NCCL INFO Could not enable P2P between dev 1(=1f000) and dev 0(=1d000)
sw14:1144587:1144622 [0] NCCL INFO Channel 00 : 8[1d000] -> 0[1d000] [receive] via NET/Socket/0
sw14:1144588:1144625 [1] NCCL INFO Could not enable P2P between dev 1(=1f000) and dev 2(=20000)
sw14:1144588:1144625 [1] NCCL INFO Channel 01 : 1[1f000] -> 2[20000] via direct shared memory
sw14:1144587:1144622 [0] NCCL INFO Channel 00 : 0[1d000] -> 8[1d000] [send] via NET/Socket/0
sw14:1144589:1144624 [2] NCCL INFO Could not enable P2P between dev 2(=20000) and dev 3(=21000)
sw14:1144589:1144624 [2] NCCL INFO Channel 01 : 2[20000] -> 3[21000] via direct shared memory
sw14:1144590:1144623 [3] NCCL INFO Could not enable P2P between dev 3(=21000) and dev 2(=20000)
sw14:1144590:1144623 [3] NCCL INFO Channel 01 : 3[21000] -> 2[20000] via direct shared memory
sw14:1144589:1144624 [2] NCCL INFO Could not enable P2P between dev 2(=20000) and dev 3(=21000)
sw14:1144587:1144622 [0] NCCL INFO Channel 01 : 11[20000] -> 0[1d000] [receive] via NET/Socket/0
sw14:1144587:1144622 [0] NCCL INFO Could not enable P2P between dev 0(=1d000) and dev 1(=1f000)
sw14:1144587:1144622 [0] NCCL INFO Channel 01 : 0[1d000] -> 1[1f000] via direct shared memory
sw14:1144588:1144625 [1] NCCL INFO Could not enable P2P between dev 1(=1f000) and dev 2(=20000)
sw14:1144587:1144622 [0] NCCL INFO Could not enable P2P between dev 0(=1d000) and dev 1(=1f000)
sw14:1144589:1144624 [2] NCCL INFO Could not enable P2P between dev 2(=20000) and dev 1(=1f000)
sw14:1144589:1144624 [2] NCCL INFO Channel 01 : 2[20000] -> 1[1f000] via direct shared memory
sw14:1144590:1144623 [3] NCCL INFO 2 coll channels, 2 p2p channels, 1 p2p channels per peer
sw14:1144590:1144623 [3] NCCL INFO comm 0x7f2368002e40 rank 3 nranks 12 cudaDev 3 busId 21000 - Init COMPLETE
sw14:1144588:1144625 [1] NCCL INFO Could not enable P2P between dev 1(=1f000) and dev 0(=1d000)
sw14:1144588:1144625 [1] NCCL INFO Channel 01 : 1[1f000] -> 0[1d000] via direct shared memory
sw14:1144589:1144624 [2] NCCL INFO 2 coll channels, 2 p2p channels, 1 p2p channels per peer
sw14:1144589:1144624 [2] NCCL INFO comm 0x7f3a88002e40 rank 2 nranks 12 cudaDev 2 busId 20000 - Init COMPLETE
sw14:1144588:1144625 [1] NCCL INFO 2 coll channels, 2 p2p channels, 1 p2p channels per peer
sw14:1144588:1144625 [1] NCCL INFO comm 0x7f3948002e40 rank 1 nranks 12 cudaDev 1 busId 1f000 - Init COMPLETE
sw14:1144587:1144622 [0] NCCL INFO Channel 01 : 4[1d000] -> 0[1d000] [receive] via NET/Socket/0
sw14:1144587:1144622 [0] NCCL INFO Channel 01 : 0[1d000] -> 9[1e000] [send] via NET/Socket/0
sw14:1144587:1144622 [0] NCCL INFO Channel 01 : 9[1e000] -> 0[1d000] [receive] via NET/Socket/0
sw14:1144587:1144622 [0] NCCL INFO Channel 01 : 0[1d000] -> 4[1d000] [send] via NET/Socket/0
sw14:1144587:1144622 [0] NCCL INFO 2 coll channels, 2 p2p channels, 1 p2p channels per peer
sw14:1144587:1144622 [0] NCCL INFO comm 0x7f9430002e40 rank 0 nranks 12 cudaDev 0 busId 1d000 - Init COMPLETE
sw14:1144587:1144587 [0] NCCL INFO Launch mode Parallel
total_batch_size is 96
Opt 

 Namespace(basketball_ann_path='/data/ahngeo11/nia/attnet/annotations/basketball_obj_zone.json', basketball_img_dir='/local_datasets/detectron2/basketball/annotations/images', batch_size=8, checkpoint_every=1000, clevr_mini_ann_path='../../data/attr_net/objects/clevr_mini_objs.json', clevr_mini_img_dir='../../data/raw/CLEVR_mini/images', concat_img=1, dataset='basketball', display_every=20, dist_backend='nccl', dist_url='env://', distributed=True, gpu=0, gpu_ids='0', learning_rate=0.00384, load_checkpoint_path=None, local_rank=0, num_iters=30000, num_workers=8, rank=0, run_dir='/data/ahngeo11/nia/attnet/output/attnet-gt-zone', shuffle_data=1, split_id=15315, val_epochs=20, world_size=12)
| creating new model
| start training, running in directory /data/ahngeo11/nia/attnet/output/attnet-gt-zone
| iteration 20 / 30000, epoch 1, loss 0.251224
| iteration 40 / 30000, epoch 1, loss 0.294606
| iteration 60 / 30000, epoch 1, loss 0.277428
| iteration 80 / 30000, epoch 1, loss 0.260695
| iteration 100 / 30000, epoch 1, loss 0.306245
| iteration 120 / 30000, epoch 1, loss 0.262878
| iteration 140 / 30000, epoch 1, loss 0.360185
| iteration 160 / 30000, epoch 2, loss 0.342253
| iteration 180 / 30000, epoch 2, loss 0.289413
| iteration 200 / 30000, epoch 2, loss 0.252827
| iteration 220 / 30000, epoch 2, loss 0.263863
| iteration 240 / 30000, epoch 2, loss 0.323421
| iteration 260 / 30000, epoch 2, loss 0.225528
| iteration 280 / 30000, epoch 2, loss 0.215301
| iteration 300 / 30000, epoch 2, loss 0.306915
| iteration 320 / 30000, epoch 3, loss 0.392939
| iteration 340 / 30000, epoch 3, loss 0.210473
| iteration 360 / 30000, epoch 3, loss 0.261996
| iteration 380 / 30000, epoch 3, loss 0.202687
| iteration 400 / 30000, epoch 3, loss 0.547154
| iteration 420 / 30000, epoch 3, loss 0.290984
| iteration 440 / 30000, epoch 3, loss 0.269899
| iteration 460 / 30000, epoch 3, loss 0.232549
| iteration 480 / 30000, epoch 4, loss 0.280282
| iteration 500 / 30000, epoch 4, loss 0.293277
| iteration 520 / 30000, epoch 4, loss 0.250636
| iteration 540 / 30000, epoch 4, loss 0.215152
| iteration 560 / 30000, epoch 4, loss 0.266244
| iteration 580 / 30000, epoch 4, loss 0.227134
| iteration 600 / 30000, epoch 4, loss 0.250516
| iteration 620 / 30000, epoch 4, loss 0.282125
| iteration 640 / 30000, epoch 5, loss 0.188775
| iteration 660 / 30000, epoch 5, loss 0.262123
| iteration 680 / 30000, epoch 5, loss 0.235468
| iteration 700 / 30000, epoch 5, loss 0.233427
| iteration 720 / 30000, epoch 5, loss 0.189511
| iteration 740 / 30000, epoch 5, loss 0.249407
| iteration 760 / 30000, epoch 5, loss 0.265243
| iteration 780 / 30000, epoch 5, loss 0.308557
| iteration 800 / 30000, epoch 6, loss 0.282087
| iteration 820 / 30000, epoch 6, loss 0.266051
| iteration 840 / 30000, epoch 6, loss 0.363330
| iteration 860 / 30000, epoch 6, loss 0.339360
| iteration 880 / 30000, epoch 6, loss 0.235017
| iteration 900 / 30000, epoch 6, loss 0.240068
| iteration 920 / 30000, epoch 6, loss 0.321663
| iteration 940 / 30000, epoch 7, loss 0.336574
| iteration 960 / 30000, epoch 7, loss 0.210246
| iteration 980 / 30000, epoch 7, loss 0.255988
| iteration 1000 / 30000, epoch 7, loss 0.260985
| saving checkpoint
| iteration 1020 / 30000, epoch 7, loss 0.231481
| iteration 1040 / 30000, epoch 7, loss 0.250475
| iteration 1060 / 30000, epoch 7, loss 0.234493
| iteration 1080 / 30000, epoch 7, loss 0.207883
| iteration 1100 / 30000, epoch 8, loss 0.255730
| iteration 1120 / 30000, epoch 8, loss 0.237912
| iteration 1140 / 30000, epoch 8, loss 0.255386
| iteration 1160 / 30000, epoch 8, loss 0.274629
| iteration 1180 / 30000, epoch 8, loss 0.220748
| iteration 1200 / 30000, epoch 8, loss 0.244675
| iteration 1220 / 30000, epoch 8, loss 0.240549
| iteration 1240 / 30000, epoch 8, loss 0.279802
| iteration 1260 / 30000, epoch 9, loss 0.213919
| iteration 1280 / 30000, epoch 9, loss 0.210276
| iteration 1300 / 30000, epoch 9, loss 0.252070
| iteration 1320 / 30000, epoch 9, loss 0.283099
| iteration 1340 / 30000, epoch 9, loss 0.239023
| iteration 1360 / 30000, epoch 9, loss 0.250291
| iteration 1380 / 30000, epoch 9, loss 0.198282
| iteration 1400 / 30000, epoch 9, loss 0.285193
| iteration 1420 / 30000, epoch 10, loss 0.259477
| iteration 1440 / 30000, epoch 10, loss 0.261256
| iteration 1460 / 30000, epoch 10, loss 0.237479
| iteration 1480 / 30000, epoch 10, loss 0.249492
| iteration 1500 / 30000, epoch 10, loss 0.240870
| iteration 1520 / 30000, epoch 10, loss 0.302298
| iteration 1540 / 30000, epoch 10, loss 0.223823
| iteration 1560 / 30000, epoch 10, loss 0.255638
| iteration 1580 / 30000, epoch 11, loss 0.222978
| iteration 1600 / 30000, epoch 11, loss 0.229760
| iteration 1620 / 30000, epoch 11, loss 0.295095
| iteration 1640 / 30000, epoch 11, loss 0.264968
| iteration 1660 / 30000, epoch 11, loss 0.243288
| iteration 1680 / 30000, epoch 11, loss 0.228290
| iteration 1700 / 30000, epoch 11, loss 0.300331
| iteration 1720 / 30000, epoch 12, loss 0.330229
| iteration 1740 / 30000, epoch 12, loss 0.283005
| iteration 1760 / 30000, epoch 12, loss 0.258646
| iteration 1780 / 30000, epoch 12, loss 0.257428
| iteration 1800 / 30000, epoch 12, loss 0.235067
| iteration 1820 / 30000, epoch 12, loss 0.234452
| iteration 1840 / 30000, epoch 12, loss 0.228860
| iteration 1860 / 30000, epoch 12, loss 0.198723
| iteration 1880 / 30000, epoch 13, loss 0.370546
| iteration 1900 / 30000, epoch 13, loss 0.245379
| iteration 1920 / 30000, epoch 13, loss 0.248009
| iteration 1940 / 30000, epoch 13, loss 0.261113
| iteration 1960 / 30000, epoch 13, loss 0.248488
| iteration 1980 / 30000, epoch 13, loss 0.223063
| iteration 2000 / 30000, epoch 13, loss 0.218004
| saving checkpoint
| iteration 2020 / 30000, epoch 13, loss 0.217190
| iteration 2040 / 30000, epoch 14, loss 0.238747
| iteration 2060 / 30000, epoch 14, loss 0.237967
| iteration 2080 / 30000, epoch 14, loss 0.241384
| iteration 2100 / 30000, epoch 14, loss 0.279955
| iteration 2120 / 30000, epoch 14, loss 0.241927
| iteration 2140 / 30000, epoch 14, loss 0.217520
| iteration 2160 / 30000, epoch 14, loss 0.231975
| iteration 2180 / 30000, epoch 14, loss 0.311702
| iteration 2200 / 30000, epoch 15, loss 0.216294
| iteration 2220 / 30000, epoch 15, loss 0.248290
| iteration 2240 / 30000, epoch 15, loss 0.244051
| iteration 2260 / 30000, epoch 15, loss 0.253018
| iteration 2280 / 30000, epoch 15, loss 0.273841
| iteration 2300 / 30000, epoch 15, loss 0.303933
| iteration 2320 / 30000, epoch 15, loss 0.207059
| iteration 2340 / 30000, epoch 15, loss 0.245798
| iteration 2360 / 30000, epoch 16, loss 0.210415
| iteration 2380 / 30000, epoch 16, loss 0.247115
| iteration 2400 / 30000, epoch 16, loss 0.293913
| iteration 2420 / 30000, epoch 16, loss 0.242735
| iteration 2440 / 30000, epoch 16, loss 0.232362
| iteration 2460 / 30000, epoch 16, loss 0.211069
| iteration 2480 / 30000, epoch 16, loss 0.308734
| iteration 2500 / 30000, epoch 17, loss 0.329585
| iteration 2520 / 30000, epoch 17, loss 0.236419
| iteration 2540 / 30000, epoch 17, loss 0.262642
| iteration 2560 / 30000, epoch 17, loss 0.239679
| iteration 2580 / 30000, epoch 17, loss 0.230524
| iteration 2600 / 30000, epoch 17, loss 0.212369
| iteration 2620 / 30000, epoch 17, loss 0.212236
| iteration 2640 / 30000, epoch 17, loss 0.174987
| iteration 2660 / 30000, epoch 18, loss 0.265197
| iteration 2680 / 30000, epoch 18, loss 0.205641
| iteration 2700 / 30000, epoch 18, loss 0.192927
| iteration 2720 / 30000, epoch 18, loss 0.252671
| iteration 2740 / 30000, epoch 18, loss 0.267459
| iteration 2760 / 30000, epoch 18, loss 0.248729
| iteration 2780 / 30000, epoch 18, loss 0.228302
| iteration 2800 / 30000, epoch 18, loss 0.193888
| iteration 2820 / 30000, epoch 19, loss 0.215701
| iteration 2840 / 30000, epoch 19, loss 0.244779
| iteration 2860 / 30000, epoch 19, loss 0.222320
| iteration 2880 / 30000, epoch 19, loss 0.275242
| iteration 2900 / 30000, epoch 19, loss 0.233028
| iteration 2920 / 30000, epoch 19, loss 0.235800
| iteration 2940 / 30000, epoch 19, loss 0.211172
| iteration 2960 / 30000, epoch 19, loss 0.331361
| iteration 2980 / 30000, epoch 20, loss 0.222053
| iteration 3000 / 30000, epoch 20, loss 0.230259
| saving checkpoint
| iteration 3020 / 30000, epoch 20, loss 0.239802
| iteration 3040 / 30000, epoch 20, loss 0.254697
| iteration 3060 / 30000, epoch 20, loss 0.230613
| iteration 3080 / 30000, epoch 20, loss 0.300984
| iteration 3100 / 30000, epoch 20, loss 0.229200
| iteration 3120 / 30000, epoch 20, loss 0.268435
| checking validation loss
| validation acc about 선수진영 is 0.428571
| validation loss 0.317112
| best model
| iteration 3140 / 30000, epoch 21, loss 0.215509
| iteration 3160 / 30000, epoch 21, loss 0.234478
| iteration 3180 / 30000, epoch 21, loss 0.313005
| iteration 3200 / 30000, epoch 21, loss 0.252800
| iteration 3220 / 30000, epoch 21, loss 0.244449
| iteration 3240 / 30000, epoch 21, loss 0.217970
| iteration 3260 / 30000, epoch 21, loss 0.271653
| iteration 3280 / 30000, epoch 22, loss 0.312204
| iteration 3300 / 30000, epoch 22, loss 0.244485
| iteration 3320 / 30000, epoch 22, loss 0.250312
| iteration 3340 / 30000, epoch 22, loss 0.223987
| iteration 3360 / 30000, epoch 22, loss 0.231801
| iteration 3380 / 30000, epoch 22, loss 0.210427
| iteration 3400 / 30000, epoch 22, loss 0.213669
| iteration 3420 / 30000, epoch 22, loss 0.175036
| iteration 3440 / 30000, epoch 23, loss 0.246429
| iteration 3460 / 30000, epoch 23, loss 0.217836
| iteration 3480 / 30000, epoch 23, loss 0.211944
| iteration 3500 / 30000, epoch 23, loss 0.252219
| iteration 3520 / 30000, epoch 23, loss 0.258368
| iteration 3540 / 30000, epoch 23, loss 0.226799
| iteration 3560 / 30000, epoch 23, loss 0.233155
| iteration 3580 / 30000, epoch 23, loss 0.219411
| iteration 3600 / 30000, epoch 24, loss 0.234977
| iteration 3620 / 30000, epoch 24, loss 0.236713
| iteration 3640 / 30000, epoch 24, loss 0.206826
| iteration 3660 / 30000, epoch 24, loss 0.290231
| iteration 3680 / 30000, epoch 24, loss 0.237518
| iteration 3700 / 30000, epoch 24, loss 0.191403
| iteration 3720 / 30000, epoch 24, loss 0.185537
| iteration 3740 / 30000, epoch 24, loss 0.343783
| iteration 3760 / 30000, epoch 25, loss 0.202312
| iteration 3780 / 30000, epoch 25, loss 0.196234
| iteration 3800 / 30000, epoch 25, loss 0.242934
| iteration 3820 / 30000, epoch 25, loss 0.275199
| iteration 3840 / 30000, epoch 25, loss 0.257230
| iteration 3860 / 30000, epoch 25, loss 0.266025
| iteration 3880 / 30000, epoch 25, loss 0.196479
| iteration 3900 / 30000, epoch 25, loss 0.256629
| iteration 3920 / 30000, epoch 26, loss 0.204550
| iteration 3940 / 30000, epoch 26, loss 0.203117
| iteration 3960 / 30000, epoch 26, loss 0.289118
| iteration 3980 / 30000, epoch 26, loss 0.216573
| iteration 4000 / 30000, epoch 26, loss 0.243772
| saving checkpoint
| iteration 4020 / 30000, epoch 26, loss 0.211160
| iteration 4040 / 30000, epoch 26, loss 0.270257
| iteration 4060 / 30000, epoch 27, loss 0.272578
| iteration 4080 / 30000, epoch 27, loss 0.234628
| iteration 4100 / 30000, epoch 27, loss 0.280240
| iteration 4120 / 30000, epoch 27, loss 0.191990
| iteration 4140 / 30000, epoch 27, loss 0.230520
| iteration 4160 / 30000, epoch 27, loss 0.191893
| iteration 4180 / 30000, epoch 27, loss 0.191204
| iteration 4200 / 30000, epoch 27, loss 0.184276
| iteration 4220 / 30000, epoch 28, loss 0.230537
| iteration 4240 / 30000, epoch 28, loss 0.253168
| iteration 4260 / 30000, epoch 28, loss 0.188255
| iteration 4280 / 30000, epoch 28, loss 0.215877
| iteration 4300 / 30000, epoch 28, loss 0.243720
| iteration 4320 / 30000, epoch 28, loss 0.195816
| iteration 4340 / 30000, epoch 28, loss 0.213135
| iteration 4360 / 30000, epoch 28, loss 0.212024
| iteration 4380 / 30000, epoch 29, loss 0.216153
| iteration 4400 / 30000, epoch 29, loss 0.247491
| iteration 4420 / 30000, epoch 29, loss 0.170013
| iteration 4440 / 30000, epoch 29, loss 0.258802
| iteration 4460 / 30000, epoch 29, loss 0.235057
| iteration 4480 / 30000, epoch 29, loss 0.233033
| iteration 4500 / 30000, epoch 29, loss 0.213986
| iteration 4520 / 30000, epoch 29, loss 0.265077
| iteration 4540 / 30000, epoch 30, loss 0.228955
| iteration 4560 / 30000, epoch 30, loss 0.269916
| iteration 4580 / 30000, epoch 30, loss 0.241540
| iteration 4600 / 30000, epoch 30, loss 0.264589
| iteration 4620 / 30000, epoch 30, loss 0.225998
| iteration 4640 / 30000, epoch 30, loss 0.253983
| iteration 4660 / 30000, epoch 30, loss 0.246245
| iteration 4680 / 30000, epoch 30, loss 0.252506
| iteration 4700 / 30000, epoch 31, loss 0.261361
| iteration 4720 / 30000, epoch 31, loss 0.253798
| iteration 4740 / 30000, epoch 31, loss 0.256004
| iteration 4760 / 30000, epoch 31, loss 0.239597
| iteration 4780 / 30000, epoch 31, loss 0.225645
| iteration 4800 / 30000, epoch 31, loss 0.255381
| iteration 4820 / 30000, epoch 31, loss 0.298141
| iteration 4840 / 30000, epoch 32, loss 0.248182
| iteration 4860 / 30000, epoch 32, loss 0.257159
| iteration 4880 / 30000, epoch 32, loss 0.241256
| iteration 4900 / 30000, epoch 32, loss 0.246547
| iteration 4920 / 30000, epoch 32, loss 0.250519
| iteration 4940 / 30000, epoch 32, loss 0.248909
| iteration 4960 / 30000, epoch 32, loss 0.234676
| iteration 4980 / 30000, epoch 32, loss 0.231277
| iteration 5000 / 30000, epoch 33, loss 0.242613
| saving checkpoint
| iteration 5020 / 30000, epoch 33, loss 0.265878
| iteration 5040 / 30000, epoch 33, loss 0.237476
| iteration 5060 / 30000, epoch 33, loss 0.276132
| iteration 5080 / 30000, epoch 33, loss 0.237521
| iteration 5100 / 30000, epoch 33, loss 0.257733
| iteration 5120 / 30000, epoch 33, loss 0.242791
| iteration 5140 / 30000, epoch 33, loss 0.238730
| iteration 5160 / 30000, epoch 34, loss 0.235957
| iteration 5180 / 30000, epoch 34, loss 0.259297
| iteration 5200 / 30000, epoch 34, loss 0.230115
| iteration 5220 / 30000, epoch 34, loss 0.281826
| iteration 5240 / 30000, epoch 34, loss 0.221446
| iteration 5260 / 30000, epoch 34, loss 0.283151
| iteration 5280 / 30000, epoch 34, loss 0.221942
| iteration 5300 / 30000, epoch 34, loss 0.266249
| iteration 5320 / 30000, epoch 35, loss 0.233782
| iteration 5340 / 30000, epoch 35, loss 0.264468
| iteration 5360 / 30000, epoch 35, loss 0.280727
| iteration 5380 / 30000, epoch 35, loss 0.273137
| iteration 5400 / 30000, epoch 35, loss 0.237320
| iteration 5420 / 30000, epoch 35, loss 0.256460
| iteration 5440 / 30000, epoch 35, loss 0.224104
| iteration 5460 / 30000, epoch 35, loss 0.235307
| iteration 5480 / 30000, epoch 36, loss 0.253366
| iteration 5500 / 30000, epoch 36, loss 0.241794
| iteration 5520 / 30000, epoch 36, loss 0.240532
| iteration 5540 / 30000, epoch 36, loss 0.234556
| iteration 5560 / 30000, epoch 36, loss 0.229568
| iteration 5580 / 30000, epoch 36, loss 0.246794
| iteration 5600 / 30000, epoch 36, loss 0.308147
| iteration 5620 / 30000, epoch 37, loss 0.344288
| iteration 5640 / 30000, epoch 37, loss 0.230534
| iteration 5660 / 30000, epoch 37, loss 0.226589
| iteration 5680 / 30000, epoch 37, loss 0.317087
| iteration 5700 / 30000, epoch 37, loss 0.247106
| iteration 5720 / 30000, epoch 37, loss 0.253278
| iteration 5740 / 30000, epoch 37, loss 0.263072
| iteration 5760 / 30000, epoch 37, loss 0.229195
| iteration 5780 / 30000, epoch 38, loss 0.258186
| iteration 5800 / 30000, epoch 38, loss 0.263081
| iteration 5820 / 30000, epoch 38, loss 0.250655
| iteration 5840 / 30000, epoch 38, loss 0.246490
| iteration 5860 / 30000, epoch 38, loss 0.269561
| iteration 5880 / 30000, epoch 38, loss 0.242231
| iteration 5900 / 30000, epoch 38, loss 0.246258
| iteration 5920 / 30000, epoch 38, loss 0.260077
| iteration 5940 / 30000, epoch 39, loss 0.255700
| iteration 5960 / 30000, epoch 39, loss 0.245068
| iteration 5980 / 30000, epoch 39, loss 0.250375
| iteration 6000 / 30000, epoch 39, loss 0.264088
| saving checkpoint
| iteration 6020 / 30000, epoch 39, loss 0.252401
| iteration 6040 / 30000, epoch 39, loss 0.257331
| iteration 6060 / 30000, epoch 39, loss 0.243605
| iteration 6080 / 30000, epoch 39, loss 0.259054
| iteration 6100 / 30000, epoch 40, loss 0.253052
| iteration 6120 / 30000, epoch 40, loss 0.249532
| iteration 6140 / 30000, epoch 40, loss 0.241359
| iteration 6160 / 30000, epoch 40, loss 0.262447
| iteration 6180 / 30000, epoch 40, loss 0.245604
| iteration 6200 / 30000, epoch 40, loss 0.256412
| iteration 6220 / 30000, epoch 40, loss 0.256629
| iteration 6240 / 30000, epoch 40, loss 0.267067
| checking validation loss
| validation acc about 선수진영 is 0.464286
| validation loss 0.262611
| best model
| iteration 6260 / 30000, epoch 41, loss 0.257115
| iteration 6280 / 30000, epoch 41, loss 0.236990
| iteration 6300 / 30000, epoch 41, loss 0.271100
| iteration 6320 / 30000, epoch 41, loss 0.239394
| iteration 6340 / 30000, epoch 41, loss 0.261371
| iteration 6360 / 30000, epoch 41, loss 0.253662
| iteration 6380 / 30000, epoch 41, loss 0.292773
| iteration 6400 / 30000, epoch 42, loss 0.257012
| iteration 6420 / 30000, epoch 42, loss 0.271965
| iteration 6440 / 30000, epoch 42, loss 0.239234
| iteration 6460 / 30000, epoch 42, loss 0.285040
| iteration 6480 / 30000, epoch 42, loss 0.241032
| iteration 6500 / 30000, epoch 42, loss 0.260105
| iteration 6520 / 30000, epoch 42, loss 0.243401
| iteration 6540 / 30000, epoch 42, loss 0.242342
| iteration 6560 / 30000, epoch 43, loss 0.252281
| iteration 6580 / 30000, epoch 43, loss 0.272527
| iteration 6600 / 30000, epoch 43, loss 0.253932
| iteration 6620 / 30000, epoch 43, loss 0.252167
| iteration 6640 / 30000, epoch 43, loss 0.268208
| iteration 6660 / 30000, epoch 43, loss 0.258720
| iteration 6680 / 30000, epoch 43, loss 0.236568
| iteration 6700 / 30000, epoch 43, loss 0.253086
| iteration 6720 / 30000, epoch 44, loss 0.244961
| iteration 6740 / 30000, epoch 44, loss 0.239382
| iteration 6760 / 30000, epoch 44, loss 0.236857
| iteration 6780 / 30000, epoch 44, loss 0.277462
| iteration 6800 / 30000, epoch 44, loss 0.237444
| iteration 6820 / 30000, epoch 44, loss 0.256419
| iteration 6840 / 30000, epoch 44, loss 0.245114
| iteration 6860 / 30000, epoch 44, loss 0.270221
| iteration 6880 / 30000, epoch 45, loss 0.246228
| iteration 6900 / 30000, epoch 45, loss 0.263406
| iteration 6920 / 30000, epoch 45, loss 0.254912
| iteration 6940 / 30000, epoch 45, loss 0.263381
| iteration 6960 / 30000, epoch 45, loss 0.248836
| iteration 6980 / 30000, epoch 45, loss 0.253539
| iteration 7000 / 30000, epoch 45, loss 0.248851
| saving checkpoint
| iteration 7020 / 30000, epoch 45, loss 0.242017
| iteration 7040 / 30000, epoch 46, loss 0.261696
| iteration 7060 / 30000, epoch 46, loss 0.237528
| iteration 7080 / 30000, epoch 46, loss 0.266244
| iteration 7100 / 30000, epoch 46, loss 0.235793
| iteration 7120 / 30000, epoch 46, loss 0.235880
| iteration 7140 / 30000, epoch 46, loss 0.257242
| iteration 7160 / 30000, epoch 46, loss 0.281131
| iteration 7180 / 30000, epoch 47, loss 0.298535
| iteration 7200 / 30000, epoch 47, loss 0.222168
| iteration 7220 / 30000, epoch 47, loss 0.245076
| iteration 7240 / 30000, epoch 47, loss 0.244994
| iteration 7260 / 30000, epoch 47, loss 0.229414
| iteration 7280 / 30000, epoch 47, loss 0.224344
| iteration 7300 / 30000, epoch 47, loss 0.230577
| iteration 7320 / 30000, epoch 47, loss 0.197758
| iteration 7340 / 30000, epoch 48, loss 0.225545
| iteration 7360 / 30000, epoch 48, loss 0.202493
| iteration 7380 / 30000, epoch 48, loss 0.225713
| iteration 7400 / 30000, epoch 48, loss 0.229541
| iteration 7420 / 30000, epoch 48, loss 0.234287
| iteration 7440 / 30000, epoch 48, loss 0.269036
| iteration 7460 / 30000, epoch 48, loss 0.256314
| iteration 7480 / 30000, epoch 48, loss 0.201875
| iteration 7500 / 30000, epoch 49, loss 0.239669
| iteration 7520 / 30000, epoch 49, loss 0.271657
| iteration 7540 / 30000, epoch 49, loss 0.197243
| iteration 7560 / 30000, epoch 49, loss 0.270548
| iteration 7580 / 30000, epoch 49, loss 0.225935
| iteration 7600 / 30000, epoch 49, loss 0.181968
| iteration 7620 / 30000, epoch 49, loss 0.193075
| iteration 7640 / 30000, epoch 49, loss 0.357078
| iteration 7660 / 30000, epoch 50, loss 0.209929
| iteration 7680 / 30000, epoch 50, loss 0.195765
| iteration 7700 / 30000, epoch 50, loss 0.238186
| iteration 7720 / 30000, epoch 50, loss 0.275925
| iteration 7740 / 30000, epoch 50, loss 0.263101
| iteration 7760 / 30000, epoch 50, loss 0.265246
| iteration 7780 / 30000, epoch 50, loss 0.191814
| iteration 7800 / 30000, epoch 50, loss 0.254298
| iteration 7820 / 30000, epoch 51, loss 0.194251
| iteration 7840 / 30000, epoch 51, loss 0.191696
| iteration 7860 / 30000, epoch 51, loss 0.276192
| iteration 7880 / 30000, epoch 51, loss 0.233222
| iteration 7900 / 30000, epoch 51, loss 0.228860
| iteration 7920 / 30000, epoch 51, loss 0.234325
| iteration 7940 / 30000, epoch 51, loss 0.253005
| iteration 7960 / 30000, epoch 52, loss 0.264932
| iteration 7980 / 30000, epoch 52, loss 0.201121
| iteration 8000 / 30000, epoch 52, loss 0.273218
| saving checkpoint
| iteration 8020 / 30000, epoch 52, loss 0.240150
| iteration 8040 / 30000, epoch 52, loss 0.208849
| iteration 8060 / 30000, epoch 52, loss 0.168168
| iteration 8080 / 30000, epoch 52, loss 0.180834
| iteration 8100 / 30000, epoch 52, loss 0.199878
| iteration 8120 / 30000, epoch 53, loss 0.217866
| iteration 8140 / 30000, epoch 53, loss 0.227416
| iteration 8160 / 30000, epoch 53, loss 0.223533
| iteration 8180 / 30000, epoch 53, loss 0.224442
| iteration 8200 / 30000, epoch 53, loss 0.216200
| iteration 8220 / 30000, epoch 53, loss 0.185837
| iteration 8240 / 30000, epoch 53, loss 0.199537
| iteration 8260 / 30000, epoch 53, loss 0.201174
| iteration 8280 / 30000, epoch 54, loss 0.180373
| iteration 8300 / 30000, epoch 54, loss 0.231273
| iteration 8320 / 30000, epoch 54, loss 0.163765
| iteration 8340 / 30000, epoch 54, loss 0.247816
| iteration 8360 / 30000, epoch 54, loss 0.272617
| iteration 8380 / 30000, epoch 54, loss 0.121793
| iteration 8400 / 30000, epoch 54, loss 0.196215
| iteration 8420 / 30000, epoch 54, loss 0.370405
| iteration 8440 / 30000, epoch 55, loss 0.222156
| iteration 8460 / 30000, epoch 55, loss 0.259467
| iteration 8480 / 30000, epoch 55, loss 0.229870
| iteration 8500 / 30000, epoch 55, loss 0.241481
| iteration 8520 / 30000, epoch 55, loss 0.224565
| iteration 8540 / 30000, epoch 55, loss 0.190208
| iteration 8560 / 30000, epoch 55, loss 0.217327
| iteration 8580 / 30000, epoch 55, loss 0.239790
| iteration 8600 / 30000, epoch 56, loss 0.190434
| iteration 8620 / 30000, epoch 56, loss 0.166223
| iteration 8640 / 30000, epoch 56, loss 0.320691
| iteration 8660 / 30000, epoch 56, loss 0.190260
| iteration 8680 / 30000, epoch 56, loss 0.228571
| iteration 8700 / 30000, epoch 56, loss 0.202894
| iteration 8720 / 30000, epoch 56, loss 0.268661
| iteration 8740 / 30000, epoch 57, loss 0.265151
| iteration 8760 / 30000, epoch 57, loss 0.181821
| iteration 8780 / 30000, epoch 57, loss 0.220981
| iteration 8800 / 30000, epoch 57, loss 0.281461
| iteration 8820 / 30000, epoch 57, loss 0.136543
| iteration 8840 / 30000, epoch 57, loss 0.126022
| iteration 8860 / 30000, epoch 57, loss 0.137261
| iteration 8880 / 30000, epoch 57, loss 0.213765
| iteration 8900 / 30000, epoch 58, loss 0.188190
| iteration 8920 / 30000, epoch 58, loss 0.243939
| iteration 8940 / 30000, epoch 58, loss 0.232766
| iteration 8960 / 30000, epoch 58, loss 0.241220
| iteration 8980 / 30000, epoch 58, loss 0.224437
| iteration 9000 / 30000, epoch 58, loss 0.152961
| saving checkpoint
| iteration 9020 / 30000, epoch 58, loss 0.161198
| iteration 9040 / 30000, epoch 58, loss 0.162700
| iteration 9060 / 30000, epoch 59, loss 0.169518
| iteration 9080 / 30000, epoch 59, loss 0.164935
| iteration 9100 / 30000, epoch 59, loss 0.171512
| iteration 9120 / 30000, epoch 59, loss 0.196921
| iteration 9140 / 30000, epoch 59, loss 0.273917
| iteration 9160 / 30000, epoch 59, loss 0.099188
| iteration 9180 / 30000, epoch 59, loss 0.167094
| iteration 9200 / 30000, epoch 59, loss 0.283009
| iteration 9220 / 30000, epoch 60, loss 0.209479
| iteration 9240 / 30000, epoch 60, loss 0.261297
| iteration 9260 / 30000, epoch 60, loss 0.228942
| iteration 9280 / 30000, epoch 60, loss 0.329817
| iteration 9300 / 30000, epoch 60, loss 0.186540
| iteration 9320 / 30000, epoch 60, loss 0.138873
| iteration 9340 / 30000, epoch 60, loss 0.184533
| iteration 9360 / 30000, epoch 60, loss 0.306571
| checking validation loss
| validation acc about 선수진영 is 0.535714
| validation loss 0.227454
| best model
| iteration 9380 / 30000, epoch 61, loss 0.172215
| iteration 9400 / 30000, epoch 61, loss 0.148856
| iteration 9420 / 30000, epoch 61, loss 0.223723
| iteration 9440 / 30000, epoch 61, loss 0.118345
| iteration 9460 / 30000, epoch 61, loss 0.262611
| iteration 9480 / 30000, epoch 61, loss 0.125960
| iteration 9500 / 30000, epoch 61, loss 0.288318
| iteration 9520 / 30000, epoch 62, loss 0.203006
| iteration 9540 / 30000, epoch 62, loss 0.154171
| iteration 9560 / 30000, epoch 62, loss 0.172208
| iteration 9580 / 30000, epoch 62, loss 0.224163
| iteration 9600 / 30000, epoch 62, loss 0.082801
| iteration 9620 / 30000, epoch 62, loss 0.124913
| iteration 9640 / 30000, epoch 62, loss 0.120110
| iteration 9660 / 30000, epoch 62, loss 0.191005
| iteration 9680 / 30000, epoch 63, loss 0.190715
| iteration 9700 / 30000, epoch 63, loss 0.236556
| iteration 9720 / 30000, epoch 63, loss 0.163650
| iteration 9740 / 30000, epoch 63, loss 0.167559
| iteration 9760 / 30000, epoch 63, loss 0.334780
| iteration 9780 / 30000, epoch 63, loss 0.108857
| iteration 9800 / 30000, epoch 63, loss 0.123955
| iteration 9820 / 30000, epoch 63, loss 0.181183
| iteration 9840 / 30000, epoch 64, loss 0.191139
| iteration 9860 / 30000, epoch 64, loss 0.125777
| iteration 9880 / 30000, epoch 64, loss 0.166534
| iteration 9900 / 30000, epoch 64, loss 0.160602
| iteration 9920 / 30000, epoch 64, loss 0.258352
| iteration 9940 / 30000, epoch 64, loss 0.100036
| iteration 9960 / 30000, epoch 64, loss 0.135290
| iteration 9980 / 30000, epoch 64, loss 0.237326
| iteration 10000 / 30000, epoch 65, loss 0.203463
| saving checkpoint
| iteration 10020 / 30000, epoch 65, loss 0.236617
| iteration 10040 / 30000, epoch 65, loss 0.160443
| iteration 10060 / 30000, epoch 65, loss 0.180498
| iteration 10080 / 30000, epoch 65, loss 0.147652
| iteration 10100 / 30000, epoch 65, loss 0.117200
| iteration 10120 / 30000, epoch 65, loss 0.140144
| iteration 10140 / 30000, epoch 65, loss 0.271336
| iteration 10160 / 30000, epoch 66, loss 0.143764
| iteration 10180 / 30000, epoch 66, loss 0.129683
| iteration 10200 / 30000, epoch 66, loss 0.166555
| iteration 10220 / 30000, epoch 66, loss 0.072482
| iteration 10240 / 30000, epoch 66, loss 0.193324
| iteration 10260 / 30000, epoch 66, loss 0.098961
| iteration 10280 / 30000, epoch 66, loss 0.292847
| iteration 10300 / 30000, epoch 67, loss 0.131952
| iteration 10320 / 30000, epoch 67, loss 0.119715
| iteration 10340 / 30000, epoch 67, loss 0.268480
| iteration 10360 / 30000, epoch 67, loss 0.179459
| iteration 10380 / 30000, epoch 67, loss 0.058711
| iteration 10400 / 30000, epoch 67, loss 0.138691
| iteration 10420 / 30000, epoch 67, loss 0.152643
| iteration 10440 / 30000, epoch 67, loss 0.136031
| iteration 10460 / 30000, epoch 68, loss 0.208089
| iteration 10480 / 30000, epoch 68, loss 0.226898
| iteration 10500 / 30000, epoch 68, loss 0.141154
| iteration 10520 / 30000, epoch 68, loss 0.173065
| iteration 10540 / 30000, epoch 68, loss 0.192974
| iteration 10560 / 30000, epoch 68, loss 0.069982
| iteration 10580 / 30000, epoch 68, loss 0.090698
| iteration 10600 / 30000, epoch 68, loss 0.141211
| iteration 10620 / 30000, epoch 69, loss 0.202852
| iteration 10640 / 30000, epoch 69, loss 0.126390
| iteration 10660 / 30000, epoch 69, loss 0.193138
| iteration 10680 / 30000, epoch 69, loss 0.106925
| iteration 10700 / 30000, epoch 69, loss 0.184089
| iteration 10720 / 30000, epoch 69, loss 0.104823
| iteration 10740 / 30000, epoch 69, loss 0.120122
| iteration 10760 / 30000, epoch 69, loss 0.153576
| iteration 10780 / 30000, epoch 70, loss 0.230011
| iteration 10800 / 30000, epoch 70, loss 0.326729
| iteration 10820 / 30000, epoch 70, loss 0.165306
| iteration 10840 / 30000, epoch 70, loss 0.177197
| iteration 10860 / 30000, epoch 70, loss 0.143367
| iteration 10880 / 30000, epoch 70, loss 0.097755
| iteration 10900 / 30000, epoch 70, loss 0.098106
| iteration 10920 / 30000, epoch 70, loss 0.150958
| iteration 10940 / 30000, epoch 71, loss 0.170079
| iteration 10960 / 30000, epoch 71, loss 0.095201
| iteration 10980 / 30000, epoch 71, loss 0.126953
| iteration 11000 / 30000, epoch 71, loss 0.055856
| saving checkpoint
| iteration 11020 / 30000, epoch 71, loss 0.182532
| iteration 11040 / 30000, epoch 71, loss 0.082875
| iteration 11060 / 30000, epoch 71, loss 0.253801
| iteration 11080 / 30000, epoch 72, loss 0.103396
| iteration 11100 / 30000, epoch 72, loss 0.133654
| iteration 11120 / 30000, epoch 72, loss 0.207965
| iteration 11140 / 30000, epoch 72, loss 0.142261
| iteration 11160 / 30000, epoch 72, loss 0.038119
| iteration 11180 / 30000, epoch 72, loss 0.125790
| iteration 11200 / 30000, epoch 72, loss 0.135826
| iteration 11220 / 30000, epoch 72, loss 0.100347
| iteration 11240 / 30000, epoch 73, loss 0.191027
| iteration 11260 / 30000, epoch 73, loss 0.235610
| iteration 11280 / 30000, epoch 73, loss 0.104742
| iteration 11300 / 30000, epoch 73, loss 0.111465
| iteration 11320 / 30000, epoch 73, loss 0.206363
| iteration 11340 / 30000, epoch 73, loss 0.034751
| iteration 11360 / 30000, epoch 73, loss 0.054416
| iteration 11380 / 30000, epoch 73, loss 0.111885
| iteration 11400 / 30000, epoch 74, loss 0.139775
| iteration 11420 / 30000, epoch 74, loss 0.157859
| iteration 11440 / 30000, epoch 74, loss 0.148828
| iteration 11460 / 30000, epoch 74, loss 0.076247
| iteration 11480 / 30000, epoch 74, loss 0.172985
| iteration 11500 / 30000, epoch 74, loss 0.068938
| iteration 11520 / 30000, epoch 74, loss 0.078742
| iteration 11540 / 30000, epoch 74, loss 0.104013
| iteration 11560 / 30000, epoch 75, loss 0.170422
| iteration 11580 / 30000, epoch 75, loss 0.212953
| iteration 11600 / 30000, epoch 75, loss 0.101093
| iteration 11620 / 30000, epoch 75, loss 0.134858
| iteration 11640 / 30000, epoch 75, loss 0.136783
| iteration 11660 / 30000, epoch 75, loss 0.074700
| iteration 11680 / 30000, epoch 75, loss 0.129769
| iteration 11700 / 30000, epoch 75, loss 0.133182
| iteration 11720 / 30000, epoch 76, loss 0.062189
| iteration 11740 / 30000, epoch 76, loss 0.099820
| iteration 11760 / 30000, epoch 76, loss 0.130782
| iteration 11780 / 30000, epoch 76, loss 0.044633
| iteration 11800 / 30000, epoch 76, loss 0.050061
| iteration 11820 / 30000, epoch 76, loss 0.026100
| iteration 11840 / 30000, epoch 76, loss 0.208972
| iteration 11860 / 30000, epoch 77, loss 0.050849
| iteration 11880 / 30000, epoch 77, loss 0.148032
| iteration 11900 / 30000, epoch 77, loss 0.107249
| iteration 11920 / 30000, epoch 77, loss 0.136800
| iteration 11940 / 30000, epoch 77, loss 0.118574
| iteration 11960 / 30000, epoch 77, loss 0.134487
| iteration 11980 / 30000, epoch 77, loss 0.093077
| iteration 12000 / 30000, epoch 77, loss 0.037523
| saving checkpoint
| iteration 12020 / 30000, epoch 78, loss 0.041944
| iteration 12040 / 30000, epoch 78, loss 0.197202
| iteration 12060 / 30000, epoch 78, loss 0.060779
| iteration 12080 / 30000, epoch 78, loss 0.083414
| iteration 12100 / 30000, epoch 78, loss 0.124576
| iteration 12120 / 30000, epoch 78, loss 0.014924
| iteration 12140 / 30000, epoch 78, loss 0.046217
| iteration 12160 / 30000, epoch 78, loss 0.098160
| iteration 12180 / 30000, epoch 79, loss 0.041557
| iteration 12200 / 30000, epoch 79, loss 0.149029
| iteration 12220 / 30000, epoch 79, loss 0.144545
| iteration 12240 / 30000, epoch 79, loss 0.073651
| iteration 12260 / 30000, epoch 79, loss 0.072314
| iteration 12280 / 30000, epoch 79, loss 0.026677
| iteration 12300 / 30000, epoch 79, loss 0.082255
| iteration 12320 / 30000, epoch 79, loss 0.053570
| iteration 12340 / 30000, epoch 80, loss 0.102119
| iteration 12360 / 30000, epoch 80, loss 0.210554
| iteration 12380 / 30000, epoch 80, loss 0.159745
| iteration 12400 / 30000, epoch 80, loss 0.090549
| iteration 12420 / 30000, epoch 80, loss 0.060613
| iteration 12440 / 30000, epoch 80, loss 0.054162
| iteration 12460 / 30000, epoch 80, loss 0.061868
| iteration 12480 / 30000, epoch 80, loss 0.048154
| checking validation loss
| validation acc about 선수진영 is 0.571429
| validation loss 0.243458
| iteration 12500 / 30000, epoch 81, loss 0.045516
| iteration 12520 / 30000, epoch 81, loss 0.091642
| iteration 12540 / 30000, epoch 81, loss 0.052780
| iteration 12560 / 30000, epoch 81, loss 0.030566
| iteration 12580 / 30000, epoch 81, loss 0.059332
| iteration 12600 / 30000, epoch 81, loss 0.026513
| iteration 12620 / 30000, epoch 81, loss 0.143290
| iteration 12640 / 30000, epoch 82, loss 0.024794
| iteration 12660 / 30000, epoch 82, loss 0.036451
| iteration 12680 / 30000, epoch 82, loss 0.054222
| iteration 12700 / 30000, epoch 82, loss 0.126647
| iteration 12720 / 30000, epoch 82, loss 0.029920
| iteration 12740 / 30000, epoch 82, loss 0.035085
| iteration 12760 / 30000, epoch 82, loss 0.058095
| iteration 12780 / 30000, epoch 82, loss 0.011028
| iteration 12800 / 30000, epoch 83, loss 0.023672
| iteration 12820 / 30000, epoch 83, loss 0.081832
| iteration 12840 / 30000, epoch 83, loss 0.031704
| iteration 12860 / 30000, epoch 83, loss 0.077790
| iteration 12880 / 30000, epoch 83, loss 0.042754
| iteration 12900 / 30000, epoch 83, loss 0.023719
| iteration 12920 / 30000, epoch 83, loss 0.037320
| iteration 12940 / 30000, epoch 83, loss 0.038917
| iteration 12960 / 30000, epoch 84, loss 0.036928
| iteration 12980 / 30000, epoch 84, loss 0.111138
| iteration 13000 / 30000, epoch 84, loss 0.076101
| saving checkpoint
| iteration 13020 / 30000, epoch 84, loss 0.016004
| iteration 13040 / 30000, epoch 84, loss 0.027553
| iteration 13060 / 30000, epoch 84, loss 0.021959
| iteration 13080 / 30000, epoch 84, loss 0.024785
| iteration 13100 / 30000, epoch 84, loss 0.030075
| iteration 13120 / 30000, epoch 85, loss 0.017667
| iteration 13140 / 30000, epoch 85, loss 0.034680
| iteration 13160 / 30000, epoch 85, loss 0.056270
| iteration 13180 / 30000, epoch 85, loss 0.040685
| iteration 13200 / 30000, epoch 85, loss 0.018758
| iteration 13220 / 30000, epoch 85, loss 0.077752
| iteration 13240 / 30000, epoch 85, loss 0.026130
| iteration 13260 / 30000, epoch 85, loss 0.066611
| iteration 13280 / 30000, epoch 86, loss 0.044692
| iteration 13300 / 30000, epoch 86, loss 0.031218
| iteration 13320 / 30000, epoch 86, loss 0.036555
| iteration 13340 / 30000, epoch 86, loss 0.029288
| iteration 13360 / 30000, epoch 86, loss 0.068487
| iteration 13380 / 30000, epoch 86, loss 0.039513
| iteration 13400 / 30000, epoch 86, loss 0.054773
| iteration 13420 / 30000, epoch 87, loss 0.055997
| iteration 13440 / 30000, epoch 87, loss 0.042768
| iteration 13460 / 30000, epoch 87, loss 0.018723
| iteration 13480 / 30000, epoch 87, loss 0.117686
| iteration 13500 / 30000, epoch 87, loss 0.036206
| iteration 13520 / 30000, epoch 87, loss 0.019796
| iteration 13540 / 30000, epoch 87, loss 0.031669
| iteration 13560 / 30000, epoch 87, loss 0.013117
| iteration 13580 / 30000, epoch 88, loss 0.053886
| iteration 13600 / 30000, epoch 88, loss 0.058412
| iteration 13620 / 30000, epoch 88, loss 0.023400
| iteration 13640 / 30000, epoch 88, loss 0.028340
| iteration 13660 / 30000, epoch 88, loss 0.063772
| iteration 13680 / 30000, epoch 88, loss 0.010271
| iteration 13700 / 30000, epoch 88, loss 0.019745
| iteration 13720 / 30000, epoch 88, loss 0.024424
| iteration 13740 / 30000, epoch 89, loss 0.055776
| iteration 13760 / 30000, epoch 89, loss 0.053372
| iteration 13780 / 30000, epoch 89, loss 0.033422
| iteration 13800 / 30000, epoch 89, loss 0.029534
| iteration 13820 / 30000, epoch 89, loss 0.031163
| iteration 13840 / 30000, epoch 89, loss 0.007093
| iteration 13860 / 30000, epoch 89, loss 0.031457
| iteration 13880 / 30000, epoch 89, loss 0.015152
| iteration 13900 / 30000, epoch 90, loss 0.028392
| iteration 13920 / 30000, epoch 90, loss 0.014239
| iteration 13940 / 30000, epoch 90, loss 0.037359
| iteration 13960 / 30000, epoch 90, loss 0.012577
| iteration 13980 / 30000, epoch 90, loss 0.019242
| iteration 14000 / 30000, epoch 90, loss 0.019590
| saving checkpoint
| iteration 14020 / 30000, epoch 90, loss 0.016208
| iteration 14040 / 30000, epoch 90, loss 0.043809
| iteration 14060 / 30000, epoch 91, loss 0.053484
| iteration 14080 / 30000, epoch 91, loss 0.023528
| iteration 14100 / 30000, epoch 91, loss 0.021009
| iteration 14120 / 30000, epoch 91, loss 0.026374
| iteration 14140 / 30000, epoch 91, loss 0.025906
| iteration 14160 / 30000, epoch 91, loss 0.005305
| iteration 14180 / 30000, epoch 91, loss 0.050541
| iteration 14200 / 30000, epoch 92, loss 0.027384
| iteration 14220 / 30000, epoch 92, loss 0.042273
| iteration 14240 / 30000, epoch 92, loss 0.030673
| iteration 14260 / 30000, epoch 92, loss 0.153032
| iteration 14280 / 30000, epoch 92, loss 0.019658
| iteration 14300 / 30000, epoch 92, loss 0.038295
| iteration 14320 / 30000, epoch 92, loss 0.005469
| iteration 14340 / 30000, epoch 92, loss 0.033091
| iteration 14360 / 30000, epoch 93, loss 0.005353
| iteration 14380 / 30000, epoch 93, loss 0.078475
| iteration 14400 / 30000, epoch 93, loss 0.012981
| iteration 14420 / 30000, epoch 93, loss 0.011663
| iteration 14440 / 30000, epoch 93, loss 0.065179
| iteration 14460 / 30000, epoch 93, loss 0.015811
| iteration 14480 / 30000, epoch 93, loss 0.012167
| iteration 14500 / 30000, epoch 93, loss 0.013928
| iteration 14520 / 30000, epoch 94, loss 0.021690
| iteration 14540 / 30000, epoch 94, loss 0.014881
| iteration 14560 / 30000, epoch 94, loss 0.064937
| iteration 14580 / 30000, epoch 94, loss 0.034811
| iteration 14600 / 30000, epoch 94, loss 0.027849
| iteration 14620 / 30000, epoch 94, loss 0.019936
| iteration 14640 / 30000, epoch 94, loss 0.064162
| iteration 14660 / 30000, epoch 94, loss 0.028999
| iteration 14680 / 30000, epoch 95, loss 0.083914
| iteration 14700 / 30000, epoch 95, loss 0.011886
| iteration 14720 / 30000, epoch 95, loss 0.083360
| iteration 14740 / 30000, epoch 95, loss 0.043137
| iteration 14760 / 30000, epoch 95, loss 0.038487
| iteration 14780 / 30000, epoch 95, loss 0.019022
| iteration 14800 / 30000, epoch 95, loss 0.016138
| iteration 14820 / 30000, epoch 95, loss 0.024155
| iteration 14840 / 30000, epoch 96, loss 0.042854
| iteration 14860 / 30000, epoch 96, loss 0.014943
| iteration 14880 / 30000, epoch 96, loss 0.017535
| iteration 14900 / 30000, epoch 96, loss 0.015287
| iteration 14920 / 30000, epoch 96, loss 0.022248
| iteration 14940 / 30000, epoch 96, loss 0.016428
| iteration 14960 / 30000, epoch 96, loss 0.012984
| iteration 14980 / 30000, epoch 97, loss 0.015368
| iteration 15000 / 30000, epoch 97, loss 0.030349
| saving checkpoint
| iteration 15020 / 30000, epoch 97, loss 0.001193
| iteration 15040 / 30000, epoch 97, loss 0.108972
| iteration 15060 / 30000, epoch 97, loss 0.065691
| iteration 15080 / 30000, epoch 97, loss 0.045876
| iteration 15100 / 30000, epoch 97, loss 0.024815
| iteration 15120 / 30000, epoch 97, loss 0.016189
| iteration 15140 / 30000, epoch 98, loss 0.012324
| iteration 15160 / 30000, epoch 98, loss 0.033021
| iteration 15180 / 30000, epoch 98, loss 0.020264
| iteration 15200 / 30000, epoch 98, loss 0.012359
| iteration 15220 / 30000, epoch 98, loss 0.014160
| iteration 15240 / 30000, epoch 98, loss 0.014820
| iteration 15260 / 30000, epoch 98, loss 0.033981
| iteration 15280 / 30000, epoch 98, loss 0.009381
| iteration 15300 / 30000, epoch 99, loss 0.012255
| iteration 15320 / 30000, epoch 99, loss 0.011725
| iteration 15340 / 30000, epoch 99, loss 0.017107
| iteration 15360 / 30000, epoch 99, loss 0.013651
| iteration 15380 / 30000, epoch 99, loss 0.008138
| iteration 15400 / 30000, epoch 99, loss 0.033712
| iteration 15420 / 30000, epoch 99, loss 0.013000
| iteration 15440 / 30000, epoch 99, loss 0.034305
| iteration 15460 / 30000, epoch 100, loss 0.030235
| iteration 15480 / 30000, epoch 100, loss 0.004998
| iteration 15500 / 30000, epoch 100, loss 0.028359
| iteration 15520 / 30000, epoch 100, loss 0.009568
| iteration 15540 / 30000, epoch 100, loss 0.020429
| iteration 15560 / 30000, epoch 100, loss 0.015979
| iteration 15580 / 30000, epoch 100, loss 0.006654
| iteration 15600 / 30000, epoch 100, loss 0.013082
| checking validation loss
| validation acc about 선수진영 is 0.607143
| validation loss 0.229180
| iteration 15620 / 30000, epoch 101, loss 0.082880
| iteration 15640 / 30000, epoch 101, loss 0.010408
| iteration 15660 / 30000, epoch 101, loss 0.012919
| iteration 15680 / 30000, epoch 101, loss 0.013451
| iteration 15700 / 30000, epoch 101, loss 0.021862
| iteration 15720 / 30000, epoch 101, loss 0.006313
| iteration 15740 / 30000, epoch 101, loss 0.027994
| iteration 15760 / 30000, epoch 102, loss 0.020269
| iteration 15780 / 30000, epoch 102, loss 0.002544
| iteration 15800 / 30000, epoch 102, loss 0.019093
| iteration 15820 / 30000, epoch 102, loss 0.096089
| iteration 15840 / 30000, epoch 102, loss 0.001901
| iteration 15860 / 30000, epoch 102, loss 0.015348
| iteration 15880 / 30000, epoch 102, loss 0.017674
| iteration 15900 / 30000, epoch 102, loss 0.037420
| iteration 15920 / 30000, epoch 103, loss 0.032337
| iteration 15940 / 30000, epoch 103, loss 0.011274
| iteration 15960 / 30000, epoch 103, loss 0.008000
| iteration 15980 / 30000, epoch 103, loss 0.003980
| iteration 16000 / 30000, epoch 103, loss 0.009342
| saving checkpoint
| iteration 16020 / 30000, epoch 103, loss 0.006492
| iteration 16040 / 30000, epoch 103, loss 0.028860
| iteration 16060 / 30000, epoch 103, loss 0.010717
| iteration 16080 / 30000, epoch 104, loss 0.012177
| iteration 16100 / 30000, epoch 104, loss 0.025315
| iteration 16120 / 30000, epoch 104, loss 0.016892
| iteration 16140 / 30000, epoch 104, loss 0.004596
| iteration 16160 / 30000, epoch 104, loss 0.011264
| iteration 16180 / 30000, epoch 104, loss 0.017147
| iteration 16200 / 30000, epoch 104, loss 0.011714
| iteration 16220 / 30000, epoch 104, loss 0.004861
| iteration 16240 / 30000, epoch 105, loss 0.028759
| iteration 16260 / 30000, epoch 105, loss 0.020637
| iteration 16280 / 30000, epoch 105, loss 0.017617
| iteration 16300 / 30000, epoch 105, loss 0.005170
| iteration 16320 / 30000, epoch 105, loss 0.015876
| iteration 16340 / 30000, epoch 105, loss 0.014858
| iteration 16360 / 30000, epoch 105, loss 0.005870
| iteration 16380 / 30000, epoch 105, loss 0.016419
| iteration 16400 / 30000, epoch 106, loss 0.023790
| iteration 16420 / 30000, epoch 106, loss 0.008094
| iteration 16440 / 30000, epoch 106, loss 0.004292
| iteration 16460 / 30000, epoch 106, loss 0.028966
| iteration 16480 / 30000, epoch 106, loss 0.011301
| iteration 16500 / 30000, epoch 106, loss 0.022568
| iteration 16520 / 30000, epoch 106, loss 0.021086
| iteration 16540 / 30000, epoch 107, loss 0.008701
| iteration 16560 / 30000, epoch 107, loss 0.006592
| iteration 16580 / 30000, epoch 107, loss 0.006509
| iteration 16600 / 30000, epoch 107, loss 0.086739
| iteration 16620 / 30000, epoch 107, loss 0.011009
| iteration 16640 / 30000, epoch 107, loss 0.008817
| iteration 16660 / 30000, epoch 107, loss 0.006722
| iteration 16680 / 30000, epoch 107, loss 0.010180
| iteration 16700 / 30000, epoch 108, loss 0.021517
| iteration 16720 / 30000, epoch 108, loss 0.013493
| iteration 16740 / 30000, epoch 108, loss 0.017895
| iteration 16760 / 30000, epoch 108, loss 0.012193
| iteration 16780 / 30000, epoch 108, loss 0.004620
| iteration 16800 / 30000, epoch 108, loss 0.004725
| iteration 16820 / 30000, epoch 108, loss 0.017615
| iteration 16840 / 30000, epoch 108, loss 0.007461
| iteration 16860 / 30000, epoch 109, loss 0.014684
| iteration 16880 / 30000, epoch 109, loss 0.008342
| iteration 16900 / 30000, epoch 109, loss 0.007864
| iteration 16920 / 30000, epoch 109, loss 0.009647
| iteration 16940 / 30000, epoch 109, loss 0.013924
| iteration 16960 / 30000, epoch 109, loss 0.007325
| iteration 16980 / 30000, epoch 109, loss 0.007358
| iteration 17000 / 30000, epoch 109, loss 0.007130
| saving checkpoint
| iteration 17020 / 30000, epoch 110, loss 0.007473
| iteration 17040 / 30000, epoch 110, loss 0.003052
| iteration 17060 / 30000, epoch 110, loss 0.012899
| iteration 17080 / 30000, epoch 110, loss 0.002601
| iteration 17100 / 30000, epoch 110, loss 0.018410
| iteration 17120 / 30000, epoch 110, loss 0.009397
| iteration 17140 / 30000, epoch 110, loss 0.003652
| iteration 17160 / 30000, epoch 110, loss 0.002783
| iteration 17180 / 30000, epoch 111, loss 0.006631
| iteration 17200 / 30000, epoch 111, loss 0.002199
| iteration 17220 / 30000, epoch 111, loss 0.001789
| iteration 17240 / 30000, epoch 111, loss 0.004607
| iteration 17260 / 30000, epoch 111, loss 0.008164
| iteration 17280 / 30000, epoch 111, loss 0.002321
| iteration 17300 / 30000, epoch 111, loss 0.013927
| iteration 17320 / 30000, epoch 112, loss 0.003981
| iteration 17340 / 30000, epoch 112, loss 0.009054
| iteration 17360 / 30000, epoch 112, loss 0.016019
| iteration 17380 / 30000, epoch 112, loss 0.012421
| iteration 17400 / 30000, epoch 112, loss 0.010595
| iteration 17420 / 30000, epoch 112, loss 0.009903
| iteration 17440 / 30000, epoch 112, loss 0.002120
| iteration 17460 / 30000, epoch 112, loss 0.006656
| iteration 17480 / 30000, epoch 113, loss 0.028061
| iteration 17500 / 30000, epoch 113, loss 0.007456
| iteration 17520 / 30000, epoch 113, loss 0.006489
| iteration 17540 / 30000, epoch 113, loss 0.005474
| iteration 17560 / 30000, epoch 113, loss 0.007743
| iteration 17580 / 30000, epoch 113, loss 0.004998
| iteration 17600 / 30000, epoch 113, loss 0.004738
| iteration 17620 / 30000, epoch 113, loss 0.007336
| iteration 17640 / 30000, epoch 114, loss 0.029688
| iteration 17660 / 30000, epoch 114, loss 0.009554
| iteration 17680 / 30000, epoch 114, loss 0.003473
| iteration 17700 / 30000, epoch 114, loss 0.013630
| iteration 17720 / 30000, epoch 114, loss 0.006225
| iteration 17740 / 30000, epoch 114, loss 0.012893
| iteration 17760 / 30000, epoch 114, loss 0.005668
| iteration 17780 / 30000, epoch 114, loss 0.011606
| iteration 17800 / 30000, epoch 115, loss 0.041066
| iteration 17820 / 30000, epoch 115, loss 0.012864
| iteration 17840 / 30000, epoch 115, loss 0.004997
| iteration 17860 / 30000, epoch 115, loss 0.004805
| iteration 17880 / 30000, epoch 115, loss 0.009252
| iteration 17900 / 30000, epoch 115, loss 0.007728
| iteration 17920 / 30000, epoch 115, loss 0.004702
| iteration 17940 / 30000, epoch 115, loss 0.008322
| iteration 17960 / 30000, epoch 116, loss 0.023768
| iteration 17980 / 30000, epoch 116, loss 0.019051
| iteration 18000 / 30000, epoch 116, loss 0.004694
| saving checkpoint
| iteration 18020 / 30000, epoch 116, loss 0.022275
| iteration 18040 / 30000, epoch 116, loss 0.013787
| iteration 18060 / 30000, epoch 116, loss 0.009050
| iteration 18080 / 30000, epoch 116, loss 0.009366
| iteration 18100 / 30000, epoch 117, loss 0.015041
| iteration 18120 / 30000, epoch 117, loss 0.011176
| iteration 18140 / 30000, epoch 117, loss 0.034841
| iteration 18160 / 30000, epoch 117, loss 0.017034
| iteration 18180 / 30000, epoch 117, loss 0.005251
| iteration 18200 / 30000, epoch 117, loss 0.032114
| iteration 18220 / 30000, epoch 117, loss 0.006926
| iteration 18240 / 30000, epoch 117, loss 0.004159
| iteration 18260 / 30000, epoch 118, loss 0.011229
| iteration 18280 / 30000, epoch 118, loss 0.003811
| iteration 18300 / 30000, epoch 118, loss 0.017965
| iteration 18320 / 30000, epoch 118, loss 0.012874
| iteration 18340 / 30000, epoch 118, loss 0.013350
| iteration 18360 / 30000, epoch 118, loss 0.013359
| iteration 18380 / 30000, epoch 118, loss 0.003439
| iteration 18400 / 30000, epoch 118, loss 0.009838
| iteration 18420 / 30000, epoch 119, loss 0.018073
| iteration 18440 / 30000, epoch 119, loss 0.008816
| iteration 18460 / 30000, epoch 119, loss 0.009724
| iteration 18480 / 30000, epoch 119, loss 0.007584
| iteration 18500 / 30000, epoch 119, loss 0.009834
| iteration 18520 / 30000, epoch 119, loss 0.019020
| iteration 18540 / 30000, epoch 119, loss 0.003831
| iteration 18560 / 30000, epoch 119, loss 0.016571
| iteration 18580 / 30000, epoch 120, loss 0.008272
| iteration 18600 / 30000, epoch 120, loss 0.003431
| iteration 18620 / 30000, epoch 120, loss 0.010087
| iteration 18640 / 30000, epoch 120, loss 0.011499
| iteration 18660 / 30000, epoch 120, loss 0.004563
| iteration 18680 / 30000, epoch 120, loss 0.008728
| iteration 18700 / 30000, epoch 120, loss 0.012114
| iteration 18720 / 30000, epoch 120, loss 0.012435
| checking validation loss
| validation acc about 선수진영 is 0.964286
| validation loss 0.069449
| best model
| iteration 18740 / 30000, epoch 121, loss 0.013810
| iteration 18760 / 30000, epoch 121, loss 0.005519
| iteration 18780 / 30000, epoch 121, loss 0.010362
| iteration 18800 / 30000, epoch 121, loss 0.005246
| iteration 18820 / 30000, epoch 121, loss 0.014945
| iteration 18840 / 30000, epoch 121, loss 0.006537
| iteration 18860 / 30000, epoch 121, loss 0.004892
| iteration 18880 / 30000, epoch 122, loss 0.012603
| iteration 18900 / 30000, epoch 122, loss 0.007905
| iteration 18920 / 30000, epoch 122, loss 0.005678
| iteration 18940 / 30000, epoch 122, loss 0.006431
| iteration 18960 / 30000, epoch 122, loss 0.005739
| iteration 18980 / 30000, epoch 122, loss 0.006495
| iteration 19000 / 30000, epoch 122, loss 0.003769
| saving checkpoint
| iteration 19020 / 30000, epoch 122, loss 0.005107
| iteration 19040 / 30000, epoch 123, loss 0.004373
| iteration 19060 / 30000, epoch 123, loss 0.016413
| iteration 19080 / 30000, epoch 123, loss 0.004963
| iteration 19100 / 30000, epoch 123, loss 0.001138
| iteration 19120 / 30000, epoch 123, loss 0.004358
| iteration 19140 / 30000, epoch 123, loss 0.000270
| iteration 19160 / 30000, epoch 123, loss 0.001018
| iteration 19180 / 30000, epoch 123, loss 0.005261
| iteration 19200 / 30000, epoch 124, loss 0.010571
| iteration 19220 / 30000, epoch 124, loss 0.003866
| iteration 19240 / 30000, epoch 124, loss 0.009440
| iteration 19260 / 30000, epoch 124, loss 0.002847
| iteration 19280 / 30000, epoch 124, loss 0.002450
| iteration 19300 / 30000, epoch 124, loss 0.002567
| iteration 19320 / 30000, epoch 124, loss 0.002743
| iteration 19340 / 30000, epoch 124, loss 0.017249
| iteration 19360 / 30000, epoch 125, loss 0.019556
| iteration 19380 / 30000, epoch 125, loss 0.003081
| iteration 19400 / 30000, epoch 125, loss 0.005339
| iteration 19420 / 30000, epoch 125, loss 0.007493
| iteration 19440 / 30000, epoch 125, loss 0.001889
| iteration 19460 / 30000, epoch 125, loss 0.005036
| iteration 19480 / 30000, epoch 125, loss 0.003323
| iteration 19500 / 30000, epoch 125, loss 0.008703
| iteration 19520 / 30000, epoch 126, loss 0.033462
| iteration 19540 / 30000, epoch 126, loss 0.004385
| iteration 19560 / 30000, epoch 126, loss 0.004565
| iteration 19580 / 30000, epoch 126, loss 0.003566
| iteration 19600 / 30000, epoch 126, loss 0.008247
| iteration 19620 / 30000, epoch 126, loss 0.004010
| iteration 19640 / 30000, epoch 126, loss 0.006114
| iteration 19660 / 30000, epoch 127, loss 0.005874
| iteration 19680 / 30000, epoch 127, loss 0.001774
| iteration 19700 / 30000, epoch 127, loss 0.002948
| iteration 19720 / 30000, epoch 127, loss 0.019811
| iteration 19740 / 30000, epoch 127, loss 0.003370
| iteration 19760 / 30000, epoch 127, loss 0.010811
| iteration 19780 / 30000, epoch 127, loss 0.009722
| iteration 19800 / 30000, epoch 127, loss 0.000480
| iteration 19820 / 30000, epoch 128, loss 0.012879
| iteration 19840 / 30000, epoch 128, loss 0.005670
| iteration 19860 / 30000, epoch 128, loss 0.003786
| iteration 19880 / 30000, epoch 128, loss 0.003955
| iteration 19900 / 30000, epoch 128, loss 0.006928
| iteration 19920 / 30000, epoch 128, loss 0.015299
| iteration 19940 / 30000, epoch 128, loss 0.003103
| iteration 19960 / 30000, epoch 128, loss 0.003917
| iteration 19980 / 30000, epoch 129, loss 0.009249
| iteration 20000 / 30000, epoch 129, loss 0.006074
| saving checkpoint
| iteration 20020 / 30000, epoch 129, loss 0.002490
| iteration 20040 / 30000, epoch 129, loss 0.004259
| iteration 20060 / 30000, epoch 129, loss 0.005066
| iteration 20080 / 30000, epoch 129, loss 0.008526
| iteration 20100 / 30000, epoch 129, loss 0.013975
| iteration 20120 / 30000, epoch 129, loss 0.002471
| iteration 20140 / 30000, epoch 130, loss 0.006461
| iteration 20160 / 30000, epoch 130, loss 0.004002
| iteration 20180 / 30000, epoch 130, loss 0.007935
| iteration 20200 / 30000, epoch 130, loss 0.009970
| iteration 20220 / 30000, epoch 130, loss 0.008977
| iteration 20240 / 30000, epoch 130, loss 0.002235
| iteration 20260 / 30000, epoch 130, loss 0.010100
| iteration 20280 / 30000, epoch 130, loss 0.003967
| iteration 20300 / 30000, epoch 131, loss 0.013320
| iteration 20320 / 30000, epoch 131, loss 0.018509
| iteration 20340 / 30000, epoch 131, loss 0.007758
| iteration 20360 / 30000, epoch 131, loss 0.007141
| iteration 20380 / 30000, epoch 131, loss 0.018027
| iteration 20400 / 30000, epoch 131, loss 0.000476
| iteration 20420 / 30000, epoch 131, loss 0.006202
| iteration 20440 / 30000, epoch 132, loss 0.004326
| iteration 20460 / 30000, epoch 132, loss 0.001677
| iteration 20480 / 30000, epoch 132, loss 0.016104
| iteration 20500 / 30000, epoch 132, loss 0.013365
| iteration 20520 / 30000, epoch 132, loss 0.005749
| iteration 20540 / 30000, epoch 132, loss 0.012463
| iteration 20560 / 30000, epoch 132, loss 0.000808
| iteration 20580 / 30000, epoch 132, loss 0.008805
| iteration 20600 / 30000, epoch 133, loss 0.012826
| iteration 20620 / 30000, epoch 133, loss 0.004666
| iteration 20640 / 30000, epoch 133, loss 0.001329
| iteration 20660 / 30000, epoch 133, loss 0.002198
| iteration 20680 / 30000, epoch 133, loss 0.026228
| iteration 20700 / 30000, epoch 133, loss 0.006851
| iteration 20720 / 30000, epoch 133, loss 0.006305
| iteration 20740 / 30000, epoch 133, loss 0.004037
| iteration 20760 / 30000, epoch 134, loss 0.010281
| iteration 20780 / 30000, epoch 134, loss 0.006934
| iteration 20800 / 30000, epoch 134, loss 0.012553
| iteration 20820 / 30000, epoch 134, loss 0.004685
| iteration 20840 / 30000, epoch 134, loss 0.006347
| iteration 20860 / 30000, epoch 134, loss 0.013754
| iteration 20880 / 30000, epoch 134, loss 0.005270
| iteration 20900 / 30000, epoch 134, loss 0.008633
| iteration 20920 / 30000, epoch 135, loss 0.010397
| iteration 20940 / 30000, epoch 135, loss 0.003220
| iteration 20960 / 30000, epoch 135, loss 0.002504
| iteration 20980 / 30000, epoch 135, loss 0.006592
| iteration 21000 / 30000, epoch 135, loss 0.011970
| saving checkpoint
| iteration 21020 / 30000, epoch 135, loss 0.011117
| iteration 21040 / 30000, epoch 135, loss 0.005790
| iteration 21060 / 30000, epoch 135, loss 0.003775
| iteration 21080 / 30000, epoch 136, loss 0.005424
| iteration 21100 / 30000, epoch 136, loss 0.008203
| iteration 21120 / 30000, epoch 136, loss 0.005803
| iteration 21140 / 30000, epoch 136, loss 0.004656
| iteration 21160 / 30000, epoch 136, loss 0.002092
| iteration 21180 / 30000, epoch 136, loss 0.011869
| iteration 21200 / 30000, epoch 136, loss 0.001775
| iteration 21220 / 30000, epoch 137, loss 0.006425
| iteration 21240 / 30000, epoch 137, loss 0.007831
| iteration 21260 / 30000, epoch 137, loss 0.004964
| iteration 21280 / 30000, epoch 137, loss 0.015053
| iteration 21300 / 30000, epoch 137, loss 0.005128
| iteration 21320 / 30000, epoch 137, loss 0.010146
| iteration 21340 / 30000, epoch 137, loss 0.013650
| iteration 21360 / 30000, epoch 137, loss 0.011015
| iteration 21380 / 30000, epoch 138, loss 0.027029
| iteration 21400 / 30000, epoch 138, loss 0.005224
| iteration 21420 / 30000, epoch 138, loss 0.003440
| iteration 21440 / 30000, epoch 138, loss 0.005369
| iteration 21460 / 30000, epoch 138, loss 0.006225
| iteration 21480 / 30000, epoch 138, loss 0.002366
| iteration 21500 / 30000, epoch 138, loss 0.015160
| iteration 21520 / 30000, epoch 138, loss 0.005205
| iteration 21540 / 30000, epoch 139, loss 0.011857
| iteration 21560 / 30000, epoch 139, loss 0.010890
| iteration 21580 / 30000, epoch 139, loss 0.006838
| iteration 21600 / 30000, epoch 139, loss 0.006356
| iteration 21620 / 30000, epoch 139, loss 0.002644
| iteration 21640 / 30000, epoch 139, loss 0.001345
| iteration 21660 / 30000, epoch 139, loss 0.005242
| iteration 21680 / 30000, epoch 139, loss 0.004532
| iteration 21700 / 30000, epoch 140, loss 0.006163
| iteration 21720 / 30000, epoch 140, loss 0.009180
| iteration 21740 / 30000, epoch 140, loss 0.001826
| iteration 21760 / 30000, epoch 140, loss 0.002266
| iteration 21780 / 30000, epoch 140, loss 0.008256
| iteration 21800 / 30000, epoch 140, loss 0.002790
| iteration 21820 / 30000, epoch 140, loss 0.005284
| iteration 21840 / 30000, epoch 140, loss 0.007125
| checking validation loss
| validation acc about 선수진영 is 0.964286
| validation loss 0.090639
| iteration 21860 / 30000, epoch 141, loss 0.003991
| iteration 21880 / 30000, epoch 141, loss 0.009698
| iteration 21900 / 30000, epoch 141, loss 0.004581
| iteration 21920 / 30000, epoch 141, loss 0.003906
| iteration 21940 / 30000, epoch 141, loss 0.006604
| iteration 21960 / 30000, epoch 141, loss 0.001630
| iteration 21980 / 30000, epoch 141, loss 0.005676
| iteration 22000 / 30000, epoch 142, loss 0.007306
| saving checkpoint
| iteration 22020 / 30000, epoch 142, loss 0.002009
| iteration 22040 / 30000, epoch 142, loss 0.010054
| iteration 22060 / 30000, epoch 142, loss 0.013017
| iteration 22080 / 30000, epoch 142, loss 0.009292
| iteration 22100 / 30000, epoch 142, loss 0.003404
| iteration 22120 / 30000, epoch 142, loss 0.003758
| iteration 22140 / 30000, epoch 142, loss 0.005486
| iteration 22160 / 30000, epoch 143, loss 0.011129
| iteration 22180 / 30000, epoch 143, loss 0.008284
| iteration 22200 / 30000, epoch 143, loss 0.004968
| iteration 22220 / 30000, epoch 143, loss 0.013939
| iteration 22240 / 30000, epoch 143, loss 0.006695
| iteration 22260 / 30000, epoch 143, loss 0.006858
| iteration 22280 / 30000, epoch 143, loss 0.006143
| iteration 22300 / 30000, epoch 143, loss 0.005088
| iteration 22320 / 30000, epoch 144, loss 0.002732
| iteration 22340 / 30000, epoch 144, loss 0.004387
| iteration 22360 / 30000, epoch 144, loss 0.003712
| iteration 22380 / 30000, epoch 144, loss 0.019028
| iteration 22400 / 30000, epoch 144, loss 0.032639
| iteration 22420 / 30000, epoch 144, loss 0.004111
| iteration 22440 / 30000, epoch 144, loss 0.012760
| iteration 22460 / 30000, epoch 144, loss 0.003934
| iteration 22480 / 30000, epoch 145, loss 0.006059
| iteration 22500 / 30000, epoch 145, loss 0.005874
| iteration 22520 / 30000, epoch 145, loss 0.004898
| iteration 22540 / 30000, epoch 145, loss 0.004019
| iteration 22560 / 30000, epoch 145, loss 0.065762
| iteration 22580 / 30000, epoch 145, loss 0.010939
| iteration 22600 / 30000, epoch 145, loss 0.023075
| iteration 22620 / 30000, epoch 145, loss 0.012743
| iteration 22640 / 30000, epoch 146, loss 0.011040
| iteration 22660 / 30000, epoch 146, loss 0.001452
| iteration 22680 / 30000, epoch 146, loss 0.003262
| iteration 22700 / 30000, epoch 146, loss 0.006587
| iteration 22720 / 30000, epoch 146, loss 0.042413
| iteration 22740 / 30000, epoch 146, loss 0.013495
| iteration 22760 / 30000, epoch 146, loss 0.007570
| iteration 22780 / 30000, epoch 147, loss 0.013025
| iteration 22800 / 30000, epoch 147, loss 0.006489
| iteration 22820 / 30000, epoch 147, loss 0.004349
| iteration 22840 / 30000, epoch 147, loss 0.002344
| iteration 22860 / 30000, epoch 147, loss 0.024820
| iteration 22880 / 30000, epoch 147, loss 0.028766
| iteration 22900 / 30000, epoch 147, loss 0.005166
| iteration 22920 / 30000, epoch 147, loss 0.009942
| iteration 22940 / 30000, epoch 148, loss 0.010137
| iteration 22960 / 30000, epoch 148, loss 0.003997
| iteration 22980 / 30000, epoch 148, loss 0.009780
| iteration 23000 / 30000, epoch 148, loss 0.009288
| saving checkpoint
| iteration 23020 / 30000, epoch 148, loss 0.005479
| iteration 23040 / 30000, epoch 148, loss 0.018921
| iteration 23060 / 30000, epoch 148, loss 0.002317
| iteration 23080 / 30000, epoch 148, loss 0.003570
| iteration 23100 / 30000, epoch 149, loss 0.013311
| iteration 23120 / 30000, epoch 149, loss 0.005064
| iteration 23140 / 30000, epoch 149, loss 0.006821
| iteration 23160 / 30000, epoch 149, loss 0.008885
| iteration 23180 / 30000, epoch 149, loss 0.011186
| iteration 23200 / 30000, epoch 149, loss 0.006589
| iteration 23220 / 30000, epoch 149, loss 0.005403
| iteration 23240 / 30000, epoch 149, loss 0.012610
| iteration 23260 / 30000, epoch 150, loss 0.005787
| iteration 23280 / 30000, epoch 150, loss 0.002425
| iteration 23300 / 30000, epoch 150, loss 0.005333
| iteration 23320 / 30000, epoch 150, loss 0.004572
| iteration 23340 / 30000, epoch 150, loss 0.012258
| iteration 23360 / 30000, epoch 150, loss 0.007423
| iteration 23380 / 30000, epoch 150, loss 0.009443
| iteration 23400 / 30000, epoch 150, loss 0.005267
| iteration 23420 / 30000, epoch 151, loss 0.008711
| iteration 23440 / 30000, epoch 151, loss 0.003725
| iteration 23460 / 30000, epoch 151, loss 0.009328
| iteration 23480 / 30000, epoch 151, loss 0.010982
| iteration 23500 / 30000, epoch 151, loss 0.015983
| iteration 23520 / 30000, epoch 151, loss 0.004512
| iteration 23540 / 30000, epoch 151, loss 0.005366
| iteration 23560 / 30000, epoch 152, loss 0.018217
| iteration 23580 / 30000, epoch 152, loss 0.007438
| iteration 23600 / 30000, epoch 152, loss 0.003301
| iteration 23620 / 30000, epoch 152, loss 0.006676
| iteration 23640 / 30000, epoch 152, loss 0.005784
| iteration 23660 / 30000, epoch 152, loss 0.009333
| iteration 23680 / 30000, epoch 152, loss 0.003685
| iteration 23700 / 30000, epoch 152, loss 0.003190
| iteration 23720 / 30000, epoch 153, loss 0.014869
| iteration 23740 / 30000, epoch 153, loss 0.004762
| iteration 23760 / 30000, epoch 153, loss 0.011152
| iteration 23780 / 30000, epoch 153, loss 0.005215
| iteration 23800 / 30000, epoch 153, loss 0.014042
| iteration 23820 / 30000, epoch 153, loss 0.007564
| iteration 23840 / 30000, epoch 153, loss 0.006568
| iteration 23860 / 30000, epoch 153, loss 0.004523
| iteration 23880 / 30000, epoch 154, loss 0.006795
| iteration 23900 / 30000, epoch 154, loss 0.018132
| iteration 23920 / 30000, epoch 154, loss 0.015331
| iteration 23940 / 30000, epoch 154, loss 0.003426
| iteration 23960 / 30000, epoch 154, loss 0.008672
| iteration 23980 / 30000, epoch 154, loss 0.001047
| iteration 24000 / 30000, epoch 154, loss 0.003603
| saving checkpoint
| iteration 24020 / 30000, epoch 154, loss 0.009676
| iteration 24040 / 30000, epoch 155, loss 0.002532
| iteration 24060 / 30000, epoch 155, loss 0.001605
| iteration 24080 / 30000, epoch 155, loss 0.004458
| iteration 24100 / 30000, epoch 155, loss 0.002876
| iteration 24120 / 30000, epoch 155, loss 0.005431
| iteration 24140 / 30000, epoch 155, loss 0.002821
| iteration 24160 / 30000, epoch 155, loss 0.000391
| iteration 24180 / 30000, epoch 155, loss 0.003513
| iteration 24200 / 30000, epoch 156, loss 0.003993
| iteration 24220 / 30000, epoch 156, loss 0.000568
| iteration 24240 / 30000, epoch 156, loss 0.001681
| iteration 24260 / 30000, epoch 156, loss 0.004588
| iteration 24280 / 30000, epoch 156, loss 0.010754
| iteration 24300 / 30000, epoch 156, loss 0.003719
| iteration 24320 / 30000, epoch 156, loss 0.010417
| iteration 24340 / 30000, epoch 157, loss 0.001896
| iteration 24360 / 30000, epoch 157, loss 0.005300
| iteration 24380 / 30000, epoch 157, loss 0.002800
| iteration 24400 / 30000, epoch 157, loss 0.053940
| iteration 24420 / 30000, epoch 157, loss 0.001915
| iteration 24440 / 30000, epoch 157, loss 0.014913
| iteration 24460 / 30000, epoch 157, loss 0.003446
| iteration 24480 / 30000, epoch 157, loss 0.007006
| iteration 24500 / 30000, epoch 158, loss 0.003635
| iteration 24520 / 30000, epoch 158, loss 0.002109
| iteration 24540 / 30000, epoch 158, loss 0.001354
| iteration 24560 / 30000, epoch 158, loss 0.003133
| iteration 24580 / 30000, epoch 158, loss 0.001343
| iteration 24600 / 30000, epoch 158, loss 0.004666
| iteration 24620 / 30000, epoch 158, loss 0.002445
| iteration 24640 / 30000, epoch 158, loss 0.007589
| iteration 24660 / 30000, epoch 159, loss 0.004274
| iteration 24680 / 30000, epoch 159, loss 0.003543
| iteration 24700 / 30000, epoch 159, loss 0.003542
| iteration 24720 / 30000, epoch 159, loss 0.005397
| iteration 24740 / 30000, epoch 159, loss 0.002912
| iteration 24760 / 30000, epoch 159, loss 0.001784
| iteration 24780 / 30000, epoch 159, loss 0.002809
| iteration 24800 / 30000, epoch 159, loss 0.001775
| iteration 24820 / 30000, epoch 160, loss 0.001985
| iteration 24840 / 30000, epoch 160, loss 0.001966
| iteration 24860 / 30000, epoch 160, loss 0.002948
| iteration 24880 / 30000, epoch 160, loss 0.002715
| iteration 24900 / 30000, epoch 160, loss 0.002464
| iteration 24920 / 30000, epoch 160, loss 0.000891
| iteration 24940 / 30000, epoch 160, loss 0.004580
| iteration 24960 / 30000, epoch 160, loss 0.006896
| checking validation loss
| validation acc about 선수진영 is 0.928571
| validation loss 0.064304
| best model
| iteration 24980 / 30000, epoch 161, loss 0.005048
| iteration 25000 / 30000, epoch 161, loss 0.001692
| saving checkpoint
| iteration 25020 / 30000, epoch 161, loss 0.002961
| iteration 25040 / 30000, epoch 161, loss 0.002840
| iteration 25060 / 30000, epoch 161, loss 0.003856
| iteration 25080 / 30000, epoch 161, loss 0.001363
| iteration 25100 / 30000, epoch 161, loss 0.004630
| iteration 25120 / 30000, epoch 162, loss 0.002124
| iteration 25140 / 30000, epoch 162, loss 0.003848
| iteration 25160 / 30000, epoch 162, loss 0.001408
| iteration 25180 / 30000, epoch 162, loss 0.002220
| iteration 25200 / 30000, epoch 162, loss 0.006554
| iteration 25220 / 30000, epoch 162, loss 0.003935
| iteration 25240 / 30000, epoch 162, loss 0.000760
| iteration 25260 / 30000, epoch 162, loss 0.002457
| iteration 25280 / 30000, epoch 163, loss 0.002153
| iteration 25300 / 30000, epoch 163, loss 0.001370
| iteration 25320 / 30000, epoch 163, loss 0.001383
| iteration 25340 / 30000, epoch 163, loss 0.001314
| iteration 25360 / 30000, epoch 163, loss 0.011680
| iteration 25380 / 30000, epoch 163, loss 0.001663
| iteration 25400 / 30000, epoch 163, loss 0.004246
| iteration 25420 / 30000, epoch 163, loss 0.001074
| iteration 25440 / 30000, epoch 164, loss 0.005531
| iteration 25460 / 30000, epoch 164, loss 0.004429
| iteration 25480 / 30000, epoch 164, loss 0.008258
| iteration 25500 / 30000, epoch 164, loss 0.004875
| iteration 25520 / 30000, epoch 164, loss 0.006991
| iteration 25540 / 30000, epoch 164, loss 0.003554
| iteration 25560 / 30000, epoch 164, loss 0.001665
| iteration 25580 / 30000, epoch 164, loss 0.001956
| iteration 25600 / 30000, epoch 165, loss 0.009912
| iteration 25620 / 30000, epoch 165, loss 0.001530
| iteration 25640 / 30000, epoch 165, loss 0.004210
| iteration 25660 / 30000, epoch 165, loss 0.002607
| iteration 25680 / 30000, epoch 165, loss 0.006549
| iteration 25700 / 30000, epoch 165, loss 0.001370
| iteration 25720 / 30000, epoch 165, loss 0.003647
| iteration 25740 / 30000, epoch 165, loss 0.004061
| iteration 25760 / 30000, epoch 166, loss 0.007934
| iteration 25780 / 30000, epoch 166, loss 0.005072
| iteration 25800 / 30000, epoch 166, loss 0.001023
| iteration 25820 / 30000, epoch 166, loss 0.000815
| iteration 25840 / 30000, epoch 166, loss 0.005750
| iteration 25860 / 30000, epoch 166, loss 0.005976
| iteration 25880 / 30000, epoch 166, loss 0.007391
| iteration 25900 / 30000, epoch 167, loss 0.002911
| iteration 25920 / 30000, epoch 167, loss 0.001348
| iteration 25940 / 30000, epoch 167, loss 0.005240
| iteration 25960 / 30000, epoch 167, loss 0.002251
| iteration 25980 / 30000, epoch 167, loss 0.001564
| iteration 26000 / 30000, epoch 167, loss 0.007854
| saving checkpoint
| iteration 26020 / 30000, epoch 167, loss 0.003162
| iteration 26040 / 30000, epoch 167, loss 0.011118
| iteration 26060 / 30000, epoch 168, loss 0.007837
| iteration 26080 / 30000, epoch 168, loss 0.003349
| iteration 26100 / 30000, epoch 168, loss 0.002798
| iteration 26120 / 30000, epoch 168, loss 0.003561
| iteration 26140 / 30000, epoch 168, loss 0.002282
| iteration 26160 / 30000, epoch 168, loss 0.003357
| iteration 26180 / 30000, epoch 168, loss 0.003643
| iteration 26200 / 30000, epoch 168, loss 0.005848
| iteration 26220 / 30000, epoch 169, loss 0.004924
| iteration 26240 / 30000, epoch 169, loss 0.004174
| iteration 26260 / 30000, epoch 169, loss 0.008197
| iteration 26280 / 30000, epoch 169, loss 0.002776
| iteration 26300 / 30000, epoch 169, loss 0.001942
| iteration 26320 / 30000, epoch 169, loss 0.001322
| iteration 26340 / 30000, epoch 169, loss 0.001924
| iteration 26360 / 30000, epoch 169, loss 0.011432
| iteration 26380 / 30000, epoch 170, loss 0.001053
| iteration 26400 / 30000, epoch 170, loss 0.003129
| iteration 26420 / 30000, epoch 170, loss 0.002144
| iteration 26440 / 30000, epoch 170, loss 0.003259
| iteration 26460 / 30000, epoch 170, loss 0.001949
| iteration 26480 / 30000, epoch 170, loss 0.002329
| iteration 26500 / 30000, epoch 170, loss 0.002896
| iteration 26520 / 30000, epoch 170, loss 0.005338
| iteration 26540 / 30000, epoch 171, loss 0.002353
| iteration 26560 / 30000, epoch 171, loss 0.000800
| iteration 26580 / 30000, epoch 171, loss 0.000320
| iteration 26600 / 30000, epoch 171, loss 0.000856
| iteration 26620 / 30000, epoch 171, loss 0.002624
| iteration 26640 / 30000, epoch 171, loss 0.006559
| iteration 26660 / 30000, epoch 171, loss 0.003571
| iteration 26680 / 30000, epoch 172, loss 0.001834
| iteration 26700 / 30000, epoch 172, loss 0.003617
| iteration 26720 / 30000, epoch 172, loss 0.001785
| iteration 26740 / 30000, epoch 172, loss 0.000818
| iteration 26760 / 30000, epoch 172, loss 0.003386
| iteration 26780 / 30000, epoch 172, loss 0.003018
| iteration 26800 / 30000, epoch 172, loss 0.001802
| iteration 26820 / 30000, epoch 172, loss 0.002508
| iteration 26840 / 30000, epoch 173, loss 0.002614
| iteration 26860 / 30000, epoch 173, loss 0.004515
| iteration 26880 / 30000, epoch 173, loss 0.002399
| iteration 26900 / 30000, epoch 173, loss 0.002781
| iteration 26920 / 30000, epoch 173, loss 0.000627
| iteration 26940 / 30000, epoch 173, loss 0.001308
| iteration 26960 / 30000, epoch 173, loss 0.006103
| iteration 26980 / 30000, epoch 173, loss 0.001999
| iteration 27000 / 30000, epoch 174, loss 0.006611
| saving checkpoint
| iteration 27020 / 30000, epoch 174, loss 0.018655
| iteration 27040 / 30000, epoch 174, loss 0.002917
| iteration 27060 / 30000, epoch 174, loss 0.003643
| iteration 27080 / 30000, epoch 174, loss 0.002922
| iteration 27100 / 30000, epoch 174, loss 0.002067
| iteration 27120 / 30000, epoch 174, loss 0.003397
| iteration 27140 / 30000, epoch 174, loss 0.001790
| iteration 27160 / 30000, epoch 175, loss 0.012628
| iteration 27180 / 30000, epoch 175, loss 0.004920
| iteration 27200 / 30000, epoch 175, loss 0.017281
| iteration 27220 / 30000, epoch 175, loss 0.005078
| iteration 27240 / 30000, epoch 175, loss 0.006745
| iteration 27260 / 30000, epoch 175, loss 0.001922
| iteration 27280 / 30000, epoch 175, loss 0.001998
| iteration 27300 / 30000, epoch 175, loss 0.003133
| iteration 27320 / 30000, epoch 176, loss 0.006637
| iteration 27340 / 30000, epoch 176, loss 0.009280
| iteration 27360 / 30000, epoch 176, loss 0.003135
| iteration 27380 / 30000, epoch 176, loss 0.004261
| iteration 27400 / 30000, epoch 176, loss 0.007297
| iteration 27420 / 30000, epoch 176, loss 0.003873
| iteration 27440 / 30000, epoch 176, loss 0.001121
| iteration 27460 / 30000, epoch 177, loss 0.001859
| iteration 27480 / 30000, epoch 177, loss 0.006693
| iteration 27500 / 30000, epoch 177, loss 0.004518
| iteration 27520 / 30000, epoch 177, loss 0.012032
| iteration 27540 / 30000, epoch 177, loss 0.003180
| iteration 27560 / 30000, epoch 177, loss 0.017340
| iteration 27580 / 30000, epoch 177, loss 0.001200
| iteration 27600 / 30000, epoch 177, loss 0.002447
| iteration 27620 / 30000, epoch 178, loss 0.004843
| iteration 27640 / 30000, epoch 178, loss 0.003419
| iteration 27660 / 30000, epoch 178, loss 0.001861
| iteration 27680 / 30000, epoch 178, loss 0.002315
| iteration 27700 / 30000, epoch 178, loss 0.001937
| iteration 27720 / 30000, epoch 178, loss 0.007069
| iteration 27740 / 30000, epoch 178, loss 0.002595
| iteration 27760 / 30000, epoch 178, loss 0.003616
| iteration 27780 / 30000, epoch 179, loss 0.005295
| iteration 27800 / 30000, epoch 179, loss 0.005685
| iteration 27820 / 30000, epoch 179, loss 0.002903
| iteration 27840 / 30000, epoch 179, loss 0.002415
| iteration 27860 / 30000, epoch 179, loss 0.007402
| iteration 27880 / 30000, epoch 179, loss 0.003692
| iteration 27900 / 30000, epoch 179, loss 0.001428
| iteration 27920 / 30000, epoch 179, loss 0.007344
| iteration 27940 / 30000, epoch 180, loss 0.003978
| iteration 27960 / 30000, epoch 180, loss 0.002259
| iteration 27980 / 30000, epoch 180, loss 0.002130
| iteration 28000 / 30000, epoch 180, loss 0.003267
| saving checkpoint
| iteration 28020 / 30000, epoch 180, loss 0.005734
| iteration 28040 / 30000, epoch 180, loss 0.001028
| iteration 28060 / 30000, epoch 180, loss 0.003111
| iteration 28080 / 30000, epoch 180, loss 0.005896
| checking validation loss
| validation acc about 선수진영 is 0.928571
| validation loss 0.061726
| best model
| iteration 28100 / 30000, epoch 181, loss 0.005691
| iteration 28120 / 30000, epoch 181, loss 0.002672
| iteration 28140 / 30000, epoch 181, loss 0.001299
| iteration 28160 / 30000, epoch 181, loss 0.004035
| iteration 28180 / 30000, epoch 181, loss 0.007775
| iteration 28200 / 30000, epoch 181, loss 0.001894
| iteration 28220 / 30000, epoch 181, loss 0.007073
| iteration 28240 / 30000, epoch 182, loss 0.000858
| iteration 28260 / 30000, epoch 182, loss 0.001586
| iteration 28280 / 30000, epoch 182, loss 0.002868
| iteration 28300 / 30000, epoch 182, loss 0.009628
| iteration 28320 / 30000, epoch 182, loss 0.002937
| iteration 28340 / 30000, epoch 182, loss 0.002110
| iteration 28360 / 30000, epoch 182, loss 0.002435
| iteration 28380 / 30000, epoch 182, loss 0.001042
| iteration 28400 / 30000, epoch 183, loss 0.003349
| iteration 28420 / 30000, epoch 183, loss 0.000754
| iteration 28440 / 30000, epoch 183, loss 0.005416
| iteration 28460 / 30000, epoch 183, loss 0.002815
| iteration 28480 / 30000, epoch 183, loss 0.002153
| iteration 28500 / 30000, epoch 183, loss 0.001646
| iteration 28520 / 30000, epoch 183, loss 0.001135
| iteration 28540 / 30000, epoch 183, loss 0.001186
| iteration 28560 / 30000, epoch 184, loss 0.006175
| iteration 28580 / 30000, epoch 184, loss 0.003246
| iteration 28600 / 30000, epoch 184, loss 0.004702
| iteration 28620 / 30000, epoch 184, loss 0.006251
| iteration 28640 / 30000, epoch 184, loss 0.004885
| iteration 28660 / 30000, epoch 184, loss 0.000961
| iteration 28680 / 30000, epoch 184, loss 0.005405
| iteration 28700 / 30000, epoch 184, loss 0.000769
| iteration 28720 / 30000, epoch 185, loss 0.001018
| iteration 28740 / 30000, epoch 185, loss 0.004659
| iteration 28760 / 30000, epoch 185, loss 0.001563
| iteration 28780 / 30000, epoch 185, loss 0.008103
| iteration 28800 / 30000, epoch 185, loss 0.004814
| iteration 28820 / 30000, epoch 185, loss 0.001304
| iteration 28840 / 30000, epoch 185, loss 0.018905
| iteration 28860 / 30000, epoch 185, loss 0.005753
| iteration 28880 / 30000, epoch 186, loss 0.003045
| iteration 28900 / 30000, epoch 186, loss 0.005480
| iteration 28920 / 30000, epoch 186, loss 0.002298
| iteration 28940 / 30000, epoch 186, loss 0.006177
| iteration 28960 / 30000, epoch 186, loss 0.006211
| iteration 28980 / 30000, epoch 186, loss 0.002724
| iteration 29000 / 30000, epoch 186, loss 0.003493
| saving checkpoint
| iteration 29020 / 30000, epoch 187, loss 0.000743
| iteration 29040 / 30000, epoch 187, loss 0.007094
| iteration 29060 / 30000, epoch 187, loss 0.005342
| iteration 29080 / 30000, epoch 187, loss 0.002654
| iteration 29100 / 30000, epoch 187, loss 0.000646
| iteration 29120 / 30000, epoch 187, loss 0.012524
| iteration 29140 / 30000, epoch 187, loss 0.001102
| iteration 29160 / 30000, epoch 187, loss 0.001882
| iteration 29180 / 30000, epoch 188, loss 0.006692
| iteration 29200 / 30000, epoch 188, loss 0.009275
| iteration 29220 / 30000, epoch 188, loss 0.002114
| iteration 29240 / 30000, epoch 188, loss 0.004223
| iteration 29260 / 30000, epoch 188, loss 0.004470
| iteration 29280 / 30000, epoch 188, loss 0.011235
| iteration 29300 / 30000, epoch 188, loss 0.013563
| iteration 29320 / 30000, epoch 188, loss 0.005071
| iteration 29340 / 30000, epoch 189, loss 0.008158
| iteration 29360 / 30000, epoch 189, loss 0.003123
| iteration 29380 / 30000, epoch 189, loss 0.003708
| iteration 29400 / 30000, epoch 189, loss 0.009065
| iteration 29420 / 30000, epoch 189, loss 0.003264
| iteration 29440 / 30000, epoch 189, loss 0.005183
| iteration 29460 / 30000, epoch 189, loss 0.003277
| iteration 29480 / 30000, epoch 189, loss 0.005589
| iteration 29500 / 30000, epoch 190, loss 0.004239
| iteration 29520 / 30000, epoch 190, loss 0.007031
| iteration 29540 / 30000, epoch 190, loss 0.001830
| iteration 29560 / 30000, epoch 190, loss 0.002592
| iteration 29580 / 30000, epoch 190, loss 0.002426
| iteration 29600 / 30000, epoch 190, loss 0.001674
| iteration 29620 / 30000, epoch 190, loss 0.001703
| iteration 29640 / 30000, epoch 190, loss 0.005210
| iteration 29660 / 30000, epoch 191, loss 0.002372
| iteration 29680 / 30000, epoch 191, loss 0.004797
| iteration 29700 / 30000, epoch 191, loss 0.001515
| iteration 29720 / 30000, epoch 191, loss 0.004120
| iteration 29740 / 30000, epoch 191, loss 0.010188
| iteration 29760 / 30000, epoch 191, loss 0.001889
| iteration 29780 / 30000, epoch 191, loss 0.000576
| iteration 29800 / 30000, epoch 192, loss 0.008238
| iteration 29820 / 30000, epoch 192, loss 0.001459
| iteration 29840 / 30000, epoch 192, loss 0.003249
| iteration 29860 / 30000, epoch 192, loss 0.002061
| iteration 29880 / 30000, epoch 192, loss 0.001602
| iteration 29900 / 30000, epoch 192, loss 0.002752
| iteration 29920 / 30000, epoch 192, loss 0.001200
| iteration 29940 / 30000, epoch 192, loss 0.001131
| iteration 29960 / 30000, epoch 193, loss 0.006234
| iteration 29980 / 30000, epoch 193, loss 0.002429
| iteration 30000 / 30000, epoch 193, loss 0.003452
| saving checkpoint
