| options
run_dir: /data/ahngeo11/nia/attnet/output
dataset: basketball_mini
load_checkpoint_path: None
gpu_ids: 0
clevr_mini_img_dir: ../../data/raw/CLEVR_mini/images
clevr_mini_ann_path: ../../data/attr_net/objects/clevr_mini_objs.json
basketball_img_dir: /local_datasets/detectron2/basketball/annotations/images
basketball_ann_path: /data/ahngeo11/nia/attnet/annotations/basketball_mini_obj_box_ver2.json
concat_img: 1
split_id: 960
batch_size: 8
num_workers: 8
learning_rate: 0.00556
world_size: 1
local_rank: 1
dist_url: env://
num_iters: 10000
display_every: 20
checkpoint_every: 50
shuffle_data: 1
| options
run_dir: /data/ahngeo11/nia/attnet/output
dataset: basketball_mini
load_checkpoint_path: None
gpu_ids: 0
clevr_mini_img_dir: ../../data/raw/CLEVR_mini/images
clevr_mini_ann_path: ../../data/attr_net/objects/clevr_mini_objs.json
basketball_img_dir: /local_datasets/detectron2/basketball/annotations/images
basketball_ann_path: /data/ahngeo11/nia/attnet/annotations/basketball_mini_obj_box_ver2.json
concat_img: 1
split_id: 960
batch_size: 8
num_workers: 8
learning_rate: 0.00556
world_size: 1
local_rank: 2
dist_url: env://
num_iters: 10000
display_every: 20
checkpoint_every: 50
shuffle_data: 1
| options| options

run_dir: /data/ahngeo11/nia/attnet/outputrun_dir: /data/ahngeo11/nia/attnet/output

dataset: basketball_minidataset: basketball_mini

load_checkpoint_path: Noneload_checkpoint_path: None

gpu_ids: 0gpu_ids: 0

clevr_mini_img_dir: ../../data/raw/CLEVR_mini/imagesclevr_mini_img_dir: ../../data/raw/CLEVR_mini/images

clevr_mini_ann_path: ../../data/attr_net/objects/clevr_mini_objs.jsonclevr_mini_ann_path: ../../data/attr_net/objects/clevr_mini_objs.json

basketball_img_dir: /local_datasets/detectron2/basketball/annotations/imagesbasketball_img_dir: /local_datasets/detectron2/basketball/annotations/images

basketball_ann_path: /data/ahngeo11/nia/attnet/annotations/basketball_mini_obj_box_ver2.jsonbasketball_ann_path: /data/ahngeo11/nia/attnet/annotations/basketball_mini_obj_box_ver2.json

concat_img: 1concat_img: 1

split_id: 960split_id: 960

batch_size: 8batch_size: 8

num_workers: 8num_workers: 8

learning_rate: 0.00556learning_rate: 0.00556

world_size: 1world_size: 1

local_rank: 3local_rank: 0

dist_url: env://dist_url: env://

num_iters: 10000num_iters: 10000

display_every: 20display_every: 20

checkpoint_every: 50checkpoint_every: 50

shuffle_data: 1shuffle_data: 1

| distributed init (rank 1): env://, gpu 1
| distributed init (rank 3): env://, gpu 3
| distributed init (rank 2): env://, gpu 2
| distributed init (rank 0): env://, gpu 0
total_batch_size is 32
Opt 

 Namespace(basketball_ann_path='/data/ahngeo11/nia/attnet/annotations/basketball_mini_obj_box_ver2.json', basketball_img_dir='/local_datasets/detectron2/basketball/annotations/images', batch_size=8, checkpoint_every=50, clevr_mini_ann_path='../../data/attr_net/objects/clevr_mini_objs.json', clevr_mini_img_dir='../../data/raw/CLEVR_mini/images', concat_img=1, dataset='basketball_mini', display_every=20, dist_backend='nccl', dist_url='env://', distributed=True, gpu=0, gpu_ids='0', learning_rate=0.00556, load_checkpoint_path=None, local_rank=0, num_iters=10000, num_workers=8, rank=0, run_dir='/data/ahngeo11/nia/attnet/output', shuffle_data=1, split_id=960, world_size=4)
| creating new model
| start training, running in directory /data/ahngeo11/nia/attnet/output
| iteration 20 / 10000, epoch 1, loss 0.306327
| iteration 40 / 10000, epoch 2, loss 0.242410
| checking validation loss
The Validation Accuracy is 0.0
| validation loss 0.386766
| best model
| saving checkpoint
| iteration 60 / 10000, epoch 3, loss 0.371091
| iteration 80 / 10000, epoch 3, loss 0.195595
| iteration 100 / 10000, epoch 4, loss 0.223817
| checking validation loss
The Validation Accuracy is 0.0
| validation loss 0.251511
| best model
| saving checkpoint
| iteration 120 / 10000, epoch 5, loss 0.216338
| iteration 140 / 10000, epoch 5, loss 0.237744
| checking validation loss
The Validation Accuracy is 0.0
| validation loss 0.242364
| best model
| saving checkpoint
| iteration 160 / 10000, epoch 6, loss 0.266250
| iteration 180 / 10000, epoch 7, loss 0.193236
| iteration 200 / 10000, epoch 7, loss 0.306350
| checking validation loss
The Validation Accuracy is 0.0
| validation loss 0.259103
| saving checkpoint
| iteration 220 / 10000, epoch 8, loss 0.233643
| iteration 240 / 10000, epoch 9, loss 0.222124
| checking validation loss
The Validation Accuracy is 0.0
| validation loss 0.299055
| saving checkpoint
| iteration 260 / 10000, epoch 9, loss 0.201644
| iteration 280 / 10000, epoch 10, loss 0.256413
| iteration 300 / 10000, epoch 11, loss 0.198880
| checking validation loss
The Validation Accuracy is 0.0
| validation loss 0.272478
| saving checkpoint
| iteration 320 / 10000, epoch 12, loss 0.235169
| iteration 340 / 10000, epoch 12, loss 0.295675
| checking validation loss
The Validation Accuracy is 0.0
| validation loss 0.382211
| saving checkpoint
| iteration 360 / 10000, epoch 13, loss 0.241460
| iteration 380 / 10000, epoch 14, loss 0.241155
| iteration 400 / 10000, epoch 14, loss 0.287320
| checking validation loss
The Validation Accuracy is 0.0
| validation loss 0.289853
| saving checkpoint
| iteration 420 / 10000, epoch 15, loss 0.250726
| iteration 440 / 10000, epoch 16, loss 0.233827
| checking validation loss
The Validation Accuracy is 0.0
| validation loss 0.274769
| saving checkpoint
| iteration 460 / 10000, epoch 16, loss 0.280510
| iteration 480 / 10000, epoch 17, loss 0.233913
| iteration 500 / 10000, epoch 18, loss 0.350550
| checking validation loss
The Validation Accuracy is 0.0
| validation loss 0.243060
| saving checkpoint
| iteration 520 / 10000, epoch 18, loss 0.294059
| iteration 540 / 10000, epoch 19, loss 0.244045
| checking validation loss
The Validation Accuracy is 0.0
| validation loss 0.273461
| saving checkpoint
| iteration 560 / 10000, epoch 20, loss 0.342344
| iteration 580 / 10000, epoch 20, loss 0.260158
| iteration 600 / 10000, epoch 21, loss 0.189858
| checking validation loss
The Validation Accuracy is 0.0
| validation loss 0.255575
| saving checkpoint
| iteration 620 / 10000, epoch 22, loss 0.244795
| iteration 640 / 10000, epoch 23, loss 0.290866
| checking validation loss
The Validation Accuracy is 0.0
| validation loss 0.225710
| best model
| saving checkpoint
| iteration 660 / 10000, epoch 23, loss 0.196385
| iteration 680 / 10000, epoch 24, loss 0.293262
| iteration 700 / 10000, epoch 25, loss 0.245471
| checking validation loss
The Validation Accuracy is 0.0
| validation loss 0.248395
| saving checkpoint
| iteration 720 / 10000, epoch 25, loss 0.219395
| iteration 740 / 10000, epoch 26, loss 0.351122
| checking validation loss
The Validation Accuracy is 0.0
| validation loss 0.755017
| saving checkpoint
| iteration 760 / 10000, epoch 27, loss 0.212132
| iteration 780 / 10000, epoch 27, loss 0.314740
| iteration 800 / 10000, epoch 28, loss 0.236621
| checking validation loss
The Validation Accuracy is 0.0
| validation loss 0.436258
| saving checkpoint
| iteration 820 / 10000, epoch 29, loss 0.211730
| iteration 840 / 10000, epoch 29, loss 0.270170
| checking validation loss
The Validation Accuracy is 0.0
| validation loss 0.250604
| saving checkpoint
| iteration 860 / 10000, epoch 30, loss 0.233455
| iteration 880 / 10000, epoch 31, loss 0.193563
| iteration 900 / 10000, epoch 32, loss 0.248082
| checking validation loss
The Validation Accuracy is 0.0
| validation loss 0.247613
| saving checkpoint
| iteration 920 / 10000, epoch 32, loss 0.229989
| iteration 940 / 10000, epoch 33, loss 0.254184
| checking validation loss
The Validation Accuracy is 0.0
| validation loss 0.255936
| saving checkpoint
| iteration 960 / 10000, epoch 34, loss 0.266117
| iteration 980 / 10000, epoch 34, loss 0.192568
| iteration 1000 / 10000, epoch 35, loss 0.235945
| checking validation loss
The Validation Accuracy is 0.0
| validation loss 1.461870
| saving checkpoint
| iteration 1020 / 10000, epoch 36, loss 0.236464
| iteration 1040 / 10000, epoch 36, loss 0.161541
| checking validation loss
The Validation Accuracy is 0.0
| validation loss 27.947689
| saving checkpoint
| iteration 1060 / 10000, epoch 37, loss 0.248071
| iteration 1080 / 10000, epoch 38, loss 0.261812
| iteration 1100 / 10000, epoch 38, loss 0.229975
| checking validation loss
The Validation Accuracy is 0.0
| validation loss 0.256929
| saving checkpoint
| iteration 1120 / 10000, epoch 39, loss 0.165183
| iteration 1140 / 10000, epoch 40, loss 0.251919
| checking validation loss
The Validation Accuracy is 0.0
| validation loss 0.971271
| saving checkpoint
| iteration 1160 / 10000, epoch 40, loss 0.235897
| iteration 1180 / 10000, epoch 41, loss 0.191912
| iteration 1200 / 10000, epoch 42, loss 0.125849
| checking validation loss
The Validation Accuracy is 0.0
| validation loss 0.262293
| saving checkpoint
| iteration 1220 / 10000, epoch 43, loss 0.236450
| iteration 1240 / 10000, epoch 43, loss 0.184633
| checking validation loss
The Validation Accuracy is 0.0
| validation loss 0.300150
| saving checkpoint
| iteration 1260 / 10000, epoch 44, loss 0.172079
| iteration 1280 / 10000, epoch 45, loss 0.137395
| iteration 1300 / 10000, epoch 45, loss 0.264457
| checking validation loss
The Validation Accuracy is 0.0
| validation loss 0.190465
| best model
| saving checkpoint
| iteration 1320 / 10000, epoch 46, loss 0.341665
| iteration 1340 / 10000, epoch 47, loss 0.161330
| checking validation loss
The Validation Accuracy is 0.0
| validation loss 0.264863
| saving checkpoint
| iteration 1360 / 10000, epoch 47, loss 0.155421
| iteration 1380 / 10000, epoch 48, loss 0.206476
| iteration 1400 / 10000, epoch 49, loss 0.117781
| checking validation loss
The Validation Accuracy is 0.0
| validation loss 0.165093
| best model
| saving checkpoint
| iteration 1420 / 10000, epoch 49, loss 0.329749
| iteration 1440 / 10000, epoch 50, loss 0.167154
| checking validation loss
The Validation Accuracy is 0.0
| validation loss 0.185778
| saving checkpoint
| iteration 1460 / 10000, epoch 51, loss 0.100606
| iteration 1480 / 10000, epoch 52, loss 0.191370
| iteration 1500 / 10000, epoch 52, loss 0.087690
| checking validation loss
The Validation Accuracy is 0.0
| validation loss 0.273354
| saving checkpoint
| iteration 1520 / 10000, epoch 53, loss 0.170380
| iteration 1540 / 10000, epoch 54, loss 0.094570
| checking validation loss
The Validation Accuracy is 0.0
| validation loss 8.242020
| saving checkpoint
| iteration 1560 / 10000, epoch 54, loss 0.066721
| iteration 1580 / 10000, epoch 55, loss 0.172831
| iteration 1600 / 10000, epoch 56, loss 0.100389
| checking validation loss
The Validation Accuracy is 0.0
| validation loss 0.251314
| saving checkpoint
| iteration 1620 / 10000, epoch 56, loss 0.080421
| iteration 1640 / 10000, epoch 57, loss 0.184853
| checking validation loss
The Validation Accuracy is 0.0
| validation loss 0.347496
| saving checkpoint
| iteration 1660 / 10000, epoch 58, loss 0.235913
| iteration 1680 / 10000, epoch 58, loss 0.115496
| iteration 1700 / 10000, epoch 59, loss 0.082608
| checking validation loss
The Validation Accuracy is 0.0
| validation loss 0.330256
| saving checkpoint
| iteration 1720 / 10000, epoch 60, loss 0.111393
| iteration 1740 / 10000, epoch 60, loss 0.068280
| checking validation loss
The Validation Accuracy is 0.0
| validation loss 0.137525
| best model
| saving checkpoint
| iteration 1760 / 10000, epoch 61, loss 0.071346
| iteration 1780 / 10000, epoch 62, loss 0.060861
| iteration 1800 / 10000, epoch 63, loss 0.154763
| checking validation loss
The Validation Accuracy is 0.0
| validation loss 0.107457
| best model
| saving checkpoint
| iteration 1820 / 10000, epoch 63, loss 0.066432
| iteration 1840 / 10000, epoch 64, loss 0.085734
| checking validation loss
The Validation Accuracy is 0.0
| validation loss 0.301964
| saving checkpoint
| iteration 1860 / 10000, epoch 65, loss 0.042191
| iteration 1880 / 10000, epoch 65, loss 0.048264
| iteration 1900 / 10000, epoch 66, loss 0.263470
| checking validation loss
The Validation Accuracy is 0.0
| validation loss 4.272947
| saving checkpoint
| iteration 1920 / 10000, epoch 67, loss 0.042603
| iteration 1940 / 10000, epoch 67, loss 0.108155
| checking validation loss
The Validation Accuracy is 0.0
| validation loss 0.334456
| saving checkpoint
| iteration 1960 / 10000, epoch 68, loss 0.064918
| iteration 1980 / 10000, epoch 69, loss 0.033589
| iteration 2000 / 10000, epoch 69, loss 0.132277
| checking validation loss
The Validation Accuracy is 0.0
| validation loss 13.404403
| saving checkpoint
| iteration 2020 / 10000, epoch 70, loss 0.092696
| iteration 2040 / 10000, epoch 71, loss 0.020687
| checking validation loss
The Validation Accuracy is 0.0
| validation loss 0.190404
| saving checkpoint
| iteration 2060 / 10000, epoch 72, loss 0.167509
| iteration 2080 / 10000, epoch 72, loss 0.059337
| iteration 2100 / 10000, epoch 73, loss 0.097761
| checking validation loss
The Validation Accuracy is 0.0
| validation loss 0.138345
| saving checkpoint
| iteration 2120 / 10000, epoch 74, loss 0.015557
| iteration 2140 / 10000, epoch 74, loss 0.090042
| checking validation loss
The Validation Accuracy is 0.0
| validation loss 0.124480
| saving checkpoint
| iteration 2160 / 10000, epoch 75, loss 0.095492
| iteration 2180 / 10000, epoch 76, loss 0.035148
| iteration 2200 / 10000, epoch 76, loss 0.062477
| checking validation loss
The Validation Accuracy is 0.0
| validation loss 0.141016
| saving checkpoint
| iteration 2220 / 10000, epoch 77, loss 0.100360
| iteration 2240 / 10000, epoch 78, loss 0.166949
| checking validation loss
The Validation Accuracy is 0.0
| validation loss 0.335683
| saving checkpoint
| iteration 2260 / 10000, epoch 78, loss 0.111478
| iteration 2280 / 10000, epoch 79, loss 0.048666
| iteration 2300 / 10000, epoch 80, loss 0.149658
| checking validation loss
The Validation Accuracy is 0.0
| validation loss 0.285672
| saving checkpoint
| iteration 2320 / 10000, epoch 80, loss 0.074522
| iteration 2340 / 10000, epoch 81, loss 0.042152
| checking validation loss
The Validation Accuracy is 0.0
| validation loss 0.201652
| saving checkpoint
| iteration 2360 / 10000, epoch 82, loss 0.014842
| iteration 2380 / 10000, epoch 83, loss 0.159194
| iteration 2400 / 10000, epoch 83, loss 0.044036
| checking validation loss
The Validation Accuracy is 0.0
| validation loss 1.704789
| saving checkpoint
| iteration 2420 / 10000, epoch 84, loss 0.054914
| iteration 2440 / 10000, epoch 85, loss 0.104994
| checking validation loss
The Validation Accuracy is 0.0
| validation loss 0.328970
| saving checkpoint
| iteration 2460 / 10000, epoch 85, loss 0.019930
| iteration 2480 / 10000, epoch 86, loss 0.176248
| iteration 2500 / 10000, epoch 87, loss 0.007384
| checking validation loss
The Validation Accuracy is 0.0
| validation loss 0.332715
| saving checkpoint
| iteration 2520 / 10000, epoch 87, loss 0.137876
| iteration 2540 / 10000, epoch 88, loss 0.067164
| checking validation loss
The Validation Accuracy is 0.0
| validation loss 0.209917
| saving checkpoint
| iteration 2560 / 10000, epoch 89, loss 0.045597
| iteration 2580 / 10000, epoch 89, loss 0.069057
| iteration 2600 / 10000, epoch 90, loss 0.044473
| checking validation loss
The Validation Accuracy is 0.0
| validation loss 0.152433
| saving checkpoint
| iteration 2620 / 10000, epoch 91, loss 0.023395
| iteration 2640 / 10000, epoch 92, loss 0.174438
| checking validation loss
The Validation Accuracy is 0.0
| validation loss 0.120357
| saving checkpoint
| iteration 2660 / 10000, epoch 92, loss 0.065824
| iteration 2680 / 10000, epoch 93, loss 0.051814
| iteration 2700 / 10000, epoch 94, loss 0.021752
| checking validation loss
The Validation Accuracy is 0.0
| validation loss 0.240515
| saving checkpoint
| iteration 2720 / 10000, epoch 94, loss 0.066285
| iteration 2740 / 10000, epoch 95, loss 0.052295
| checking validation loss
The Validation Accuracy is 0.0
| validation loss 0.123068
| saving checkpoint
| iteration 2760 / 10000, epoch 96, loss 0.051390
| iteration 2780 / 10000, epoch 96, loss 0.047228
| iteration 2800 / 10000, epoch 97, loss 0.098417
| checking validation loss
The Validation Accuracy is 0.0
| validation loss 0.211493
| saving checkpoint
| iteration 2820 / 10000, epoch 98, loss 0.045899
| iteration 2840 / 10000, epoch 98, loss 0.017423
| checking validation loss
The Validation Accuracy is 0.0
| validation loss 0.130462
| saving checkpoint
| iteration 2860 / 10000, epoch 99, loss 0.036200
| iteration 2880 / 10000, epoch 100, loss 0.071900
| iteration 2900 / 10000, epoch 100, loss 0.027598
| checking validation loss
The Validation Accuracy is 0.0
| validation loss 0.108990
| saving checkpoint
| iteration 2920 / 10000, epoch 101, loss 0.049623
| iteration 2940 / 10000, epoch 102, loss 0.066988
| checking validation loss
The Validation Accuracy is 0.0
| validation loss 0.137272
| saving checkpoint
| iteration 2960 / 10000, epoch 103, loss 0.111289
| iteration 2980 / 10000, epoch 103, loss 0.144473
| iteration 3000 / 10000, epoch 104, loss 0.038718
| checking validation loss
The Validation Accuracy is 0.0
| validation loss 0.390141
| saving checkpoint
| iteration 3020 / 10000, epoch 105, loss 0.016031
| iteration 3040 / 10000, epoch 105, loss 0.018828
| checking validation loss
The Validation Accuracy is 0.0
| validation loss 0.152717
| saving checkpoint
| iteration 3060 / 10000, epoch 106, loss 0.116768
| iteration 3080 / 10000, epoch 107, loss 0.002770
| iteration 3100 / 10000, epoch 107, loss 0.032356
| checking validation loss
The Validation Accuracy is 0.0
| validation loss 0.255974
| saving checkpoint
| iteration 3120 / 10000, epoch 108, loss 0.020349
| iteration 3140 / 10000, epoch 109, loss 0.004429
| checking validation loss
The Validation Accuracy is 0.0
| validation loss 0.142493
| saving checkpoint
| iteration 3160 / 10000, epoch 109, loss 0.002708
| iteration 3180 / 10000, epoch 110, loss 0.019221
| iteration 3200 / 10000, epoch 111, loss 0.015120
| checking validation loss
The Validation Accuracy is 0.0
| validation loss 0.102971
| best model
| saving checkpoint
| iteration 3220 / 10000, epoch 112, loss 0.007771
| iteration 3240 / 10000, epoch 112, loss 0.011803
| checking validation loss
The Validation Accuracy is 0.0
| validation loss 0.187420
| saving checkpoint
| iteration 3260 / 10000, epoch 113, loss 0.013915
| iteration 3280 / 10000, epoch 114, loss 0.001511
| iteration 3300 / 10000, epoch 114, loss 0.010159
| checking validation loss
The Validation Accuracy is 0.0
| validation loss 0.159100
| saving checkpoint
| iteration 3320 / 10000, epoch 115, loss 0.016310
| iteration 3340 / 10000, epoch 116, loss 0.003390
| checking validation loss
The Validation Accuracy is 0.0
| validation loss 0.125081
| saving checkpoint
| iteration 3360 / 10000, epoch 116, loss 0.009720
| iteration 3380 / 10000, epoch 117, loss 0.018544
| iteration 3400 / 10000, epoch 118, loss 0.035896
| checking validation loss
The Validation Accuracy is 0.0
| validation loss 0.085282
| best model
| saving checkpoint
| iteration 3420 / 10000, epoch 118, loss 0.015456
| iteration 3440 / 10000, epoch 119, loss 0.011277
| checking validation loss
The Validation Accuracy is 0.0
| validation loss 0.559391
| saving checkpoint
| iteration 3460 / 10000, epoch 120, loss 0.048323
| iteration 3480 / 10000, epoch 120, loss 0.028224
| iteration 3500 / 10000, epoch 121, loss 0.008475
| checking validation loss
The Validation Accuracy is 0.0
| validation loss 0.381760
| saving checkpoint
| iteration 3520 / 10000, epoch 122, loss 0.003312
| iteration 3540 / 10000, epoch 123, loss 0.114226
| checking validation loss
The Validation Accuracy is 0.0
| validation loss 0.146762
| saving checkpoint
| iteration 3560 / 10000, epoch 123, loss 0.023781
| iteration 3580 / 10000, epoch 124, loss 0.039116
| iteration 3600 / 10000, epoch 125, loss 0.002429
| checking validation loss
The Validation Accuracy is 0.0
| validation loss 0.366279
| saving checkpoint
| iteration 3620 / 10000, epoch 125, loss 0.004927
| iteration 3640 / 10000, epoch 126, loss 0.028976
| checking validation loss
The Validation Accuracy is 0.0
| validation loss 0.259787
| saving checkpoint
| iteration 3660 / 10000, epoch 127, loss 0.000990
| iteration 3680 / 10000, epoch 127, loss 0.007992
| iteration 3700 / 10000, epoch 128, loss 0.009868
| checking validation loss
The Validation Accuracy is 0.0
| validation loss 0.148145
| saving checkpoint
| iteration 3720 / 10000, epoch 129, loss 0.005553
| iteration 3740 / 10000, epoch 129, loss 0.000504
| checking validation loss
The Validation Accuracy is 0.0
| validation loss 0.096138
| saving checkpoint
| iteration 3760 / 10000, epoch 130, loss 0.021467
| iteration 3780 / 10000, epoch 131, loss 0.007744
| iteration 3800 / 10000, epoch 132, loss 0.023707
| checking validation loss
The Validation Accuracy is 0.0
| validation loss 0.188493
| saving checkpoint
| iteration 3820 / 10000, epoch 132, loss 0.004363
| iteration 3840 / 10000, epoch 133, loss 0.017500
| checking validation loss
The Validation Accuracy is 0.0
| validation loss 0.135442
| saving checkpoint
| iteration 3860 / 10000, epoch 134, loss 0.007900
| iteration 3880 / 10000, epoch 134, loss 0.001498
| iteration 3900 / 10000, epoch 135, loss 0.016476
| checking validation loss
The Validation Accuracy is 0.0
| validation loss 0.131481
| saving checkpoint
| iteration 3920 / 10000, epoch 136, loss 0.002942
| iteration 3940 / 10000, epoch 136, loss 0.003856
| checking validation loss
The Validation Accuracy is 0.0
| validation loss 0.117307
| saving checkpoint
| iteration 3960 / 10000, epoch 137, loss 0.029096
| iteration 3980 / 10000, epoch 138, loss 0.011025
| iteration 4000 / 10000, epoch 138, loss 0.011812
| checking validation loss
The Validation Accuracy is 0.0
| validation loss 0.223774
| saving checkpoint
| iteration 4020 / 10000, epoch 139, loss 0.016960
| iteration 4040 / 10000, epoch 140, loss 0.023501
| checking validation loss
The Validation Accuracy is 0.0
| validation loss 0.113416
| saving checkpoint
| iteration 4060 / 10000, epoch 140, loss 0.006168
| iteration 4080 / 10000, epoch 141, loss 0.009918
| iteration 4100 / 10000, epoch 142, loss 0.022920
| checking validation loss
The Validation Accuracy is 0.0
| validation loss 0.128239
| saving checkpoint
| iteration 4120 / 10000, epoch 143, loss 0.122812
| iteration 4140 / 10000, epoch 143, loss 0.021134
| checking validation loss
The Validation Accuracy is 0.0
| validation loss 0.216781
| saving checkpoint
| iteration 4160 / 10000, epoch 144, loss 0.011496
| iteration 4180 / 10000, epoch 145, loss 0.003241
| iteration 4200 / 10000, epoch 145, loss 0.010510
| checking validation loss
The Validation Accuracy is 0.0
| validation loss 0.140194
| saving checkpoint
| iteration 4220 / 10000, epoch 146, loss 0.009228
| iteration 4240 / 10000, epoch 147, loss 0.000482
| checking validation loss
The Validation Accuracy is 0.0
| validation loss 0.117392
| saving checkpoint
| iteration 4260 / 10000, epoch 147, loss 0.004877
| iteration 4280 / 10000, epoch 148, loss 0.002802
| iteration 4300 / 10000, epoch 149, loss 0.000679
| checking validation loss
The Validation Accuracy is 0.0
| validation loss 0.080616
| best model
| saving checkpoint
| iteration 4320 / 10000, epoch 149, loss 0.006338
| iteration 4340 / 10000, epoch 150, loss 0.012803
| checking validation loss
The Validation Accuracy is 0.0
| validation loss 0.148932
| saving checkpoint
| iteration 4360 / 10000, epoch 151, loss 0.002179
| iteration 4380 / 10000, epoch 152, loss 0.005136
| iteration 4400 / 10000, epoch 152, loss 0.011719
| checking validation loss
The Validation Accuracy is 0.0
| validation loss 0.174743
| saving checkpoint
| iteration 4420 / 10000, epoch 153, loss 0.004170
| iteration 4440 / 10000, epoch 154, loss 0.002487
| checking validation loss
The Validation Accuracy is 0.0
| validation loss 0.137779
| saving checkpoint
| iteration 4460 / 10000, epoch 154, loss 0.012681
| iteration 4480 / 10000, epoch 155, loss 0.002561
| iteration 4500 / 10000, epoch 156, loss 0.012538
| checking validation loss
The Validation Accuracy is 0.0
| validation loss 0.098539
| saving checkpoint
| iteration 4520 / 10000, epoch 156, loss 0.005508
| iteration 4540 / 10000, epoch 157, loss 0.006097
| checking validation loss
The Validation Accuracy is 0.0
| validation loss 0.089591
| saving checkpoint
| iteration 4560 / 10000, epoch 158, loss 0.014636
| iteration 4580 / 10000, epoch 158, loss 0.004373
| iteration 4600 / 10000, epoch 159, loss 0.011381
| checking validation loss
The Validation Accuracy is 0.0
| validation loss 0.089257
| saving checkpoint
| iteration 4620 / 10000, epoch 160, loss 0.008427
| iteration 4640 / 10000, epoch 160, loss 0.003362
| checking validation loss
The Validation Accuracy is 0.0
| validation loss 0.152962
| saving checkpoint
| iteration 4660 / 10000, epoch 161, loss 0.017577
| iteration 4680 / 10000, epoch 162, loss 0.006018
| iteration 4700 / 10000, epoch 163, loss 0.094785
| checking validation loss
The Validation Accuracy is 0.0
| validation loss 0.160659
| saving checkpoint
| iteration 4720 / 10000, epoch 163, loss 0.023542
| iteration 4740 / 10000, epoch 164, loss 0.007819
| checking validation loss
The Validation Accuracy is 0.0
| validation loss 0.129757
| saving checkpoint
| iteration 4760 / 10000, epoch 165, loss 0.009848
| iteration 4780 / 10000, epoch 165, loss 0.013397
| iteration 4800 / 10000, epoch 166, loss 0.198045
| checking validation loss
The Validation Accuracy is 0.0
| validation loss 0.247017
| saving checkpoint
| iteration 4820 / 10000, epoch 167, loss 0.006960
| iteration 4840 / 10000, epoch 167, loss 0.047358
| checking validation loss
The Validation Accuracy is 0.0
| validation loss 0.253108
| saving checkpoint
| iteration 4860 / 10000, epoch 168, loss 0.008661
| iteration 4880 / 10000, epoch 169, loss 0.025117
| iteration 4900 / 10000, epoch 169, loss 0.037417
| checking validation loss
The Validation Accuracy is 0.0
| validation loss 0.350892
| saving checkpoint
| iteration 4920 / 10000, epoch 170, loss 0.022921
| iteration 4940 / 10000, epoch 171, loss 0.017139
| checking validation loss
The Validation Accuracy is 0.0
| validation loss 0.182285
| saving checkpoint
| iteration 4960 / 10000, epoch 172, loss 0.019317
| iteration 4980 / 10000, epoch 172, loss 0.007891
| iteration 5000 / 10000, epoch 173, loss 0.023451
| checking validation loss
The Validation Accuracy is 0.0
| validation loss 0.127320
| saving checkpoint
| iteration 5020 / 10000, epoch 174, loss 0.005616
| iteration 5040 / 10000, epoch 174, loss 0.003277
| checking validation loss
The Validation Accuracy is 0.0
| validation loss 0.110908
| saving checkpoint
| iteration 5060 / 10000, epoch 175, loss 0.002988
| iteration 5080 / 10000, epoch 176, loss 0.002363
| iteration 5100 / 10000, epoch 176, loss 0.003363
| checking validation loss
The Validation Accuracy is 0.0
| validation loss 0.095684
| saving checkpoint
| iteration 5120 / 10000, epoch 177, loss 0.008745
| iteration 5140 / 10000, epoch 178, loss 0.005430
| checking validation loss
The Validation Accuracy is 0.0
| validation loss 0.082136
| saving checkpoint
| iteration 5160 / 10000, epoch 178, loss 0.004783
| iteration 5180 / 10000, epoch 179, loss 0.015660
| iteration 5200 / 10000, epoch 180, loss 0.006594
| checking validation loss
The Validation Accuracy is 0.0
| validation loss 0.099732
| saving checkpoint
| iteration 5220 / 10000, epoch 180, loss 0.002567
| iteration 5240 / 10000, epoch 181, loss 0.002455
| checking validation loss
The Validation Accuracy is 0.0
| validation loss 0.122305
| saving checkpoint
| iteration 5260 / 10000, epoch 182, loss 0.001648
| iteration 5280 / 10000, epoch 183, loss 0.074106
| iteration 5300 / 10000, epoch 183, loss 0.010693
| checking validation loss
The Validation Accuracy is 0.0
| validation loss 0.174245
| saving checkpoint
| iteration 5320 / 10000, epoch 184, loss 0.005882
| iteration 5340 / 10000, epoch 185, loss 0.003277
| checking validation loss
The Validation Accuracy is 0.0
| validation loss 0.177438
| saving checkpoint
| iteration 5360 / 10000, epoch 185, loss 0.002143
| iteration 5380 / 10000, epoch 186, loss 0.007421
| iteration 5400 / 10000, epoch 187, loss 0.000272
| checking validation loss
The Validation Accuracy is 0.0
| validation loss 0.125026
| saving checkpoint
| iteration 5420 / 10000, epoch 187, loss 0.004004
| iteration 5440 / 10000, epoch 188, loss 0.006243
| checking validation loss
The Validation Accuracy is 0.0
| validation loss 0.184412
| saving checkpoint
| iteration 5460 / 10000, epoch 189, loss 0.003035
| iteration 5480 / 10000, epoch 189, loss 0.002009
| iteration 5500 / 10000, epoch 190, loss 0.003608
| checking validation loss
The Validation Accuracy is 0.0
| validation loss 0.111967
| saving checkpoint
| iteration 5520 / 10000, epoch 191, loss 0.001387
| iteration 5540 / 10000, epoch 192, loss 0.001633
| checking validation loss
The Validation Accuracy is 0.0
| validation loss 0.106642
| saving checkpoint
| iteration 5560 / 10000, epoch 192, loss 0.003737
| iteration 5580 / 10000, epoch 193, loss 0.003117
| iteration 5600 / 10000, epoch 194, loss 0.001968
| checking validation loss
The Validation Accuracy is 0.0
| validation loss 0.096037
| saving checkpoint
| iteration 5620 / 10000, epoch 194, loss 0.002254
| iteration 5640 / 10000, epoch 195, loss 0.002147
| checking validation loss
The Validation Accuracy is 0.0
| validation loss 0.097614
| saving checkpoint
| iteration 5660 / 10000, epoch 196, loss 0.010374
| iteration 5680 / 10000, epoch 196, loss 0.004952
| iteration 5700 / 10000, epoch 197, loss 0.008145
| checking validation loss
The Validation Accuracy is 0.0
| validation loss 0.201752
| saving checkpoint
| iteration 5720 / 10000, epoch 198, loss 0.002937
| iteration 5740 / 10000, epoch 198, loss 0.004055
| checking validation loss
The Validation Accuracy is 0.0
| validation loss 0.121620
| saving checkpoint
| iteration 5760 / 10000, epoch 199, loss 0.012464
| iteration 5780 / 10000, epoch 200, loss 0.007156
| iteration 5800 / 10000, epoch 200, loss 0.001880
| checking validation loss
The Validation Accuracy is 0.0
| validation loss 0.062066
| best model
| saving checkpoint
| iteration 5820 / 10000, epoch 201, loss 0.007802
| iteration 5840 / 10000, epoch 202, loss 0.008282
| checking validation loss
The Validation Accuracy is 0.0
| validation loss 0.090059
| saving checkpoint
| iteration 5860 / 10000, epoch 203, loss 0.044000
| iteration 5880 / 10000, epoch 203, loss 0.005399
| iteration 5900 / 10000, epoch 204, loss 0.004172
| checking validation loss
The Validation Accuracy is 0.0
| validation loss 0.251525
| saving checkpoint
| iteration 5920 / 10000, epoch 205, loss 0.001309
| iteration 5940 / 10000, epoch 205, loss 0.000689
| checking validation loss
The Validation Accuracy is 0.0
| validation loss 0.087913
| saving checkpoint
| iteration 5960 / 10000, epoch 206, loss 0.005046
| iteration 5980 / 10000, epoch 207, loss 0.002965
| iteration 6000 / 10000, epoch 207, loss 0.000726
| checking validation loss
The Validation Accuracy is 0.0
| validation loss 0.079133
| saving checkpoint
| iteration 6020 / 10000, epoch 208, loss 0.004765
| iteration 6040 / 10000, epoch 209, loss 0.000978
| checking validation loss
The Validation Accuracy is 0.0
| validation loss 0.152153
| saving checkpoint
| iteration 6060 / 10000, epoch 209, loss 0.000904
| iteration 6080 / 10000, epoch 210, loss 0.001576
| iteration 6100 / 10000, epoch 211, loss 0.003231
| checking validation loss
The Validation Accuracy is 0.0
| validation loss 1.208164
| saving checkpoint
| iteration 6120 / 10000, epoch 212, loss 0.002746
| iteration 6140 / 10000, epoch 212, loss 0.002694
| checking validation loss
The Validation Accuracy is 0.0
| validation loss 0.113153
| saving checkpoint
| iteration 6160 / 10000, epoch 213, loss 0.008496
| iteration 6180 / 10000, epoch 214, loss 0.007390
| iteration 6200 / 10000, epoch 214, loss 0.001053
| checking validation loss
The Validation Accuracy is 0.0
| validation loss 0.138261
| saving checkpoint
| iteration 6220 / 10000, epoch 215, loss 0.011243
| iteration 6240 / 10000, epoch 216, loss 0.009287
| checking validation loss
The Validation Accuracy is 0.0
| validation loss 0.210310
| saving checkpoint
| iteration 6260 / 10000, epoch 216, loss 0.005831
| iteration 6280 / 10000, epoch 217, loss 0.005298
| iteration 6300 / 10000, epoch 218, loss 0.031634
| checking validation loss
The Validation Accuracy is 0.0
| validation loss 0.257389
| saving checkpoint
| iteration 6320 / 10000, epoch 218, loss 0.009040
| iteration 6340 / 10000, epoch 219, loss 0.034023
| checking validation loss
The Validation Accuracy is 0.0
| validation loss 0.187707
| saving checkpoint
| iteration 6360 / 10000, epoch 220, loss 0.018530
| iteration 6380 / 10000, epoch 220, loss 0.048554
| iteration 6400 / 10000, epoch 221, loss 0.015771
| checking validation loss
The Validation Accuracy is 0.0
| validation loss 0.279978
| saving checkpoint
| iteration 6420 / 10000, epoch 222, loss 0.021568
| iteration 6440 / 10000, epoch 223, loss 0.175748
| checking validation loss
The Validation Accuracy is 0.0
| validation loss 2.164555
| saving checkpoint
| iteration 6460 / 10000, epoch 223, loss 0.018723
| iteration 6480 / 10000, epoch 224, loss 0.027444
| iteration 6500 / 10000, epoch 225, loss 0.097728
| checking validation loss
The Validation Accuracy is 0.0
| validation loss 0.428611
| saving checkpoint
| iteration 6520 / 10000, epoch 225, loss 0.017567
| iteration 6540 / 10000, epoch 226, loss 0.096808
| checking validation loss
The Validation Accuracy is 0.0
| validation loss 0.542741
| saving checkpoint
| iteration 6560 / 10000, epoch 227, loss 0.002733
| iteration 6580 / 10000, epoch 227, loss 0.005566
| iteration 6600 / 10000, epoch 228, loss 0.001428
| checking validation loss
The Validation Accuracy is 0.0
| validation loss 0.128937
| saving checkpoint
| iteration 6620 / 10000, epoch 229, loss 0.004027
| iteration 6640 / 10000, epoch 229, loss 0.002683
| checking validation loss
The Validation Accuracy is 0.0
| validation loss 0.106512
| saving checkpoint
| iteration 6660 / 10000, epoch 230, loss 0.001541
| iteration 6680 / 10000, epoch 231, loss 0.000681
| iteration 6700 / 10000, epoch 232, loss 0.000863
| checking validation loss
The Validation Accuracy is 0.0
| validation loss 0.106770
| saving checkpoint
| iteration 6720 / 10000, epoch 232, loss 0.003877
| iteration 6740 / 10000, epoch 233, loss 0.003264
| checking validation loss
The Validation Accuracy is 0.0
| validation loss 0.132028
| saving checkpoint
| iteration 6760 / 10000, epoch 234, loss 0.002852
| iteration 6780 / 10000, epoch 234, loss 0.001105
| iteration 6800 / 10000, epoch 235, loss 0.004565
| checking validation loss
The Validation Accuracy is 0.0
| validation loss 0.089704
| saving checkpoint
| iteration 6820 / 10000, epoch 236, loss 0.006384
| iteration 6840 / 10000, epoch 236, loss 0.002272
| checking validation loss
The Validation Accuracy is 0.0
| validation loss 0.096071
| saving checkpoint
| iteration 6860 / 10000, epoch 237, loss 0.004516
| iteration 6880 / 10000, epoch 238, loss 0.002642
| iteration 6900 / 10000, epoch 238, loss 0.010523
| checking validation loss
The Validation Accuracy is 0.0
| validation loss 0.092978
| saving checkpoint
| iteration 6920 / 10000, epoch 239, loss 0.005840
| iteration 6940 / 10000, epoch 240, loss 0.006072
| checking validation loss
The Validation Accuracy is 0.0
| validation loss 0.130373
| saving checkpoint
| iteration 6960 / 10000, epoch 240, loss 0.001223
| iteration 6980 / 10000, epoch 241, loss 0.000961
| iteration 7000 / 10000, epoch 242, loss 0.000977
| checking validation loss
The Validation Accuracy is 0.0
| validation loss 0.117890
| saving checkpoint
| iteration 7020 / 10000, epoch 243, loss 0.011979
| iteration 7040 / 10000, epoch 243, loss 0.002846
| checking validation loss
The Validation Accuracy is 0.0
| validation loss 0.095227
| saving checkpoint
| iteration 7060 / 10000, epoch 244, loss 0.001780
| iteration 7080 / 10000, epoch 245, loss 0.001289
| iteration 7100 / 10000, epoch 245, loss 0.002429
| checking validation loss
The Validation Accuracy is 0.0
| validation loss 0.146244
| saving checkpoint
| iteration 7120 / 10000, epoch 246, loss 0.016300
| iteration 7140 / 10000, epoch 247, loss 0.000665
| checking validation loss
The Validation Accuracy is 0.0
| validation loss 0.092889
| saving checkpoint
| iteration 7160 / 10000, epoch 247, loss 0.002059
| iteration 7180 / 10000, epoch 248, loss 0.001872
| iteration 7200 / 10000, epoch 249, loss 0.001031
| checking validation loss
The Validation Accuracy is 0.0
| validation loss 0.095008
| saving checkpoint
| iteration 7220 / 10000, epoch 249, loss 0.005625
| iteration 7240 / 10000, epoch 250, loss 0.001379
| checking validation loss
The Validation Accuracy is 0.0
| validation loss 0.098988
| saving checkpoint
| iteration 7260 / 10000, epoch 251, loss 0.001308
| iteration 7280 / 10000, epoch 252, loss 0.003425
| iteration 7300 / 10000, epoch 252, loss 0.001370
| checking validation loss
The Validation Accuracy is 0.0
| validation loss 0.094583
| saving checkpoint
| iteration 7320 / 10000, epoch 253, loss 0.006219
| iteration 7340 / 10000, epoch 254, loss 0.000299
| checking validation loss
The Validation Accuracy is 0.0
| validation loss 0.075193
| saving checkpoint
| iteration 7360 / 10000, epoch 254, loss 0.000691
| iteration 7380 / 10000, epoch 255, loss 0.001694
| iteration 7400 / 10000, epoch 256, loss 0.004126
| checking validation loss
The Validation Accuracy is 0.0
| validation loss 0.094780
| saving checkpoint
| iteration 7420 / 10000, epoch 256, loss 0.001234
| iteration 7440 / 10000, epoch 257, loss 0.001596
| checking validation loss
The Validation Accuracy is 0.0
| validation loss 0.086428
| saving checkpoint
| iteration 7460 / 10000, epoch 258, loss 0.002665
| iteration 7480 / 10000, epoch 258, loss 0.001990
| iteration 7500 / 10000, epoch 259, loss 0.006998
| checking validation loss
The Validation Accuracy is 0.0
| validation loss 0.117708
| saving checkpoint
| iteration 7520 / 10000, epoch 260, loss 0.000824
| iteration 7540 / 10000, epoch 260, loss 0.010284
| checking validation loss
The Validation Accuracy is 0.0
| validation loss 0.074955
| saving checkpoint
| iteration 7560 / 10000, epoch 261, loss 0.002921
| iteration 7580 / 10000, epoch 262, loss 0.001440
| iteration 7600 / 10000, epoch 263, loss 0.009736
| checking validation loss
The Validation Accuracy is 0.0
| validation loss 0.098596
| saving checkpoint
| iteration 7620 / 10000, epoch 263, loss 0.013337
| iteration 7640 / 10000, epoch 264, loss 0.002294
| checking validation loss
The Validation Accuracy is 0.0
| validation loss 0.101469
| saving checkpoint
| iteration 7660 / 10000, epoch 265, loss 0.003509
| iteration 7680 / 10000, epoch 265, loss 0.019579
| iteration 7700 / 10000, epoch 266, loss 0.071625
| checking validation loss
The Validation Accuracy is 0.0
| validation loss 0.207440
| saving checkpoint
| iteration 7720 / 10000, epoch 267, loss 0.015408
| iteration 7740 / 10000, epoch 267, loss 0.126243
| checking validation loss
The Validation Accuracy is 0.0
| validation loss 0.508183
| saving checkpoint
| iteration 7760 / 10000, epoch 268, loss 0.021860
| iteration 7780 / 10000, epoch 269, loss 0.008347
| iteration 7800 / 10000, epoch 269, loss 0.004742
| checking validation loss
The Validation Accuracy is 0.0
| validation loss 0.297585
| saving checkpoint
| iteration 7820 / 10000, epoch 270, loss 0.012149
| iteration 7840 / 10000, epoch 271, loss 0.007286
| checking validation loss
The Validation Accuracy is 0.0
| validation loss 0.219947
| saving checkpoint
| iteration 7860 / 10000, epoch 272, loss 0.005103
| iteration 7880 / 10000, epoch 272, loss 0.008867
| iteration 7900 / 10000, epoch 273, loss 0.005157
| checking validation loss
The Validation Accuracy is 0.0
| validation loss 0.190060
| saving checkpoint
| iteration 7920 / 10000, epoch 274, loss 0.002517
| iteration 7940 / 10000, epoch 274, loss 0.002480
| checking validation loss
The Validation Accuracy is 0.0
| validation loss 0.172870
| saving checkpoint
| iteration 7960 / 10000, epoch 275, loss 0.005471
| iteration 7980 / 10000, epoch 276, loss 0.006857
| iteration 8000 / 10000, epoch 276, loss 0.003895
| checking validation loss
The Validation Accuracy is 0.0
| validation loss 0.074961
| saving checkpoint
| iteration 8020 / 10000, epoch 277, loss 0.001922
| iteration 8040 / 10000, epoch 278, loss 0.003686
| checking validation loss
The Validation Accuracy is 0.0
| validation loss 0.140373
| saving checkpoint
| iteration 8060 / 10000, epoch 278, loss 0.006335
| iteration 8080 / 10000, epoch 279, loss 0.007682
| iteration 8100 / 10000, epoch 280, loss 0.003969
| checking validation loss
The Validation Accuracy is 0.0
| validation loss 0.118992
| saving checkpoint
| iteration 8120 / 10000, epoch 280, loss 0.001561
| iteration 8140 / 10000, epoch 281, loss 0.002108
| checking validation loss
The Validation Accuracy is 0.0
| validation loss 0.073974
| saving checkpoint
| iteration 8160 / 10000, epoch 282, loss 0.001155
| iteration 8180 / 10000, epoch 283, loss 0.008378
| iteration 8200 / 10000, epoch 283, loss 0.002841
| checking validation loss
The Validation Accuracy is 0.0
| validation loss 0.080513
| saving checkpoint
| iteration 8220 / 10000, epoch 284, loss 0.001413
| iteration 8240 / 10000, epoch 285, loss 0.001282
| checking validation loss
The Validation Accuracy is 0.0
| validation loss 0.073949
| saving checkpoint
| iteration 8260 / 10000, epoch 285, loss 0.002056
| iteration 8280 / 10000, epoch 286, loss 0.000735
| iteration 8300 / 10000, epoch 287, loss 0.001073
| checking validation loss
The Validation Accuracy is 0.0
| validation loss 0.074167
| saving checkpoint
| iteration 8320 / 10000, epoch 287, loss 0.000594
| iteration 8340 / 10000, epoch 288, loss 0.001515
| checking validation loss
The Validation Accuracy is 0.0
| validation loss 0.077320
| saving checkpoint
| iteration 8360 / 10000, epoch 289, loss 0.001277
| iteration 8380 / 10000, epoch 289, loss 0.000850
| iteration 8400 / 10000, epoch 290, loss 0.001062
| checking validation loss
The Validation Accuracy is 0.0
| validation loss 0.117832
| saving checkpoint
| iteration 8420 / 10000, epoch 291, loss 0.001615
| iteration 8440 / 10000, epoch 292, loss 0.000296
| checking validation loss
The Validation Accuracy is 0.0
| validation loss 0.061609
| best model
| saving checkpoint
| iteration 8460 / 10000, epoch 292, loss 0.000271
| iteration 8480 / 10000, epoch 293, loss 0.003116
| iteration 8500 / 10000, epoch 294, loss 0.002085
| checking validation loss
The Validation Accuracy is 0.0
| validation loss 0.089887
| saving checkpoint
| iteration 8520 / 10000, epoch 294, loss 0.000843
| iteration 8540 / 10000, epoch 295, loss 0.002062
| checking validation loss
The Validation Accuracy is 0.0
| validation loss 0.073311
| saving checkpoint
| iteration 8560 / 10000, epoch 296, loss 0.001032
| iteration 8580 / 10000, epoch 296, loss 0.000758
| iteration 8600 / 10000, epoch 297, loss 0.001067
| checking validation loss
The Validation Accuracy is 0.0
| validation loss 0.093649
| saving checkpoint
| iteration 8620 / 10000, epoch 298, loss 0.001986
| iteration 8640 / 10000, epoch 298, loss 0.001007
| checking validation loss
The Validation Accuracy is 0.0
| validation loss 0.075349
| saving checkpoint
| iteration 8660 / 10000, epoch 299, loss 0.001033
| iteration 8680 / 10000, epoch 300, loss 0.000704
| iteration 8700 / 10000, epoch 300, loss 0.000633
| checking validation loss
The Validation Accuracy is 0.0
| validation loss 0.069467
| saving checkpoint
| iteration 8720 / 10000, epoch 301, loss 0.000798
| iteration 8740 / 10000, epoch 302, loss 0.000692
| checking validation loss
The Validation Accuracy is 0.0
| validation loss 0.069023
| saving checkpoint
| iteration 8760 / 10000, epoch 303, loss 0.008866
| iteration 8780 / 10000, epoch 303, loss 0.003665
| iteration 8800 / 10000, epoch 304, loss 0.000434
| checking validation loss
The Validation Accuracy is 0.0
| validation loss 0.057693
| best model
| saving checkpoint
| iteration 8820 / 10000, epoch 305, loss 0.007319
| iteration 8840 / 10000, epoch 305, loss 0.006926
| checking validation loss
The Validation Accuracy is 0.0
| validation loss 0.112558
| saving checkpoint
| iteration 8860 / 10000, epoch 306, loss 0.014106
| iteration 8880 / 10000, epoch 307, loss 0.000700
| iteration 8900 / 10000, epoch 307, loss 0.001123
| checking validation loss
The Validation Accuracy is 0.0
| validation loss 0.103475
| saving checkpoint
| iteration 8920 / 10000, epoch 308, loss 0.001632
| iteration 8940 / 10000, epoch 309, loss 0.001568
| checking validation loss
The Validation Accuracy is 0.0
| validation loss 0.103247
| saving checkpoint
| iteration 8960 / 10000, epoch 309, loss 0.002020
| iteration 8980 / 10000, epoch 310, loss 0.001100
| iteration 9000 / 10000, epoch 311, loss 0.000821
| checking validation loss
The Validation Accuracy is 0.0
| validation loss 0.120503
| saving checkpoint
| iteration 9020 / 10000, epoch 312, loss 0.000527
| iteration 9040 / 10000, epoch 312, loss 0.002980
| checking validation loss
The Validation Accuracy is 0.0
| validation loss 0.084208
| saving checkpoint
| iteration 9060 / 10000, epoch 313, loss 0.005154
| iteration 9080 / 10000, epoch 314, loss 0.001279
| iteration 9100 / 10000, epoch 314, loss 0.002899
| checking validation loss
The Validation Accuracy is 0.0
| validation loss 0.143930
| saving checkpoint
| iteration 9120 / 10000, epoch 315, loss 0.009559
| iteration 9140 / 10000, epoch 316, loss 0.001280
| checking validation loss
The Validation Accuracy is 0.0
| validation loss 0.236014
| saving checkpoint
| iteration 9160 / 10000, epoch 316, loss 0.001907
| iteration 9180 / 10000, epoch 317, loss 0.003366
| iteration 9200 / 10000, epoch 318, loss 0.007572
| checking validation loss
The Validation Accuracy is 0.0
| validation loss 0.133858
| saving checkpoint
| iteration 9220 / 10000, epoch 318, loss 0.004196
| iteration 9240 / 10000, epoch 319, loss 0.013200
| checking validation loss
The Validation Accuracy is 0.0
| validation loss 0.093161
| saving checkpoint
| iteration 9260 / 10000, epoch 320, loss 0.006805
| iteration 9280 / 10000, epoch 320, loss 0.001512
| iteration 9300 / 10000, epoch 321, loss 0.002883
| checking validation loss
The Validation Accuracy is 0.0
| validation loss 0.161940
| saving checkpoint
| iteration 9320 / 10000, epoch 322, loss 0.004512
| iteration 9340 / 10000, epoch 323, loss 0.048647
| checking validation loss
The Validation Accuracy is 0.0
| validation loss 0.137937
| saving checkpoint
| iteration 9360 / 10000, epoch 323, loss 0.023543
| iteration 9380 / 10000, epoch 324, loss 0.003528
| iteration 9400 / 10000, epoch 325, loss 0.005657
| checking validation loss
The Validation Accuracy is 0.0
| validation loss 0.252737
| saving checkpoint
| iteration 9420 / 10000, epoch 325, loss 0.006524
| iteration 9440 / 10000, epoch 326, loss 0.048119
| checking validation loss
The Validation Accuracy is 0.0
| validation loss 2.050400
| saving checkpoint
| iteration 9460 / 10000, epoch 327, loss 0.009677
| iteration 9480 / 10000, epoch 327, loss 0.002589
| iteration 9500 / 10000, epoch 328, loss 0.002540
| checking validation loss
The Validation Accuracy is 0.0
| validation loss 0.065210
| saving checkpoint
| iteration 9520 / 10000, epoch 329, loss 0.001126
| iteration 9540 / 10000, epoch 329, loss 0.022139
| checking validation loss
The Validation Accuracy is 0.0
| validation loss 0.299740
| saving checkpoint
| iteration 9560 / 10000, epoch 330, loss 0.016315
| iteration 9580 / 10000, epoch 331, loss 0.002032
| iteration 9600 / 10000, epoch 332, loss 0.003909
| checking validation loss
The Validation Accuracy is 0.0
| validation loss 0.147593
| saving checkpoint
| iteration 9620 / 10000, epoch 332, loss 0.002529
| iteration 9640 / 10000, epoch 333, loss 0.044860
| checking validation loss
The Validation Accuracy is 0.0
| validation loss 0.306709
| saving checkpoint
| iteration 9660 / 10000, epoch 334, loss 0.002743
| iteration 9680 / 10000, epoch 334, loss 0.002438
| iteration 9700 / 10000, epoch 335, loss 0.004608
| checking validation loss
The Validation Accuracy is 0.0
| validation loss 0.113290
| saving checkpoint
| iteration 9720 / 10000, epoch 336, loss 0.002612
| iteration 9740 / 10000, epoch 336, loss 0.002474
| checking validation loss
The Validation Accuracy is 0.0
| validation loss 0.069902
| saving checkpoint
| iteration 9760 / 10000, epoch 337, loss 0.002700
| iteration 9780 / 10000, epoch 338, loss 0.001595
| iteration 9800 / 10000, epoch 338, loss 0.009337
| checking validation loss
The Validation Accuracy is 0.0
| validation loss 0.083990
| saving checkpoint
| iteration 9820 / 10000, epoch 339, loss 0.002315
| iteration 9840 / 10000, epoch 340, loss 0.009776
| checking validation loss
The Validation Accuracy is 0.0
| validation loss 0.124865
| saving checkpoint
| iteration 9860 / 10000, epoch 340, loss 0.001086
| iteration 9880 / 10000, epoch 341, loss 0.000969
| iteration 9900 / 10000, epoch 342, loss 0.002639
| checking validation loss
The Validation Accuracy is 0.0
| validation loss 0.090335
| saving checkpoint
| iteration 9920 / 10000, epoch 343, loss 0.014867
| iteration 9940 / 10000, epoch 343, loss 0.003798
| checking validation loss
The Validation Accuracy is 0.0
| validation loss 0.084573
| saving checkpoint
| iteration 9960 / 10000, epoch 344, loss 0.003114
| iteration 9980 / 10000, epoch 345, loss 0.000729
| iteration 10000 / 10000, epoch 345, loss 0.001595
| checking validation loss
The Validation Accuracy is 0.0
| validation loss 0.086953
| saving checkpoint
*****************************************
Setting OMP_NUM_THREADS environment variable for each process to be 1 in default, to avoid your system being overloaded, please further tune the variable for optimal performance in your application as needed. 
*****************************************
